[ 2017-01-03T08:10:12+08:00 ] ::1 /TP3.2.3pykj/index.php/Home/Index/index
INFO: [ app_init ] --START--
INFO: Run Behavior\BuildLiteBehavior [ RunTime:0.000086s ]
INFO: [ app_init ] --END-- [ RunTime:0.002419s ]

[ 2017-01-03T08:10:50+08:00 ] ::1 /TP3.2.3pykj/index.php/Home/Index/home?
INFO: [ app_init ] --START--
INFO: Run Behavior\BuildLiteBehavior [ RunTime:0.000086s ]
INFO: [ app_init ] --END-- [ RunTime:0.001719s ]

[ 2017-01-03T08:21:22+08:00 ] ::1 /TP3.2.3pykj/index.php/Home/Index/blog-list.html
INFO: [ app_init ] --START--
INFO: Run Behavior\BuildLiteBehavior [ RunTime:0.000044s ]
INFO: [ app_init ] --END-- [ RunTime:0.001334s ]
ERR: 非法操作:blog-list

[ 2017-01-03T08:21:27+08:00 ] ::1 /TP3.2.3pykj/index.php/Home/Index/blog-list.html
INFO: [ app_init ] --START--
INFO: Run Behavior\BuildLiteBehavior [ RunTime:0.000034s ]
INFO: [ app_init ] --END-- [ RunTime:0.000603s ]
ERR: 非法操作:blog-list

[ 2017-01-03T08:22:21+08:00 ] ::1 /TP3.2.3pykj/index.php/Home/Index/home?
INFO: [ app_init ] --START--
INFO: Run Behavior\BuildLiteBehavior [ RunTime:0.000044s ]
INFO: [ app_init ] --END-- [ RunTime:0.001019s ]

[ 2017-01-03T08:22:23+08:00 ] ::1 /TP3.2.3pykj/index.php/Home/Index/home?
INFO: [ app_init ] --START--
INFO: Run Behavior\BuildLiteBehavior [ RunTime:0.000073s ]
INFO: [ app_init ] --END-- [ RunTime:0.001364s ]

[ 2017-01-03T08:22:24+08:00 ] ::1 /TP3.2.3pykj/index.php/Home/Index/home?
INFO: [ app_init ] --START--
INFO: Run Behavior\BuildLiteBehavior [ RunTime:0.000078s ]
INFO: [ app_init ] --END-- [ RunTime:0.001489s ]

[ 2017-01-03T08:22:26+08:00 ] ::1 /TP3.2.3pykj/index.php/Home/Index/home?
INFO: [ app_init ] --START--
INFO: Run Behavior\BuildLiteBehavior [ RunTime:0.000038s ]
INFO: [ app_init ] --END-- [ RunTime:0.000739s ]

[ 2017-01-03T08:22:27+08:00 ] ::1 /TP3.2.3pykj/index.php/Home/Index/home?
INFO: [ app_init ] --START--
INFO: Run Behavior\BuildLiteBehavior [ RunTime:0.000036s ]
INFO: [ app_init ] --END-- [ RunTime:0.000727s ]

[ 2017-01-03T08:22:29+08:00 ] ::1 /TP3.2.3pykj/index.php/Home/Index/home?
INFO: [ app_init ] --START--
INFO: Run Behavior\BuildLiteBehavior [ RunTime:0.000073s ]
INFO: [ app_init ] --END-- [ RunTime:0.001412s ]

[ 2017-01-03T08:58:37+08:00 ] ::1 /TP3.2.3pykj/index.php/Home/Index/home?
INFO: [ app_init ] --START--
INFO: Run Behavior\BuildLiteBehavior [ RunTime:0.000035s ]
INFO: [ app_init ] --END-- [ RunTime:0.001260s ]

[ 2017-01-03T08:59:34+08:00 ] ::1 /TP3.2.3pykj/index.php/Home/Index/home?
INFO: [ app_init ] --START--
INFO: Run Behavior\BuildLiteBehavior [ RunTime:0.000033s ]
INFO: [ app_init ] --END-- [ RunTime:0.000965s ]

[ 2017-01-03T09:00:21+08:00 ] ::1 /TP3.2.3pykj/index.php/Home/Index/home?
INFO: [ app_init ] --START--
INFO: Run Behavior\BuildLiteBehavior [ RunTime:0.000058s ]
INFO: [ app_init ] --END-- [ RunTime:0.000986s ]

[ 2017-01-03T09:02:05+08:00 ] ::1 /TP3.2.3pykj/index.php/Home/Index/home?
INFO: [ app_init ] --START--
INFO: Run Behavior\BuildLiteBehavior [ RunTime:0.000030s ]
INFO: [ app_init ] --END-- [ RunTime:0.000595s ]

[ 2017-01-03T09:02:36+08:00 ] ::1 /TP3.2.3pykj/index.php/Home/Index/home?
INFO: [ app_init ] --START--
INFO: Run Behavior\BuildLiteBehavior [ RunTime:0.000030s ]
INFO: [ app_init ] --END-- [ RunTime:0.000574s ]

[ 2017-01-03T09:02:45+08:00 ] ::1 /TP3.2.3pykj/index.php/Home/Index/home?
INFO: [ app_init ] --START--
INFO: Run Behavior\BuildLiteBehavior [ RunTime:0.000030s ]
INFO: [ app_init ] --END-- [ RunTime:0.000578s ]

[ 2017-01-03T09:02:58+08:00 ] ::1 /TP3.2.3pykj/index.php/Home/Index/home?
INFO: [ app_init ] --START--
INFO: Run Behavior\BuildLiteBehavior [ RunTime:0.000054s ]
INFO: [ app_init ] --END-- [ RunTime:0.000735s ]

[ 2017-01-03T09:03:06+08:00 ] ::1 /TP3.2.3pykj/index.php/Home/Index/home?
INFO: [ app_init ] --START--
INFO: Run Behavior\BuildLiteBehavior [ RunTime:0.000031s ]
INFO: [ app_init ] --END-- [ RunTime:0.000598s ]

[ 2017-01-03T09:03:45+08:00 ] ::1 /TP3.2.3pykj/index.php/Home/Index/home?
INFO: [ app_init ] --START--
INFO: Run Behavior\BuildLiteBehavior [ RunTime:0.000032s ]
INFO: [ app_init ] --END-- [ RunTime:0.000864s ]

[ 2017-01-03T09:04:05+08:00 ] ::1 /TP3.2.3pykj/index.php/Home/Index/home?
INFO: [ app_init ] --START--
INFO: Run Behavior\BuildLiteBehavior [ RunTime:0.000033s ]
INFO: [ app_init ] --END-- [ RunTime:0.000555s ]

[ 2017-01-03T09:04:15+08:00 ] ::1 /TP3.2.3pykj/index.php/Home/Index/home?
INFO: [ app_init ] --START--
INFO: Run Behavior\BuildLiteBehavior [ RunTime:0.000030s ]
INFO: [ app_init ] --END-- [ RunTime:0.000529s ]

[ 2017-01-03T09:04:32+08:00 ] ::1 /TP3.2.3pykj/index.php/Home/Index/home?
INFO: [ app_init ] --START--
INFO: Run Behavior\BuildLiteBehavior [ RunTime:0.000038s ]
INFO: [ app_init ] --END-- [ RunTime:0.000861s ]

[ 2017-01-03T09:04:43+08:00 ] ::1 /TP3.2.3pykj/index.php/Home/Index/home?
INFO: [ app_init ] --START--
INFO: Run Behavior\BuildLiteBehavior [ RunTime:0.000033s ]
INFO: [ app_init ] --END-- [ RunTime:0.000596s ]

[ 2017-01-03T09:04:51+08:00 ] ::1 /TP3.2.3pykj/index.php/Home/Index/home?
INFO: [ app_init ] --START--
INFO: Run Behavior\BuildLiteBehavior [ RunTime:0.000050s ]
INFO: [ app_init ] --END-- [ RunTime:0.000648s ]

[ 2017-01-03T09:05:46+08:00 ] ::1 /TP3.2.3pykj/index.php/Home/Index/home?
INFO: [ app_init ] --START--
INFO: Run Behavior\BuildLiteBehavior [ RunTime:0.000053s ]
INFO: [ app_init ] --END-- [ RunTime:0.000869s ]

[ 2017-01-03T09:05:53+08:00 ] ::1 /TP3.2.3pykj/index.php/Home/Index/home?
INFO: [ app_init ] --START--
INFO: Run Behavior\BuildLiteBehavior [ RunTime:0.000058s ]
INFO: [ app_init ] --END-- [ RunTime:0.001344s ]

[ 2017-01-03T09:08:07+08:00 ] ::1 /TP3.2.3pykj/index.php/Home/Index/home?
INFO: [ app_init ] --START--
INFO: Run Behavior\BuildLiteBehavior [ RunTime:0.000066s ]
INFO: [ app_init ] --END-- [ RunTime:0.000871s ]

[ 2017-01-03T09:08:19+08:00 ] ::1 /TP3.2.3pykj/index.php/Home/Index/home?
INFO: [ app_init ] --START--
INFO: Run Behavior\BuildLiteBehavior [ RunTime:0.000054s ]
INFO: [ app_init ] --END-- [ RunTime:0.000824s ]

[ 2017-01-03T09:08:26+08:00 ] ::1 /TP3.2.3pykj/index.php/Home/Index/home
INFO: [ app_init ] --START--
INFO: Run Behavior\BuildLiteBehavior [ RunTime:0.000030s ]
INFO: [ app_init ] --END-- [ RunTime:0.000570s ]

[ 2017-01-03T09:08:39+08:00 ] ::1 /TP3.2.3pykj/index.php/Home/Index/home
INFO: [ app_init ] --START--
INFO: Run Behavior\BuildLiteBehavior [ RunTime:0.000032s ]
INFO: [ app_init ] --END-- [ RunTime:0.000555s ]

[ 2017-01-03T09:08:44+08:00 ] ::1 /TP3.2.3pykj/index.php/Home/Index/home
INFO: [ app_init ] --START--
INFO: Run Behavior\BuildLiteBehavior [ RunTime:0.000060s ]
INFO: [ app_init ] --END-- [ RunTime:0.001494s ]

[ 2017-01-03T09:08:47+08:00 ] ::1 /TP3.2.3pykj/index.php/Home/Index/home
INFO: [ app_init ] --START--
INFO: Run Behavior\BuildLiteBehavior [ RunTime:0.000035s ]
INFO: [ app_init ] --END-- [ RunTime:0.000651s ]

[ 2017-01-03T09:08:52+08:00 ] ::1 /TP3.2.3pykj/index.php/Home/Index/home
INFO: [ app_init ] --START--
INFO: Run Behavior\BuildLiteBehavior [ RunTime:0.000030s ]
INFO: [ app_init ] --END-- [ RunTime:0.000569s ]

[ 2017-01-03T09:08:55+08:00 ] ::1 /TP3.2.3pykj/index.php/Home/Index/home
INFO: [ app_init ] --START--
INFO: Run Behavior\BuildLiteBehavior [ RunTime:0.000031s ]
INFO: [ app_init ] --END-- [ RunTime:0.000517s ]

[ 2017-01-03T09:09:24+08:00 ] ::1 /TP3.2.3pykj/index.php/Home/Index/home
INFO: [ app_init ] --START--
INFO: Run Behavior\BuildLiteBehavior [ RunTime:0.000032s ]
INFO: [ app_init ] --END-- [ RunTime:0.000560s ]

[ 2017-01-03T09:09:36+08:00 ] ::1 /TP3.2.3pykj/index.php/Home/Index/home
INFO: [ app_init ] --START--
INFO: Run Behavior\BuildLiteBehavior [ RunTime:0.000033s ]
INFO: [ app_init ] --END-- [ RunTime:0.000714s ]

[ 2017-01-03T09:10:21+08:00 ] ::1 /TP3.2.3pykj/index.php/Home/Index/home
INFO: [ app_init ] --START--
INFO: Run Behavior\BuildLiteBehavior [ RunTime:0.000079s ]
INFO: [ app_init ] --END-- [ RunTime:0.001059s ]

[ 2017-01-03T09:18:30+08:00 ] ::1 /TP3.2.3pykj/index.php/Home/Index/home
INFO: [ app_init ] --START--
INFO: Run Behavior\BuildLiteBehavior [ RunTime:0.000058s ]
INFO: [ app_init ] --END-- [ RunTime:0.001030s ]

[ 2017-01-03T09:21:39+08:00 ] ::1 /TP3.2.3pykj/index.php/Home/Index/home
INFO: [ app_init ] --START--
INFO: Run Behavior\BuildLiteBehavior [ RunTime:0.000060s ]
INFO: [ app_init ] --END-- [ RunTime:0.001025s ]

[ 2017-01-03T09:26:22+08:00 ] ::1 /TP3.2.3pykj/index.php/Home/Index/home
INFO: [ app_init ] --START--
INFO: Run Behavior\BuildLiteBehavior [ RunTime:0.000030s ]
INFO: [ app_init ] --END-- [ RunTime:0.000667s ]

[ 2017-01-03T09:30:59+08:00 ] ::1 /TP3.2.3pykj/index.php/Home/Index/home
INFO: [ app_init ] --START--
INFO: Run Behavior\BuildLiteBehavior [ RunTime:0.000050s ]
INFO: [ app_init ] --END-- [ RunTime:0.000951s ]

[ 2017-01-03T09:31:28+08:00 ] ::1 /TP3.2.3pykj/index.php/Home/Index/home
INFO: [ app_init ] --START--
INFO: Run Behavior\BuildLiteBehavior [ RunTime:0.000028s ]
INFO: [ app_init ] --END-- [ RunTime:0.000591s ]

[ 2017-01-03T09:31:30+08:00 ] ::1 /TP3.2.3pykj/index.php/Home/Index/home
INFO: [ app_init ] --START--
INFO: Run Behavior\BuildLiteBehavior [ RunTime:0.000032s ]
INFO: [ app_init ] --END-- [ RunTime:0.000628s ]

[ 2017-01-03T09:31:50+08:00 ] ::1 /TP3.2.3pykj/index.php/Home/Index/home
INFO: [ app_init ] --START--
INFO: Run Behavior\BuildLiteBehavior [ RunTime:0.000044s ]
INFO: [ app_init ] --END-- [ RunTime:0.001083s ]

[ 2017-01-03T09:33:53+08:00 ] ::1 /TP3.2.3pykj/index.php/Home/Index/home
INFO: [ app_init ] --START--
INFO: Run Behavior\BuildLiteBehavior [ RunTime:0.000035s ]
INFO: [ app_init ] --END-- [ RunTime:0.000646s ]

[ 2017-01-03T09:35:25+08:00 ] ::1 /TP3.2.3pykj/index.php/Home/Index/home
INFO: [ app_init ] --START--
INFO: Run Behavior\BuildLiteBehavior [ RunTime:0.000029s ]
INFO: [ app_init ] --END-- [ RunTime:0.000584s ]

[ 2017-01-03T09:36:47+08:00 ] ::1 /TP3.2.3pykj/index.php/Home/Index/home
INFO: [ app_init ] --START--
INFO: Run Behavior\BuildLiteBehavior [ RunTime:0.000032s ]
INFO: [ app_init ] --END-- [ RunTime:0.000656s ]

[ 2017-01-03T09:36:52+08:00 ] ::1 /TP3.2.3pykj/index.php/Home/Index/home
INFO: [ app_init ] --START--
INFO: Run Behavior\BuildLiteBehavior [ RunTime:0.000035s ]
INFO: [ app_init ] --END-- [ RunTime:0.000616s ]

[ 2017-01-03T09:36:55+08:00 ] ::1 /TP3.2.3pykj/index.php/Home/Index/home
INFO: [ app_init ] --START--
INFO: Run Behavior\BuildLiteBehavior [ RunTime:0.000065s ]
INFO: [ app_init ] --END-- [ RunTime:0.000707s ]

[ 2017-01-03T09:37:11+08:00 ] ::1 /TP3.2.3pykj/index.php/Home/Index/home
INFO: [ app_init ] --START--
INFO: Run Behavior\BuildLiteBehavior [ RunTime:0.000036s ]
INFO: [ app_init ] --END-- [ RunTime:0.000683s ]

[ 2017-01-03T09:38:32+08:00 ] ::1 /TP3.2.3pykj/index.php/Home/Index/home
INFO: [ app_init ] --START--
INFO: Run Behavior\BuildLiteBehavior [ RunTime:0.000037s ]
INFO: [ app_init ] --END-- [ RunTime:0.000825s ]

[ 2017-01-03T09:38:51+08:00 ] ::1 /TP3.2.3pykj/index.php/Home/Index/home
INFO: [ app_init ] --START--
INFO: Run Behavior\BuildLiteBehavior [ RunTime:0.000031s ]
INFO: [ app_init ] --END-- [ RunTime:0.000683s ]

[ 2017-01-03T09:39:03+08:00 ] ::1 /TP3.2.3pykj/index.php/Home/Index/home
INFO: [ app_init ] --START--
INFO: Run Behavior\BuildLiteBehavior [ RunTime:0.000030s ]
INFO: [ app_init ] --END-- [ RunTime:0.000528s ]

[ 2017-01-03T09:39:08+08:00 ] ::1 /TP3.2.3pykj/index.php/Home/Index/home
INFO: [ app_init ] --START--
INFO: Run Behavior\BuildLiteBehavior [ RunTime:0.000049s ]
INFO: [ app_init ] --END-- [ RunTime:0.000931s ]

[ 2017-01-03T09:41:00+08:00 ] ::1 /TP3.2.3pykj/index.php/Home/Index/home
INFO: [ app_init ] --START--
INFO: Run Behavior\BuildLiteBehavior [ RunTime:0.000031s ]
INFO: [ app_init ] --END-- [ RunTime:0.000586s ]

[ 2017-01-03T09:42:25+08:00 ] ::1 /TP3.2.3pykj/index.php/Home/Index/home
INFO: [ app_init ] --START--
INFO: Run Behavior\BuildLiteBehavior [ RunTime:0.000035s ]
INFO: [ app_init ] --END-- [ RunTime:0.000678s ]

[ 2017-01-03T09:46:36+08:00 ] ::1 /TP3.2.3pykj/index.php/Home/Index/home
INFO: [ app_init ] --START--
INFO: Run Behavior\BuildLiteBehavior [ RunTime:0.000037s ]
INFO: [ app_init ] --END-- [ RunTime:0.000735s ]

[ 2017-01-03T09:47:02+08:00 ] ::1 /TP3.2.3pykj/index.php/Home/Index/home
INFO: [ app_init ] --START--
INFO: Run Behavior\BuildLiteBehavior [ RunTime:0.000029s ]
INFO: [ app_init ] --END-- [ RunTime:0.000550s ]

[ 2017-01-03T09:47:37+08:00 ] ::1 /TP3.2.3pykj/index.php/Home/Index/home
INFO: [ app_init ] --START--
INFO: Run Behavior\BuildLiteBehavior [ RunTime:0.000035s ]
INFO: [ app_init ] --END-- [ RunTime:0.000675s ]

[ 2017-01-03T09:47:46+08:00 ] ::1 /TP3.2.3pykj/index.php/Home/Index/home
INFO: [ app_init ] --START--
INFO: Run Behavior\BuildLiteBehavior [ RunTime:0.000074s ]
INFO: [ app_init ] --END-- [ RunTime:0.001614s ]

[ 2017-01-03T09:48:03+08:00 ] ::1 /TP3.2.3pykj/index.php/Home/Index/home
INFO: [ app_init ] --START--
INFO: Run Behavior\BuildLiteBehavior [ RunTime:0.000044s ]
INFO: [ app_init ] --END-- [ RunTime:0.001232s ]

[ 2017-01-03T10:54:24+08:00 ] ::1 /TP3.2.3pykj/index.php/Home/Index/home
INFO: [ app_init ] --START--
INFO: Run Behavior\BuildLiteBehavior [ RunTime:0.000034s ]
INFO: [ app_init ] --END-- [ RunTime:0.000896s ]

[ 2017-01-03T11:09:07+08:00 ] ::1 /TP3.2.3pykj/index.php/Home/Index/home
INFO: [ app_init ] --START--
INFO: Run Behavior\BuildLiteBehavior [ RunTime:0.000035s ]
INFO: [ app_init ] --END-- [ RunTime:0.000651s ]

[ 2017-01-03T11:16:03+08:00 ] ::1 /TP3.2.3pykj/index.php/Home/Index/home
INFO: [ app_init ] --START--
INFO: Run Behavior\BuildLiteBehavior [ RunTime:0.000034s ]
INFO: [ app_init ] --END-- [ RunTime:0.000721s ]

[ 2017-01-03T11:17:09+08:00 ] ::1 /TP3.2.3pykj/index.php/Home/Index/home
INFO: [ app_init ] --START--
INFO: Run Behavior\BuildLiteBehavior [ RunTime:0.000038s ]
INFO: [ app_init ] --END-- [ RunTime:0.000820s ]

[ 2017-01-03T11:17:25+08:00 ] ::1 /TP3.2.3pykj/index.php/Home/Index/home
INFO: [ app_init ] --START--
INFO: Run Behavior\BuildLiteBehavior [ RunTime:0.000030s ]
INFO: [ app_init ] --END-- [ RunTime:0.000544s ]

[ 2017-01-03T11:17:42+08:00 ] ::1 /TP3.2.3pykj/index.php/Home/Index/home
INFO: [ app_init ] --START--
INFO: Run Behavior\BuildLiteBehavior [ RunTime:0.000030s ]
INFO: [ app_init ] --END-- [ RunTime:0.000612s ]

[ 2017-01-03T11:19:57+08:00 ] ::1 /TP3.2.3pykj/index.php/Home/Index/home
INFO: [ app_init ] --START--
INFO: Run Behavior\BuildLiteBehavior [ RunTime:0.000032s ]
INFO: [ app_init ] --END-- [ RunTime:0.000750s ]

[ 2017-01-03T11:20:14+08:00 ] ::1 /TP3.2.3pykj/index.php/Home/Index/home
INFO: [ app_init ] --START--
INFO: Run Behavior\BuildLiteBehavior [ RunTime:0.000043s ]
INFO: [ app_init ] --END-- [ RunTime:0.000926s ]

[ 2017-01-03T11:21:00+08:00 ] ::1 /TP3.2.3pykj/index.php/Home/Index/home
INFO: [ app_init ] --START--
INFO: Run Behavior\BuildLiteBehavior [ RunTime:0.000057s ]
INFO: [ app_init ] --END-- [ RunTime:0.000752s ]

[ 2017-01-03T11:23:02+08:00 ] ::1 /TP3.2.3pykj/index.php/Home/Index/home
INFO: [ app_init ] --START--
INFO: Run Behavior\BuildLiteBehavior [ RunTime:0.000035s ]
INFO: [ app_init ] --END-- [ RunTime:0.000672s ]

[ 2017-01-03T11:23:06+08:00 ] ::1 /TP3.2.3pykj/index.php/Home/Index/home
INFO: [ app_init ] --START--
INFO: Run Behavior\BuildLiteBehavior [ RunTime:0.000030s ]
INFO: [ app_init ] --END-- [ RunTime:0.000532s ]

[ 2017-01-03T11:23:22+08:00 ] ::1 /TP3.2.3pykj/index.php/Home/Index/home
INFO: [ app_init ] --START--
INFO: Run Behavior\BuildLiteBehavior [ RunTime:0.000029s ]
INFO: [ app_init ] --END-- [ RunTime:0.000544s ]

[ 2017-01-03T11:23:26+08:00 ] ::1 /TP3.2.3pykj/index.php/Home/Index/home
INFO: [ app_init ] --START--
INFO: Run Behavior\BuildLiteBehavior [ RunTime:0.000031s ]
INFO: [ app_init ] --END-- [ RunTime:0.000553s ]

[ 2017-01-03T11:24:46+08:00 ] ::1 /TP3.2.3pykj/index.php/Home/Index/home
INFO: [ app_init ] --START--
INFO: Run Behavior\BuildLiteBehavior [ RunTime:0.000037s ]
INFO: [ app_init ] --END-- [ RunTime:0.000860s ]

[ 2017-01-03T11:27:45+08:00 ] ::1 /TP3.2.3pykj/index.php/Home/Index/home
INFO: [ app_init ] --START--
INFO: Run Behavior\BuildLiteBehavior [ RunTime:0.000039s ]
INFO: [ app_init ] --END-- [ RunTime:0.001276s ]

[ 2017-01-03T11:28:12+08:00 ] ::1 /TP3.2.3pykj/index.php/Home/Index/home
INFO: [ app_init ] --START--
INFO: Run Behavior\BuildLiteBehavior [ RunTime:0.000037s ]
INFO: [ app_init ] --END-- [ RunTime:0.000587s ]

[ 2017-01-03T11:28:52+08:00 ] ::1 /TP3.2.3pykj/index.php/Home/Index/home
INFO: [ app_init ] --START--
INFO: Run Behavior\BuildLiteBehavior [ RunTime:0.000055s ]
INFO: [ app_init ] --END-- [ RunTime:0.000909s ]

[ 2017-01-03T11:33:30+08:00 ] ::1 /TP3.2.3pykj/index.php/Home/Index/home
INFO: [ app_init ] --START--
INFO: Run Behavior\BuildLiteBehavior [ RunTime:0.000034s ]
INFO: [ app_init ] --END-- [ RunTime:0.000690s ]

[ 2017-01-03T11:33:33+08:00 ] ::1 /TP3.2.3pykj/index.php/Home/Index/home
INFO: [ app_init ] --START--
INFO: Run Behavior\BuildLiteBehavior [ RunTime:0.000033s ]
INFO: [ app_init ] --END-- [ RunTime:0.000635s ]

[ 2017-01-03T11:34:08+08:00 ] ::1 /TP3.2.3pykj/index.php/Home/Index/home
INFO: [ app_init ] --START--
INFO: Run Behavior\BuildLiteBehavior [ RunTime:0.000031s ]
INFO: [ app_init ] --END-- [ RunTime:0.000499s ]

[ 2017-01-03T11:36:32+08:00 ] ::1 /TP3.2.3pykj/index.php/Home/Index/home
INFO: [ app_init ] --START--
INFO: Run Behavior\BuildLiteBehavior [ RunTime:0.000045s ]
INFO: [ app_init ] --END-- [ RunTime:0.000926s ]

[ 2017-01-03T11:42:22+08:00 ] ::1 /TP3.2.3pykj/index.php/Home/Index/home
INFO: [ app_init ] --START--
INFO: Run Behavior\BuildLiteBehavior [ RunTime:0.000031s ]
INFO: [ app_init ] --END-- [ RunTime:0.000740s ]

[ 2017-01-03T11:43:01+08:00 ] ::1 /TP3.2.3pykj/index.php/Home/Index/home
INFO: [ app_init ] --START--
INFO: Run Behavior\BuildLiteBehavior [ RunTime:0.000062s ]
INFO: [ app_init ] --END-- [ RunTime:0.001016s ]

[ 2017-01-03T11:43:34+08:00 ] ::1 /TP3.2.3pykj/index.php/Home/Index/home
INFO: [ app_init ] --START--
INFO: Run Behavior\BuildLiteBehavior [ RunTime:0.000031s ]
INFO: [ app_init ] --END-- [ RunTime:0.000632s ]

[ 2017-01-03T12:46:24+08:00 ] ::1 /TP3.2.3pykj/index.php/Home/Index/home
INFO: [ app_init ] --START--
INFO: Run Behavior\BuildLiteBehavior [ RunTime:0.000045s ]
INFO: [ app_init ] --END-- [ RunTime:0.000823s ]

[ 2017-01-03T12:54:09+08:00 ] ::1 /TP3.2.3pykj/index.php/Home/Index/index
INFO: [ app_init ] --START--
INFO: Run Behavior\BuildLiteBehavior [ RunTime:0.000037s ]
INFO: [ app_init ] --END-- [ RunTime:0.000928s ]

[ 2017-01-03T12:54:11+08:00 ] ::1 /TP3.2.3pykj/index.php/Home/Index/home?
INFO: [ app_init ] --START--
INFO: Run Behavior\BuildLiteBehavior [ RunTime:0.000057s ]
INFO: [ app_init ] --END-- [ RunTime:0.000759s ]

[ 2017-01-03T12:55:36+08:00 ] ::1 /TP3.2.3pykj/index.php/Home/Index/home
INFO: [ app_init ] --START--
INFO: Run Behavior\BuildLiteBehavior [ RunTime:0.000051s ]
INFO: [ app_init ] --END-- [ RunTime:0.000768s ]

[ 2017-01-03T12:55:56+08:00 ] ::1 /TP3.2.3pykj/index.php/Home/Index/home
INFO: [ app_init ] --START--
INFO: Run Behavior\BuildLiteBehavior [ RunTime:0.000063s ]
INFO: [ app_init ] --END-- [ RunTime:0.001221s ]

[ 2017-01-03T12:57:22+08:00 ] ::1 /TP3.2.3pykj/index.php/Home/Index/home
INFO: [ app_init ] --START--
INFO: Run Behavior\BuildLiteBehavior [ RunTime:0.000035s ]
INFO: [ app_init ] --END-- [ RunTime:0.000642s ]

[ 2017-01-03T12:58:43+08:00 ] ::1 /TP3.2.3pykj/index.php/Home/Index/home
INFO: [ app_init ] --START--
INFO: Run Behavior\BuildLiteBehavior [ RunTime:0.000029s ]
INFO: [ app_init ] --END-- [ RunTime:0.000522s ]

[ 2017-01-03T13:45:48+08:00 ] ::1 /TP3.2.3pykj/index.php/Home/Index/home
INFO: [ app_init ] --START--
INFO: Run Behavior\BuildLiteBehavior [ RunTime:0.000052s ]
INFO: [ app_init ] --END-- [ RunTime:0.001065s ]

[ 2017-01-03T13:46:48+08:00 ] ::1 /TP3.2.3pykj/index.php/Home/Index/home
INFO: [ app_init ] --START--
INFO: Run Behavior\BuildLiteBehavior [ RunTime:0.000037s ]
INFO: [ app_init ] --END-- [ RunTime:0.000708s ]

[ 2017-01-03T13:47:00+08:00 ] ::1 /TP3.2.3pykj/index.php/Home/Index/home
INFO: [ app_init ] --START--
INFO: Run Behavior\BuildLiteBehavior [ RunTime:0.000033s ]
INFO: [ app_init ] --END-- [ RunTime:0.000644s ]

[ 2017-01-03T13:48:15+08:00 ] ::1 /TP3.2.3pykj/index.php/Home/Index/home
INFO: [ app_init ] --START--
INFO: Run Behavior\BuildLiteBehavior [ RunTime:0.000036s ]
INFO: [ app_init ] --END-- [ RunTime:0.000714s ]

[ 2017-01-03T13:48:35+08:00 ] ::1 /TP3.2.3pykj/index.php/Home/Index/home
INFO: [ app_init ] --START--
INFO: Run Behavior\BuildLiteBehavior [ RunTime:0.000042s ]
INFO: [ app_init ] --END-- [ RunTime:0.000900s ]

[ 2017-01-03T13:48:50+08:00 ] ::1 /TP3.2.3pykj/index.php/Home/Index/home
INFO: [ app_init ] --START--
INFO: Run Behavior\BuildLiteBehavior [ RunTime:0.000045s ]
INFO: [ app_init ] --END-- [ RunTime:0.001019s ]

[ 2017-01-03T13:49:45+08:00 ] ::1 /TP3.2.3pykj/index.php/Home/Index/home
INFO: [ app_init ] --START--
INFO: Run Behavior\BuildLiteBehavior [ RunTime:0.000077s ]
INFO: [ app_init ] --END-- [ RunTime:0.000636s ]

[ 2017-01-03T13:49:46+08:00 ] ::1 /TP3.2.3pykj/index.php/Home/Index/home
INFO: [ app_init ] --START--
INFO: Run Behavior\BuildLiteBehavior [ RunTime:0.000031s ]
INFO: [ app_init ] --END-- [ RunTime:0.000584s ]

[ 2017-01-03T13:50:48+08:00 ] ::1 /TP3.2.3pykj/index.php/Home/Index/home
INFO: [ app_init ] --START--
INFO: Run Behavior\BuildLiteBehavior [ RunTime:0.000033s ]
INFO: [ app_init ] --END-- [ RunTime:0.000656s ]

[ 2017-01-03T13:53:11+08:00 ] ::1 /TP3.2.3pykj/index.php/Home/Index/home
INFO: [ app_init ] --START--
INFO: Run Behavior\BuildLiteBehavior [ RunTime:0.000065s ]
INFO: [ app_init ] --END-- [ RunTime:0.001326s ]

[ 2017-01-03T13:54:34+08:00 ] ::1 /TP3.2.3pykj/index.php/Home/Index/home
INFO: [ app_init ] --START--
INFO: Run Behavior\BuildLiteBehavior [ RunTime:0.000034s ]
INFO: [ app_init ] --END-- [ RunTime:0.000849s ]

[ 2017-01-03T13:54:54+08:00 ] ::1 /TP3.2.3pykj/index.php/Home/Index/home
INFO: [ app_init ] --START--
INFO: Run Behavior\BuildLiteBehavior [ RunTime:0.000033s ]
INFO: [ app_init ] --END-- [ RunTime:0.000653s ]

[ 2017-01-03T13:55:33+08:00 ] ::1 /TP3.2.3pykj/index.php/Home/Index/home
INFO: [ app_init ] --START--
INFO: Run Behavior\BuildLiteBehavior [ RunTime:0.000029s ]
INFO: [ app_init ] --END-- [ RunTime:0.000497s ]

[ 2017-01-03T13:55:38+08:00 ] ::1 /TP3.2.3pykj/index.php/Home/Index/home
INFO: [ app_init ] --START--
INFO: Run Behavior\BuildLiteBehavior [ RunTime:0.000132s ]
INFO: [ app_init ] --END-- [ RunTime:0.001875s ]

[ 2017-01-03T13:55:50+08:00 ] ::1 /TP3.2.3pykj/index.php/Home/Index/home
INFO: [ app_init ] --START--
INFO: Run Behavior\BuildLiteBehavior [ RunTime:0.000035s ]
INFO: [ app_init ] --END-- [ RunTime:0.000724s ]

[ 2017-01-03T13:56:14+08:00 ] ::1 /TP3.2.3pykj/index.php/Home/Index/home
INFO: [ app_init ] --START--
INFO: Run Behavior\BuildLiteBehavior [ RunTime:0.000040s ]
INFO: [ app_init ] --END-- [ RunTime:0.000800s ]

[ 2017-01-03T13:57:05+08:00 ] ::1 /TP3.2.3pykj/index.php/Home/Index/home
INFO: [ app_init ] --START--
INFO: Run Behavior\BuildLiteBehavior [ RunTime:0.000038s ]
INFO: [ app_init ] --END-- [ RunTime:0.000708s ]

[ 2017-01-03T13:57:42+08:00 ] ::1 /TP3.2.3pykj/index.php/Home/Index/home
INFO: [ app_init ] --START--
INFO: Run Behavior\BuildLiteBehavior [ RunTime:0.000034s ]
INFO: [ app_init ] --END-- [ RunTime:0.000626s ]

[ 2017-01-03T13:59:20+08:00 ] ::1 /TP3.2.3pykj/index.php/Home/Index/home
INFO: [ app_init ] --START--
INFO: Run Behavior\BuildLiteBehavior [ RunTime:0.000048s ]
INFO: [ app_init ] --END-- [ RunTime:0.000831s ]

[ 2017-01-03T13:59:47+08:00 ] ::1 /TP3.2.3pykj/index.php/Home/Index/home
INFO: [ app_init ] --START--
INFO: Run Behavior\BuildLiteBehavior [ RunTime:0.000031s ]
INFO: [ app_init ] --END-- [ RunTime:0.000670s ]

[ 2017-01-03T14:00:39+08:00 ] ::1 /TP3.2.3pykj/index.php/Home/Index/home
INFO: [ app_init ] --START--
INFO: Run Behavior\BuildLiteBehavior [ RunTime:0.000030s ]
INFO: [ app_init ] --END-- [ RunTime:0.000585s ]

[ 2017-01-03T14:01:02+08:00 ] ::1 /TP3.2.3pykj/index.php/Home/Index/home
INFO: [ app_init ] --START--
INFO: Run Behavior\BuildLiteBehavior [ RunTime:0.000034s ]
INFO: [ app_init ] --END-- [ RunTime:0.000662s ]

[ 2017-01-03T14:01:31+08:00 ] ::1 /TP3.2.3pykj/index.php/Home/Index/home
INFO: [ app_init ] --START--
INFO: Run Behavior\BuildLiteBehavior [ RunTime:0.000072s ]
INFO: [ app_init ] --END-- [ RunTime:0.000866s ]

[ 2017-01-03T14:01:59+08:00 ] ::1 /TP3.2.3pykj/index.php/Home/Index/home
INFO: [ app_init ] --START--
INFO: Run Behavior\BuildLiteBehavior [ RunTime:0.000046s ]
INFO: [ app_init ] --END-- [ RunTime:0.000841s ]

[ 2017-01-03T14:02:03+08:00 ] ::1 /TP3.2.3pykj/index.php/Home/Index/home
INFO: [ app_init ] --START--
INFO: Run Behavior\BuildLiteBehavior [ RunTime:0.000033s ]
INFO: [ app_init ] --END-- [ RunTime:0.000664s ]

[ 2017-01-03T14:02:07+08:00 ] ::1 /TP3.2.3pykj/index.php/Home/Index/home
INFO: [ app_init ] --START--
INFO: Run Behavior\BuildLiteBehavior [ RunTime:0.000034s ]
INFO: [ app_init ] --END-- [ RunTime:0.000628s ]

[ 2017-01-03T14:02:17+08:00 ] ::1 /TP3.2.3pykj/index.php/Home/Index/home
INFO: [ app_init ] --START--
INFO: Run Behavior\BuildLiteBehavior [ RunTime:0.000040s ]
INFO: [ app_init ] --END-- [ RunTime:0.000861s ]

[ 2017-01-03T14:02:24+08:00 ] ::1 /TP3.2.3pykj/index.php/Home/Index/home
INFO: [ app_init ] --START--
INFO: Run Behavior\BuildLiteBehavior [ RunTime:0.000049s ]
INFO: [ app_init ] --END-- [ RunTime:0.001531s ]

[ 2017-01-03T14:02:26+08:00 ] ::1 /TP3.2.3pykj/index.php/Home/Index/home
INFO: [ app_init ] --START--
INFO: Run Behavior\BuildLiteBehavior [ RunTime:0.000049s ]
INFO: [ app_init ] --END-- [ RunTime:0.000894s ]

[ 2017-01-03T14:02:43+08:00 ] ::1 /TP3.2.3pykj/index.php/Home/Index/home
INFO: [ app_init ] --START--
INFO: Run Behavior\BuildLiteBehavior [ RunTime:0.000081s ]
INFO: [ app_init ] --END-- [ RunTime:0.001209s ]

[ 2017-01-03T14:02:47+08:00 ] ::1 /TP3.2.3pykj/index.php/Home/Index/home
INFO: [ app_init ] --START--
INFO: Run Behavior\BuildLiteBehavior [ RunTime:0.000039s ]
INFO: [ app_init ] --END-- [ RunTime:0.000804s ]

[ 2017-01-03T14:03:00+08:00 ] ::1 /TP3.2.3pykj/index.php/Home/Index/home
INFO: [ app_init ] --START--
INFO: Run Behavior\BuildLiteBehavior [ RunTime:0.000032s ]
INFO: [ app_init ] --END-- [ RunTime:0.000588s ]

[ 2017-01-03T14:03:11+08:00 ] ::1 /TP3.2.3pykj/index.php/Home/Index/home
INFO: [ app_init ] --START--
INFO: Run Behavior\BuildLiteBehavior [ RunTime:0.000031s ]
INFO: [ app_init ] --END-- [ RunTime:0.000865s ]

[ 2017-01-03T14:03:52+08:00 ] ::1 /TP3.2.3pykj/index.php/Home/Index/home
INFO: [ app_init ] --START--
INFO: Run Behavior\BuildLiteBehavior [ RunTime:0.000030s ]
INFO: [ app_init ] --END-- [ RunTime:0.000594s ]

[ 2017-01-03T14:04:07+08:00 ] ::1 /TP3.2.3pykj/index.php/Home/Index/home
INFO: [ app_init ] --START--
INFO: Run Behavior\BuildLiteBehavior [ RunTime:0.000031s ]
INFO: [ app_init ] --END-- [ RunTime:0.000607s ]

[ 2017-01-03T14:04:14+08:00 ] ::1 /TP3.2.3pykj/index.php/Home/Index/home
INFO: [ app_init ] --START--
INFO: Run Behavior\BuildLiteBehavior [ RunTime:0.000041s ]
INFO: [ app_init ] --END-- [ RunTime:0.000543s ]

[ 2017-01-03T14:06:26+08:00 ] ::1 /TP3.2.3pykj/index.php/Home/Index/blog-list.html
INFO: [ app_init ] --START--
INFO: Run Behavior\BuildLiteBehavior [ RunTime:0.000035s ]
INFO: [ app_init ] --END-- [ RunTime:0.000679s ]
ERR: 非法操作:blog-list

[ 2017-01-03T14:07:42+08:00 ] ::1 /TP3.2.3pykj/index.php/Home/Index/home
INFO: [ app_init ] --START--
INFO: Run Behavior\BuildLiteBehavior [ RunTime:0.000073s ]
INFO: [ app_init ] --END-- [ RunTime:0.001883s ]

[ 2017-01-03T14:08:45+08:00 ] ::1 /TP3.2.3pykj/index.php/Home/Index/home
INFO: [ app_init ] --START--
INFO: Run Behavior\BuildLiteBehavior [ RunTime:0.000032s ]
INFO: [ app_init ] --END-- [ RunTime:0.000756s ]

[ 2017-01-03T14:08:48+08:00 ] ::1 /TP3.2.3pykj/index.php/Home/Index/home
INFO: [ app_init ] --START--
INFO: Run Behavior\BuildLiteBehavior [ RunTime:0.000158s ]
INFO: [ app_init ] --END-- [ RunTime:0.001806s ]

[ 2017-01-03T14:08:49+08:00 ] ::1 /TP3.2.3pykj/index.php/Home/Index/home
INFO: [ app_init ] --START--
INFO: Run Behavior\BuildLiteBehavior [ RunTime:0.000065s ]
INFO: [ app_init ] --END-- [ RunTime:0.000903s ]

[ 2017-01-03T14:08:51+08:00 ] ::1 /TP3.2.3pykj/index.php/Home/Index/home
INFO: [ app_init ] --START--
INFO: Run Behavior\BuildLiteBehavior [ RunTime:0.000033s ]
INFO: [ app_init ] --END-- [ RunTime:0.000903s ]

[ 2017-01-03T14:08:53+08:00 ] ::1 /TP3.2.3pykj/index.php/Home/Index/home
INFO: [ app_init ] --START--
INFO: Run Behavior\BuildLiteBehavior [ RunTime:0.000032s ]
INFO: [ app_init ] --END-- [ RunTime:0.000610s ]

[ 2017-01-03T14:08:55+08:00 ] ::1 /TP3.2.3pykj/index.php/Home/Index/home
INFO: [ app_init ] --START--
INFO: Run Behavior\BuildLiteBehavior [ RunTime:0.000032s ]
INFO: [ app_init ] --END-- [ RunTime:0.000657s ]

[ 2017-01-03T14:09:00+08:00 ] ::1 /TP3.2.3pykj/index.php/Home/Index/home
INFO: [ app_init ] --START--
INFO: Run Behavior\BuildLiteBehavior [ RunTime:0.000035s ]
INFO: [ app_init ] --END-- [ RunTime:0.000636s ]

[ 2017-01-03T14:12:21+08:00 ] ::1 /TP3.2.3pykj/index.php/Home/Index/blog-list.html
INFO: [ app_init ] --START--
INFO: Run Behavior\BuildLiteBehavior [ RunTime:0.000035s ]
INFO: [ app_init ] --END-- [ RunTime:0.000673s ]
ERR: 非法操作:blog-list

[ 2017-01-03T14:18:04+08:00 ] ::1 /TP3.2.3pykj/index.php/Home/Index/home
INFO: [ app_init ] --START--
INFO: Run Behavior\BuildLiteBehavior [ RunTime:0.000083s ]
INFO: [ app_init ] --END-- [ RunTime:0.000966s ]

[ 2017-01-03T14:22:00+08:00 ] ::1 /TP3.2.3pykj/index.php/Home/Index/home
INFO: [ app_init ] --START--
INFO: Run Behavior\BuildLiteBehavior [ RunTime:0.000042s ]
INFO: [ app_init ] --END-- [ RunTime:0.000836s ]

[ 2017-01-03T14:44:23+08:00 ] ::1 /TP3.2.3pykj/index.php/Home/Index/home
INFO: [ app_init ] --START--
INFO: Run Behavior\BuildLiteBehavior [ RunTime:0.000034s ]
INFO: [ app_init ] --END-- [ RunTime:0.000669s ]

[ 2017-01-03T14:44:27+08:00 ] ::1 /TP3.2.3pykj/index.php/Home/Index/dengji.html
INFO: [ app_init ] --START--
INFO: Run Behavior\BuildLiteBehavior [ RunTime:0.000033s ]
INFO: [ app_init ] --END-- [ RunTime:0.000599s ]

[ 2017-01-03T14:49:35+08:00 ] ::1 /TP3.2.3pykj/index.php/Home/Index/dengji.html
INFO: [ app_init ] --START--
INFO: Run Behavior\BuildLiteBehavior [ RunTime:0.000062s ]
INFO: [ app_init ] --END-- [ RunTime:0.000976s ]

[ 2017-01-03T14:49:38+08:00 ] ::1 /TP3.2.3pykj/index.php/Home/Index/dengji.html
INFO: [ app_init ] --START--
INFO: Run Behavior\BuildLiteBehavior [ RunTime:0.000037s ]
INFO: [ app_init ] --END-- [ RunTime:0.000643s ]

[ 2017-01-03T14:50:04+08:00 ] ::1 /TP3.2.3pykj/index.php/Home/Index/dengji.html
INFO: [ app_init ] --START--
INFO: Run Behavior\BuildLiteBehavior [ RunTime:0.000039s ]
INFO: [ app_init ] --END-- [ RunTime:0.000817s ]

[ 2017-01-03T14:50:07+08:00 ] ::1 /TP3.2.3pykj/index.php/Home/Index/dengji.html
INFO: [ app_init ] --START--
INFO: Run Behavior\BuildLiteBehavior [ RunTime:0.000050s ]
INFO: [ app_init ] --END-- [ RunTime:0.000748s ]

[ 2017-01-03T14:50:09+08:00 ] ::1 /TP3.2.3pykj/index.php/Home/Index/home.html
INFO: [ app_init ] --START--
INFO: Run Behavior\BuildLiteBehavior [ RunTime:0.000031s ]
INFO: [ app_init ] --END-- [ RunTime:0.000607s ]

[ 2017-01-03T14:50:43+08:00 ] ::1 /TP3.2.3pykj/index.php/Home/Index/home.html
INFO: [ app_init ] --START--
INFO: Run Behavior\BuildLiteBehavior [ RunTime:0.000032s ]
INFO: [ app_init ] --END-- [ RunTime:0.000671s ]

[ 2017-01-03T14:51:32+08:00 ] ::1 /TP3.2.3pykj/index.php/Home/Index/dengji.html
INFO: [ app_init ] --START--
INFO: Run Behavior\BuildLiteBehavior [ RunTime:0.000033s ]
INFO: [ app_init ] --END-- [ RunTime:0.000674s ]

[ 2017-01-03T14:53:40+08:00 ] ::1 /TP3.2.3pykj/index.php/Home/Index/dengji.html
INFO: [ app_init ] --START--
INFO: Run Behavior\BuildLiteBehavior [ RunTime:0.000033s ]
INFO: [ app_init ] --END-- [ RunTime:0.000681s ]

[ 2017-01-03T14:54:08+08:00 ] ::1 /TP3.2.3pykj/index.php/Home/Index/dengji.html
INFO: [ app_init ] --START--
INFO: Run Behavior\BuildLiteBehavior [ RunTime:0.000031s ]
INFO: [ app_init ] --END-- [ RunTime:0.000554s ]

[ 2017-01-03T14:54:15+08:00 ] ::1 /TP3.2.3pykj/index.php/Home/Index/dengji.html
INFO: [ app_init ] --START--
INFO: Run Behavior\BuildLiteBehavior [ RunTime:0.000140s ]
INFO: [ app_init ] --END-- [ RunTime:0.002368s ]

[ 2017-01-03T14:54:52+08:00 ] ::1 /TP3.2.3pykj/index.php/Home/Index/dengji.html
INFO: [ app_init ] --START--
INFO: Run Behavior\BuildLiteBehavior [ RunTime:0.000034s ]
INFO: [ app_init ] --END-- [ RunTime:0.000662s ]

[ 2017-01-03T16:17:51+08:00 ] ::1 /TP3.2.3pykj/index.php/Home/Index/dengji.html
INFO: [ app_init ] --START--
INFO: Run Behavior\BuildLiteBehavior [ RunTime:0.000035s ]
INFO: [ app_init ] --END-- [ RunTime:0.000801s ]

[ 2017-01-03T16:17:51+08:00 ] ::1 /TP3.2.3pykj/index.php/Home/Index/images/reg.png
INFO: [ app_init ] --START--
INFO: Run Behavior\BuildLiteBehavior [ RunTime:0.000033s ]
INFO: [ app_init ] --END-- [ RunTime:0.000870s ]

[ 2017-01-03T16:18:28+08:00 ] ::1 /TP3.2.3pykj/index.php/Home/Index/dengji.html
INFO: [ app_init ] --START--
INFO: Run Behavior\BuildLiteBehavior [ RunTime:0.000034s ]
INFO: [ app_init ] --END-- [ RunTime:0.000735s ]

[ 2017-01-03T16:28:46+08:00 ] ::1 /TP3.2.3pykj/index.php/Home/Index/dengji.html
INFO: [ app_init ] --START--
INFO: Run Behavior\BuildLiteBehavior [ RunTime:0.000038s ]
INFO: [ app_init ] --END-- [ RunTime:0.000686s ]

[ 2017-01-03T16:28:56+08:00 ] ::1 /TP3.2.3pykj/index.php/Home/Index/dengji.html
INFO: [ app_init ] --START--
INFO: Run Behavior\BuildLiteBehavior [ RunTime:0.000049s ]
INFO: [ app_init ] --END-- [ RunTime:0.001040s ]

[ 2017-01-03T16:29:37+08:00 ] ::1 /TP3.2.3pykj/index.php/Home/Index/dengji.html
INFO: [ app_init ] --START--
INFO: Run Behavior\BuildLiteBehavior [ RunTime:0.000046s ]
INFO: [ app_init ] --END-- [ RunTime:0.000944s ]

[ 2017-01-03T16:29:59+08:00 ] ::1 /TP3.2.3pykj/index.php/Home/Index/dengji.html
INFO: [ app_init ] --START--
INFO: Run Behavior\BuildLiteBehavior [ RunTime:0.000038s ]
INFO: [ app_init ] --END-- [ RunTime:0.000740s ]

[ 2017-01-03T16:30:14+08:00 ] ::1 /TP3.2.3pykj/index.php/Home/Index/dengji.html
INFO: [ app_init ] --START--
INFO: Run Behavior\BuildLiteBehavior [ RunTime:0.000045s ]
INFO: [ app_init ] --END-- [ RunTime:0.000856s ]

[ 2017-01-03T16:30:28+08:00 ] ::1 /TP3.2.3pykj/index.php/Home/Index/dengji.html
INFO: [ app_init ] --START--
INFO: Run Behavior\BuildLiteBehavior [ RunTime:0.000074s ]
INFO: [ app_init ] --END-- [ RunTime:0.001453s ]

[ 2017-01-03T16:32:43+08:00 ] ::1 /TP3.2.3pykj/index.php/Home/Index/dengji.html
INFO: [ app_init ] --START--
INFO: Run Behavior\BuildLiteBehavior [ RunTime:0.000030s ]
INFO: [ app_init ] --END-- [ RunTime:0.000568s ]

[ 2017-01-03T16:33:40+08:00 ] ::1 /TP3.2.3pykj/index.php/Home/Index/dengji.html
INFO: [ app_init ] --START--
INFO: Run Behavior\BuildLiteBehavior [ RunTime:0.000030s ]
INFO: [ app_init ] --END-- [ RunTime:0.000567s ]

[ 2017-01-03T16:43:42+08:00 ] ::1 /TP3.2.3pykj/index.php/Home/Index/dengji.html
INFO: [ app_init ] --START--
INFO: Run Behavior\BuildLiteBehavior [ RunTime:0.000034s ]
INFO: [ app_init ] --END-- [ RunTime:0.000692s ]

[ 2017-01-03T16:44:53+08:00 ] ::1 /TP3.2.3pykj/index.php/Home/Index/dengji.html
INFO: [ app_init ] --START--
INFO: Run Behavior\BuildLiteBehavior [ RunTime:0.000033s ]
INFO: [ app_init ] --END-- [ RunTime:0.000654s ]

[ 2017-01-03T16:45:06+08:00 ] ::1 /TP3.2.3pykj/index.php/Home/Index/dengji.html
INFO: [ app_init ] --START--
INFO: Run Behavior\BuildLiteBehavior [ RunTime:0.000030s ]
INFO: [ app_init ] --END-- [ RunTime:0.000663s ]

[ 2017-01-03T16:45:29+08:00 ] ::1 /TP3.2.3pykj/index.php/Home/Index/dengji.html
INFO: [ app_init ] --START--
INFO: Run Behavior\BuildLiteBehavior [ RunTime:0.000035s ]
INFO: [ app_init ] --END-- [ RunTime:0.000755s ]

[ 2017-01-03T16:45:43+08:00 ] ::1 /TP3.2.3pykj/index.php/Home/Index/dengji.html
INFO: [ app_init ] --START--
INFO: Run Behavior\BuildLiteBehavior [ RunTime:0.000043s ]
INFO: [ app_init ] --END-- [ RunTime:0.000832s ]

[ 2017-01-03T16:46:05+08:00 ] ::1 /TP3.2.3pykj/index.php/Home/Index/dengji.html
INFO: [ app_init ] --START--
INFO: Run Behavior\BuildLiteBehavior [ RunTime:0.000031s ]
INFO: [ app_init ] --END-- [ RunTime:0.000608s ]

[ 2017-01-03T16:46:42+08:00 ] ::1 /TP3.2.3pykj/index.php/Home/Index/dengji.html
INFO: [ app_init ] --START--
INFO: Run Behavior\BuildLiteBehavior [ RunTime:0.000045s ]
INFO: [ app_init ] --END-- [ RunTime:0.000867s ]

[ 2017-01-03T16:46:48+08:00 ] ::1 /TP3.2.3pykj/index.php/Home/Index/dengji.html
INFO: [ app_init ] --START--
INFO: Run Behavior\BuildLiteBehavior [ RunTime:0.000045s ]
INFO: [ app_init ] --END-- [ RunTime:0.000913s ]

