[ 2017-01-11T18:53:41+08:00 ] ::1 /work/
INFO: [ app_init ] --START--
INFO: Run Behavior\BuildLiteBehavior [ RunTime:0.000014s ]
INFO: [ app_init ] --END-- [ RunTime:0.000605s ]

[ 2017-01-11T18:53:46+08:00 ] ::1 /work/index.php/Home/Index/home?
INFO: [ app_init ] --START--
INFO: Run Behavior\BuildLiteBehavior [ RunTime:0.000012s ]
INFO: [ app_init ] --END-- [ RunTime:0.000361s ]

[ 2017-01-11T18:53:53+08:00 ] ::1 /work/index.php/Home/Index/home.html
INFO: [ app_init ] --START--
INFO: Run Behavior\BuildLiteBehavior [ RunTime:0.000013s ]
INFO: [ app_init ] --END-- [ RunTime:0.000366s ]

[ 2017-01-11T18:53:57+08:00 ] ::1 /work/index.php/Home/Index/dengji.html
INFO: [ app_init ] --START--
INFO: Run Behavior\BuildLiteBehavior [ RunTime:0.000012s ]
INFO: [ app_init ] --END-- [ RunTime:0.000326s ]

[ 2017-01-11T18:54:04+08:00 ] ::1 /work/index.php/Home/Kaifang/bingMing.html
INFO: [ app_init ] --START--
INFO: Run Behavior\BuildLiteBehavior [ RunTime:0.000013s ]
INFO: [ app_init ] --END-- [ RunTime:0.000429s ]

[ 2017-01-11T18:54:06+08:00 ] ::1 /work/index.php/Home/Kaifang/zykf.html
INFO: [ app_init ] --START--
INFO: Run Behavior\BuildLiteBehavior [ RunTime:0.000011s ]
INFO: [ app_init ] --END-- [ RunTime:0.000329s ]

[ 2017-01-11T18:55:24+08:00 ] ::1 /work/index.php/Home/Huajia/index.html
INFO: [ app_init ] --START--
INFO: Run Behavior\BuildLiteBehavior [ RunTime:0.000014s ]
INFO: [ app_init ] --END-- [ RunTime:0.000386s ]

[ 2017-01-11T18:55:35+08:00 ] ::1 /work/index.php/Home/Chaxun/sfzonghe.html
INFO: [ app_init ] --START--
INFO: Run Behavior\BuildLiteBehavior [ RunTime:0.000012s ]
<<<<<<< HEAD
INFO: [ app_init ] --END-- [ RunTime:0.000376s ]
=======
INFO: [ app_init ] --END-- [ RunTime:0.000372s ]

[ 2017-01-11T14:14:04+08:00 ] ::1 /work/index.php/Home/Kaifang/zykf.html
INFO: [ app_init ] --START--
INFO: Run Behavior\BuildLiteBehavior [ RunTime:0.000010s ]
INFO: [ app_init ] --END-- [ RunTime:0.000312s ]

[ 2017-01-11T14:14:28+08:00 ] ::1 /work/index.php/Home/Kaifang/zykf.html
INFO: [ app_init ] --START--
INFO: Run Behavior\BuildLiteBehavior [ RunTime:0.000027s ]
INFO: [ app_init ] --END-- [ RunTime:0.000388s ]

[ 2017-01-11T14:14:47+08:00 ] ::1 /work/index.php/Home/Huajia/index.html
INFO: [ app_init ] --START--
INFO: Run Behavior\BuildLiteBehavior [ RunTime:0.000009s ]
INFO: [ app_init ] --END-- [ RunTime:0.000243s ]

[ 2017-01-11T10:53:15+08:00 ] ::1 /TP3.2.3pykj/index.php/Home/Kaifang/bingMing.html
INFO: [ app_init ] --START--
INFO: Run Behavior\BuildLiteBehavior [ RunTime:0.000000s ]
INFO: [ app_init ] --END-- [ RunTime:0.002000s ]

[ 2017-01-11T10:55:54+08:00 ] ::1 /TP3.2.3pykj/index.php/Home/Kaifang/zhiLiaoZhinan.html
INFO: [ app_init ] --START--
INFO: Run Behavior\BuildLiteBehavior [ RunTime:0.000000s ]
INFO: [ app_init ] --END-- [ RunTime:0.001000s ]

[ 2017-01-11T10:56:13+08:00 ] ::1 /TP3.2.3pykj/index.php/Home/Kaifang/jingDian.html
INFO: [ app_init ] --START--
INFO: Run Behavior\BuildLiteBehavior [ RunTime:0.000000s ]
INFO: [ app_init ] --END-- [ RunTime:0.001000s ]

[ 2017-01-11T10:56:47+08:00 ] ::1 /TP3.2.3pykj/index.php/Home/Kaifang/jingYan.html
INFO: [ app_init ] --START--
INFO: Run Behavior\BuildLiteBehavior [ RunTime:0.000000s ]
INFO: [ app_init ] --END-- [ RunTime:0.001000s ]

[ 2017-01-11T10:57:12+08:00 ] ::1 /TP3.2.3pykj/index.php/Home/Kaifang/bianZheng.html
INFO: [ app_init ] --START--
INFO: Run Behavior\BuildLiteBehavior [ RunTime:0.001000s ]
INFO: [ app_init ] --END-- [ RunTime:0.002000s ]

[ 2017-01-11T10:57:20+08:00 ] ::1 /TP3.2.3pykj/index.php/Home/TongJi/binglicx.html
INFO: [ app_init ] --START--
INFO: Run Behavior\BuildLiteBehavior [ RunTime:0.000000s ]
INFO: [ app_init ] --END-- [ RunTime:0.001000s ]

[ 2017-01-11T11:05:25+08:00 ] ::1 /TP3.2.3pykj/index.php/Home/TongJi/binglicx.html
INFO: [ app_init ] --START--
INFO: Run Behavior\BuildLiteBehavior [ RunTime:0.000000s ]
INFO: [ app_init ] --END-- [ RunTime:0.002001s ]

[ 2017-01-11T11:05:40+08:00 ] ::1 /TP3.2.3pykj/index.php/Home/TongJi/binglicx.html
INFO: [ app_init ] --START--
INFO: Run Behavior\BuildLiteBehavior [ RunTime:0.000000s ]
INFO: [ app_init ] --END-- [ RunTime:0.001000s ]

[ 2017-01-11T11:06:18+08:00 ] ::1 /TP3.2.3pykj/index.php/Home/TongJi/binglicx.html
INFO: [ app_init ] --START--
INFO: Run Behavior\BuildLiteBehavior [ RunTime:0.000000s ]
INFO: [ app_init ] --END-- [ RunTime:0.003000s ]

[ 2017-01-11T11:06:32+08:00 ] ::1 /TP3.2.3pykj/index.php/Home/TongJi/binglicx.html
INFO: [ app_init ] --START--
INFO: Run Behavior\BuildLiteBehavior [ RunTime:0.000000s ]
INFO: [ app_init ] --END-- [ RunTime:0.001000s ]

[ 2017-01-11T11:06:40+08:00 ] ::1 /TP3.2.3pykj/index.php/Home/TongJi/binglicx.html
INFO: [ app_init ] --START--
INFO: Run Behavior\BuildLiteBehavior [ RunTime:0.000000s ]
INFO: [ app_init ] --END-- [ RunTime:0.001000s ]

[ 2017-01-11T11:06:55+08:00 ] ::1 /TP3.2.3pykj/index.php/Home/TongJi/binglicx.html
INFO: [ app_init ] --START--
INFO: Run Behavior\BuildLiteBehavior [ RunTime:0.000000s ]
INFO: [ app_init ] --END-- [ RunTime:0.002000s ]

[ 2017-01-11T11:13:22+08:00 ] ::1 /TP3.2.3pykj/index.php/Home/TongJi/binglicx.html
INFO: [ app_init ] --START--
INFO: Run Behavior\BuildLiteBehavior [ RunTime:0.000000s ]
INFO: [ app_init ] --END-- [ RunTime:0.001000s ]

[ 2017-01-11T11:13:29+08:00 ] ::1 /TP3.2.3pykj/index.php/Home/TongJi/binglicx.html
INFO: [ app_init ] --START--
INFO: Run Behavior\BuildLiteBehavior [ RunTime:0.000000s ]
INFO: [ app_init ] --END-- [ RunTime:0.001000s ]

[ 2017-01-11T11:13:30+08:00 ] ::1 /TP3.2.3pykj/index.php/Home/TongJi/binglicx.html
INFO: [ app_init ] --START--
INFO: Run Behavior\BuildLiteBehavior [ RunTime:0.000000s ]
INFO: [ app_init ] --END-- [ RunTime:0.001000s ]

[ 2017-01-11T11:13:30+08:00 ] ::1 /TP3.2.3pykj/index.php/Home/TongJi/binglicx.html
INFO: [ app_init ] --START--
INFO: Run Behavior\BuildLiteBehavior [ RunTime:0.000000s ]
INFO: [ app_init ] --END-- [ RunTime:0.001000s ]

[ 2017-01-11T11:14:53+08:00 ] ::1 /TP3.2.3pykj/index.php/Home/TongJi/binglicx.html
INFO: [ app_init ] --START--
INFO: Run Behavior\BuildLiteBehavior [ RunTime:0.000000s ]
INFO: [ app_init ] --END-- [ RunTime:0.001000s ]

[ 2017-01-11T11:15:12+08:00 ] ::1 /TP3.2.3pykj/index.php/Home/TongJi/binglicx.html
INFO: [ app_init ] --START--
INFO: Run Behavior\BuildLiteBehavior [ RunTime:0.000000s ]
INFO: [ app_init ] --END-- [ RunTime:0.001000s ]

[ 2017-01-11T11:15:28+08:00 ] ::1 /TP3.2.3pykj/index.php/Home/TongJi/binglicx.html
INFO: [ app_init ] --START--
INFO: Run Behavior\BuildLiteBehavior [ RunTime:0.000000s ]
INFO: [ app_init ] --END-- [ RunTime:0.001000s ]

[ 2017-01-11T11:17:47+08:00 ] ::1 /TP3.2.3pykj/index.php/Home/TongJi/binglicx.html
INFO: [ app_init ] --START--
INFO: Run Behavior\BuildLiteBehavior [ RunTime:0.000000s ]
INFO: [ app_init ] --END-- [ RunTime:0.002000s ]

[ 2017-01-11T11:17:58+08:00 ] ::1 /TP3.2.3pykj/index.php/Home/TongJi/binglicx.html
INFO: [ app_init ] --START--
INFO: Run Behavior\BuildLiteBehavior [ RunTime:0.000000s ]
INFO: [ app_init ] --END-- [ RunTime:0.001000s ]

[ 2017-01-11T11:18:26+08:00 ] ::1 /TP3.2.3pykj/index.php/Home/TongJi/binglicx.html
INFO: [ app_init ] --START--
INFO: Run Behavior\BuildLiteBehavior [ RunTime:0.001000s ]
INFO: [ app_init ] --END-- [ RunTime:0.002000s ]

[ 2017-01-11T11:18:36+08:00 ] ::1 /TP3.2.3pykj/index.php/Home/TongJi/binglicx.html
INFO: [ app_init ] --START--
INFO: Run Behavior\BuildLiteBehavior [ RunTime:0.000000s ]
INFO: [ app_init ] --END-- [ RunTime:0.001000s ]

[ 2017-01-11T11:18:48+08:00 ] ::1 /TP3.2.3pykj/index.php/Home/TongJi/binglicx.html
INFO: [ app_init ] --START--
INFO: Run Behavior\BuildLiteBehavior [ RunTime:0.000000s ]
INFO: [ app_init ] --END-- [ RunTime:0.001000s ]

[ 2017-01-11T11:19:13+08:00 ] ::1 /TP3.2.3pykj/index.php/Home/TongJi/binglicx.html
INFO: [ app_init ] --START--
INFO: Run Behavior\BuildLiteBehavior [ RunTime:0.000000s ]
INFO: [ app_init ] --END-- [ RunTime:0.001000s ]

[ 2017-01-11T11:19:29+08:00 ] ::1 /TP3.2.3pykj/index.php/Home/TongJi/binglicx.html
INFO: [ app_init ] --START--
INFO: Run Behavior\BuildLiteBehavior [ RunTime:0.000000s ]
INFO: [ app_init ] --END-- [ RunTime:0.001000s ]

[ 2017-01-11T11:20:02+08:00 ] ::1 /TP3.2.3pykj/index.php/Home/TongJi/binglicx.html
INFO: [ app_init ] --START--
INFO: Run Behavior\BuildLiteBehavior [ RunTime:0.000000s ]
INFO: [ app_init ] --END-- [ RunTime:0.001000s ]

[ 2017-01-11T11:20:10+08:00 ] ::1 /TP3.2.3pykj/index.php/Home/TongJi/binglicx.html
INFO: [ app_init ] --START--
INFO: Run Behavior\BuildLiteBehavior [ RunTime:0.000000s ]
INFO: [ app_init ] --END-- [ RunTime:0.001000s ]

[ 2017-01-11T11:20:35+08:00 ] ::1 /TP3.2.3pykj/index.php/Home/TongJi/binglicx.html
INFO: [ app_init ] --START--
INFO: Run Behavior\BuildLiteBehavior [ RunTime:0.000000s ]
INFO: [ app_init ] --END-- [ RunTime:0.001000s ]

[ 2017-01-11T11:23:19+08:00 ] ::1 /TP3.2.3pykj/index.php/Home/TongJi/binglicx.html
INFO: [ app_init ] --START--
INFO: Run Behavior\BuildLiteBehavior [ RunTime:0.000000s ]
INFO: [ app_init ] --END-- [ RunTime:0.001001s ]

[ 2017-01-11T11:23:22+08:00 ] ::1 /TP3.2.3pykj/index.php/Home/TongJi/binglicx.html
INFO: [ app_init ] --START--
INFO: Run Behavior\BuildLiteBehavior [ RunTime:0.000000s ]
INFO: [ app_init ] --END-- [ RunTime:0.001000s ]

[ 2017-01-11T11:24:26+08:00 ] ::1 /TP3.2.3pykj/index.php/Home/TongJi/binglicx.html
INFO: [ app_init ] --START--
INFO: Run Behavior\BuildLiteBehavior [ RunTime:0.000000s ]
INFO: [ app_init ] --END-- [ RunTime:0.001000s ]

[ 2017-01-11T11:24:40+08:00 ] ::1 /TP3.2.3pykj/index.php/Home/TongJi/binglicx.html
INFO: [ app_init ] --START--
INFO: Run Behavior\BuildLiteBehavior [ RunTime:0.000000s ]
INFO: [ app_init ] --END-- [ RunTime:0.001000s ]

[ 2017-01-11T11:25:15+08:00 ] ::1 /TP3.2.3pykj/index.php/Home/TongJi/binglicx.html
INFO: [ app_init ] --START--
INFO: Run Behavior\BuildLiteBehavior [ RunTime:0.000000s ]
INFO: [ app_init ] --END-- [ RunTime:0.001001s ]

[ 2017-01-11T11:28:59+08:00 ] ::1 /TP3.2.3pykj/index.php/Home/TongJi/binglicx.html
INFO: [ app_init ] --START--
INFO: Run Behavior\BuildLiteBehavior [ RunTime:0.000000s ]
INFO: [ app_init ] --END-- [ RunTime:0.001000s ]

[ 2017-01-11T11:30:46+08:00 ] ::1 /TP3.2.3pykj/index.php/Home/TongJi/binglicx.html
INFO: [ app_init ] --START--
INFO: Run Behavior\BuildLiteBehavior [ RunTime:0.000000s ]
INFO: [ app_init ] --END-- [ RunTime:0.001000s ]

[ 2017-01-11T11:31:06+08:00 ] ::1 /TP3.2.3pykj/index.php/Home/TongJi/binglicx.html
INFO: [ app_init ] --START--
INFO: Run Behavior\BuildLiteBehavior [ RunTime:0.000000s ]
INFO: [ app_init ] --END-- [ RunTime:0.002001s ]

[ 2017-01-11T11:31:36+08:00 ] ::1 /TP3.2.3pykj/index.php/Home/TongJi/binglicx.html
INFO: [ app_init ] --START--
INFO: Run Behavior\BuildLiteBehavior [ RunTime:0.000000s ]
INFO: [ app_init ] --END-- [ RunTime:0.001001s ]

[ 2017-01-11T11:43:25+08:00 ] ::1 /TP3.2.3pykj/index.php/Home/TongJi/binglicx.html
INFO: [ app_init ] --START--
INFO: Run Behavior\BuildLiteBehavior [ RunTime:0.000000s ]
INFO: [ app_init ] --END-- [ RunTime:0.002000s ]

[ 2017-01-11T11:43:48+08:00 ] ::1 /TP3.2.3pykj/index.php/Home/TongJi/binglicx.html
INFO: [ app_init ] --START--
INFO: Run Behavior\BuildLiteBehavior [ RunTime:0.000000s ]
INFO: [ app_init ] --END-- [ RunTime:0.003000s ]

[ 2017-01-11T11:45:19+08:00 ] ::1 /TP3.2.3pykj/index.php/Home/TongJi/binglicx.html
INFO: [ app_init ] --START--
INFO: Run Behavior\BuildLiteBehavior [ RunTime:0.000000s ]
INFO: [ app_init ] --END-- [ RunTime:0.001000s ]

[ 2017-01-11T11:45:29+08:00 ] ::1 /TP3.2.3pykj/index.php/Home/Kaifang/bingMing.html
INFO: [ app_init ] --START--
INFO: Run Behavior\BuildLiteBehavior [ RunTime:0.000000s ]
INFO: [ app_init ] --END-- [ RunTime:0.001000s ]

[ 2017-01-11T11:46:07+08:00 ] ::1 /TP3.2.3pykj/index.php/Home/TongJi/binglicx.html
INFO: [ app_init ] --START--
INFO: Run Behavior\BuildLiteBehavior [ RunTime:0.000000s ]
INFO: [ app_init ] --END-- [ RunTime:0.001000s ]

[ 2017-01-11T11:54:49+08:00 ] ::1 /TP3.2.3pykj/index.php/Home/Kaifang/bingMing.html
INFO: [ app_init ] --START--
INFO: Run Behavior\BuildLiteBehavior [ RunTime:0.000000s ]
INFO: [ app_init ] --END-- [ RunTime:0.001000s ]

[ 2017-01-11T11:56:11+08:00 ] ::1 /TP3.2.3pykj/index.php/Home/Kaifang/bingMing.html
INFO: [ app_init ] --START--
INFO: Run Behavior\BuildLiteBehavior [ RunTime:0.000000s ]
INFO: [ app_init ] --END-- [ RunTime:0.002000s ]

[ 2017-01-11T11:56:15+08:00 ] ::1 /TP3.2.3pykj/index.php/Home/TongJi/binglicx.html
INFO: [ app_init ] --START--
INFO: Run Behavior\BuildLiteBehavior [ RunTime:0.000000s ]
INFO: [ app_init ] --END-- [ RunTime:0.001000s ]

[ 2017-01-11T11:56:34+08:00 ] ::1 /TP3.2.3pykj/index.php/Home/Kaifang/bingMing.html
INFO: [ app_init ] --START--
INFO: Run Behavior\BuildLiteBehavior [ RunTime:0.000000s ]
INFO: [ app_init ] --END-- [ RunTime:0.001000s ]

[ 2017-01-11T11:56:49+08:00 ] ::1 /TP3.2.3pykj/index.php/Home/Kaifang/zhengxing.html
INFO: [ app_init ] --START--
INFO: Run Behavior\BuildLiteBehavior [ RunTime:0.000000s ]
INFO: [ app_init ] --END-- [ RunTime:0.001000s ]

[ 2017-01-11T11:56:53+08:00 ] ::1 /TP3.2.3pykj/index.php/Home/Kaifang/zhiLiaoZhinan.html
INFO: [ app_init ] --START--
INFO: Run Behavior\BuildLiteBehavior [ RunTime:0.000000s ]
INFO: [ app_init ] --END-- [ RunTime:0.001000s ]

[ 2017-01-11T11:58:19+08:00 ] ::1 /TP3.2.3pykj/
INFO: [ app_init ] --START--
INFO: Run Behavior\BuildLiteBehavior [ RunTime:0.000000s ]
INFO: [ app_init ] --END-- [ RunTime:0.001001s ]

[ 2017-01-11T11:58:22+08:00 ] ::1 /TP3.2.3pykj/index.php/Home/Index/home?
INFO: [ app_init ] --START--
INFO: Run Behavior\BuildLiteBehavior [ RunTime:0.000000s ]
INFO: [ app_init ] --END-- [ RunTime:0.001001s ]

[ 2017-01-11T11:59:18+08:00 ] ::1 /TP3.2.3pykj/index.php/Home/Kaifang/bingMing.html
INFO: [ app_init ] --START--
INFO: Run Behavior\BuildLiteBehavior [ RunTime:0.000000s ]
INFO: [ app_init ] --END-- [ RunTime:0.001000s ]

[ 2017-01-11T11:59:30+08:00 ] ::1 /TP3.2.3pykj/index.php/Home/Kaifang/jingDian.html
INFO: [ app_init ] --START--
INFO: Run Behavior\BuildLiteBehavior [ RunTime:0.000000s ]
INFO: [ app_init ] --END-- [ RunTime:0.001000s ]

[ 2017-01-11T11:59:36+08:00 ] ::1 /TP3.2.3pykj/index.php/Home/Kaifang/jingYan.html
INFO: [ app_init ] --START--
INFO: Run Behavior\BuildLiteBehavior [ RunTime:0.000000s ]
INFO: [ app_init ] --END-- [ RunTime:0.002000s ]

[ 2017-01-11T13:45:14+08:00 ] ::1 /TP3.2.3pykj/
INFO: [ app_init ] --START--
INFO: Run Behavior\BuildLiteBehavior [ RunTime:0.000000s ]
INFO: [ app_init ] --END-- [ RunTime:0.002000s ]

[ 2017-01-11T13:45:16+08:00 ] ::1 /TP3.2.3pykj/index.php/Home/Index/home?
INFO: [ app_init ] --START--
INFO: Run Behavior\BuildLiteBehavior [ RunTime:0.000000s ]
INFO: [ app_init ] --END-- [ RunTime:0.001000s ]

[ 2017-01-11T13:46:43+08:00 ] ::1 /TP3.2.3pykj/index.php/Home/Kaifang/jingDian.html
INFO: [ app_init ] --START--
INFO: Run Behavior\BuildLiteBehavior [ RunTime:0.000000s ]
INFO: [ app_init ] --END-- [ RunTime:0.001000s ]

[ 2017-01-11T13:46:48+08:00 ] ::1 /TP3.2.3pykj/index.php/Home/Kaifang/zhiLiaoZhinan.html
INFO: [ app_init ] --START--
INFO: Run Behavior\BuildLiteBehavior [ RunTime:0.000000s ]
INFO: [ app_init ] --END-- [ RunTime:0.001000s ]

[ 2017-01-11T13:46:51+08:00 ] ::1 /TP3.2.3pykj/index.php/Home/Kaifang/jingDian.html
INFO: [ app_init ] --START--
INFO: Run Behavior\BuildLiteBehavior [ RunTime:0.000000s ]
INFO: [ app_init ] --END-- [ RunTime:0.001000s ]

[ 2017-01-11T13:46:54+08:00 ] ::1 /TP3.2.3pykj/index.php/Home/Kaifang/jingYan.html
INFO: [ app_init ] --START--
INFO: Run Behavior\BuildLiteBehavior [ RunTime:0.000000s ]
INFO: [ app_init ] --END-- [ RunTime:0.001001s ]

[ 2017-01-11T13:55:06+08:00 ] ::1 /TP3.2.3pykj/index.php/Home/Kaifang/jingYan.html
INFO: [ app_init ] --START--
INFO: Run Behavior\BuildLiteBehavior [ RunTime:0.000000s ]
INFO: [ app_init ] --END-- [ RunTime:0.001000s ]

[ 2017-01-11T13:55:43+08:00 ] ::1 /TP3.2.3pykj/index.php/Home/Kaifang/jingYan.html
INFO: [ app_init ] --START--
INFO: Run Behavior\BuildLiteBehavior [ RunTime:0.000000s ]
INFO: [ app_init ] --END-- [ RunTime:0.001000s ]

[ 2017-01-11T14:00:46+08:00 ] ::1 /TP3.2.3pykj/
INFO: [ app_init ] --START--
INFO: Run Behavior\BuildLiteBehavior [ RunTime:0.000000s ]
INFO: [ app_init ] --END-- [ RunTime:0.002000s ]

[ 2017-01-11T14:00:48+08:00 ] ::1 /TP3.2.3pykj/index.php/Home/Index/home?
INFO: [ app_init ] --START--
INFO: Run Behavior\BuildLiteBehavior [ RunTime:0.000000s ]
INFO: [ app_init ] --END-- [ RunTime:0.001000s ]

[ 2017-01-11T14:00:53+08:00 ] ::1 /TP3.2.3pykj/index.php/Home/Kaifang/west.html
INFO: [ app_init ] --START--
INFO: Run Behavior\BuildLiteBehavior [ RunTime:0.000000s ]
INFO: [ app_init ] --END-- [ RunTime:0.001000s ]

[ 2017-01-11T14:00:55+08:00 ] ::1 /TP3.2.3pykj/index.php/Home/Kaifang/bingMing.html
INFO: [ app_init ] --START--
INFO: Run Behavior\BuildLiteBehavior [ RunTime:0.000000s ]
INFO: [ app_init ] --END-- [ RunTime:0.001000s ]

[ 2017-01-11T14:00:57+08:00 ] ::1 /TP3.2.3pykj/index.php/Home/Kaifang/zykf.html
INFO: [ app_init ] --START--
INFO: Run Behavior\BuildLiteBehavior [ RunTime:0.000000s ]
INFO: [ app_init ] --END-- [ RunTime:0.001000s ]

[ 2017-01-11T14:01:05+08:00 ] ::1 /TP3.2.3pykj/index.php/Home/Huajia/index.html
INFO: [ app_init ] --START--
INFO: Run Behavior\BuildLiteBehavior [ RunTime:0.000000s ]
INFO: [ app_init ] --END-- [ RunTime:0.001000s ]

[ 2017-01-11T14:01:11+08:00 ] ::1 /TP3.2.3pykj/index.php/Home/Chaxun/sfzonghe.html
INFO: [ app_init ] --START--
INFO: Run Behavior\BuildLiteBehavior [ RunTime:0.000000s ]
INFO: [ app_init ] --END-- [ RunTime:0.001000s ]

[ 2017-01-11T14:01:15+08:00 ] ::1 /TP3.2.3pykj/index.php/Home/Chaxun/fyhuizong.html
INFO: [ app_init ] --START--
INFO: Run Behavior\BuildLiteBehavior [ RunTime:0.000000s ]
INFO: [ app_init ] --END-- [ RunTime:0.001000s ]

[ 2017-01-11T14:01:22+08:00 ] ::1 /TP3.2.3pykj/index.php/Home/Chaxun/yptongji.html
INFO: [ app_init ] --START--
INFO: Run Behavior\BuildLiteBehavior [ RunTime:0.000000s ]
INFO: [ app_init ] --END-- [ RunTime:0.001000s ]

[ 2017-01-11T14:01:27+08:00 ] ::1 /TP3.2.3pykj/index.php/Home/Chaxun/blchaxun.html
INFO: [ app_init ] --START--
INFO: Run Behavior\BuildLiteBehavior [ RunTime:0.000000s ]
INFO: [ app_init ] --END-- [ RunTime:0.001000s ]
ERR: 模板不存在:./Application/Home/View/Chaxun/blchaxun.html

[ 2017-01-11T14:01:34+08:00 ] ::1 /TP3.2.3pykj/index.php/Home/Chaxun/blchaxun.html
INFO: [ app_init ] --START--
INFO: Run Behavior\BuildLiteBehavior [ RunTime:0.000000s ]
INFO: [ app_init ] --END-- [ RunTime:0.001000s ]
ERR: 模板不存在:./Application/Home/View/Chaxun/blchaxun.html

[ 2017-01-11T14:01:48+08:00 ] ::1 /TP3.2.3pykj/index.php/Home/Chaxun/zyzzchaxun.html
INFO: [ app_init ] --START--
INFO: Run Behavior\BuildLiteBehavior [ RunTime:0.000000s ]
INFO: [ app_init ] --END-- [ RunTime:0.001000s ]

[ 2017-01-11T14:02:43+08:00 ] ::1 /TP3.2.3pykj/index.php/Home/Kaifang/bingMing.html
INFO: [ app_init ] --START--
INFO: Run Behavior\BuildLiteBehavior [ RunTime:0.000000s ]
INFO: [ app_init ] --END-- [ RunTime:0.002000s ]

[ 2017-01-11T14:06:57+08:00 ] ::1 /TP3.2.3pykj/index.php/Home/Kaifang/bingMing.html
INFO: [ app_init ] --START--
INFO: Run Behavior\BuildLiteBehavior [ RunTime:0.000000s ]
INFO: [ app_init ] --END-- [ RunTime:0.001000s ]

[ 2017-01-11T14:07:00+08:00 ] ::1 /TP3.2.3pykj/index.php/Home/Chaxun/blchaxun.html
INFO: [ app_init ] --START--
INFO: Run Behavior\BuildLiteBehavior [ RunTime:0.000000s ]
INFO: [ app_init ] --END-- [ RunTime:0.001000s ]

[ 2017-01-11T14:18:11+08:00 ] ::1 /work/index.php/Home/Huajia/index.html
INFO: [ app_init ] --START--
INFO: Run Behavior\BuildLiteBehavior [ RunTime:0.000010s ]
INFO: [ app_init ] --END-- [ RunTime:0.000298s ]

[ 2017-01-11T14:18:13+08:00 ] ::1 /work/index.php/Home/Kaifang/bingMing.html
INFO: [ app_init ] --START--
INFO: Run Behavior\BuildLiteBehavior [ RunTime:0.000012s ]
INFO: [ app_init ] --END-- [ RunTime:0.000456s ]

[ 2017-01-11T14:18:14+08:00 ] ::1 /work/index.php/Home/Kaifang/zykf.html
INFO: [ app_init ] --START--
INFO: Run Behavior\BuildLiteBehavior [ RunTime:0.000010s ]
INFO: [ app_init ] --END-- [ RunTime:0.000296s ]

[ 2017-01-11T14:02:45+08:00 ] ::1 /xmnow/index.php/Home/Index/tizhi.html
INFO: [ app_init ] --START--
INFO: Run Behavior\BuildLiteBehavior [ RunTime:0.000032s ]
INFO: [ app_init ] --END-- [ RunTime:0.000592s ]

[ 2017-01-11T14:02:51+08:00 ] ::1 /xmnow/index.php/Home/Index/jiankang.html
INFO: [ app_init ] --START--
INFO: Run Behavior\BuildLiteBehavior [ RunTime:0.000034s ]
INFO: [ app_init ] --END-- [ RunTime:0.000689s ]

[ 2017-01-11T14:02:54+08:00 ] ::1 /xmnow/index.php/Home/Index/tizhi.html
INFO: [ app_init ] --START--
INFO: Run Behavior\BuildLiteBehavior [ RunTime:0.000035s ]
INFO: [ app_init ] --END-- [ RunTime:0.000732s ]

[ 2017-01-11T14:02:57+08:00 ] ::1 /xmnow/index.php/Home/Index/tiaoyang.html
INFO: [ app_init ] --START--
INFO: Run Behavior\BuildLiteBehavior [ RunTime:0.000070s ]
INFO: [ app_init ] --END-- [ RunTime:0.000728s ]

[ 2017-01-11T14:02:59+08:00 ] ::1 /xmnow/index.php/Home/Index/home.html
INFO: [ app_init ] --START--
INFO: Run Behavior\BuildLiteBehavior [ RunTime:0.000035s ]
INFO: [ app_init ] --END-- [ RunTime:0.000658s ]

[ 2017-01-11T14:03:01+08:00 ] ::1 /xmnow/index.php/Home/Index/dengji.html
INFO: [ app_init ] --START--
INFO: Run Behavior\BuildLiteBehavior [ RunTime:0.000067s ]
INFO: [ app_init ] --END-- [ RunTime:0.000872s ]

[ 2017-01-11T14:03:04+08:00 ] ::1 /xmnow/index.php/Home/Index/yuyue.html
INFO: [ app_init ] --START--
INFO: Run Behavior\BuildLiteBehavior [ RunTime:0.000074s ]
INFO: [ app_init ] --END-- [ RunTime:0.001406s ]

[ 2017-01-11T14:03:07+08:00 ] ::1 /xmnow/index.php/Home/Index/chaxun.html
INFO: [ app_init ] --START--
INFO: Run Behavior\BuildLiteBehavior [ RunTime:0.000035s ]
INFO: [ app_init ] --END-- [ RunTime:0.000690s ]

[ 2017-01-11T14:03:10+08:00 ] ::1 /xmnow/index.php/Home/Index/home.html
INFO: [ app_init ] --START--
INFO: Run Behavior\BuildLiteBehavior [ RunTime:0.000045s ]
INFO: [ app_init ] --END-- [ RunTime:0.000702s ]

[ 2017-01-11T14:03:16+08:00 ] ::1 /xmnow/index.php/Home/Index/tiaoyang.html
INFO: [ app_init ] --START--
INFO: Run Behavior\BuildLiteBehavior [ RunTime:0.000035s ]
INFO: [ app_init ] --END-- [ RunTime:0.000720s ]

[ 2017-01-11T14:03:18+08:00 ] ::1 /xmnow/index.php/Home/Index/tizhi.html
INFO: [ app_init ] --START--
INFO: Run Behavior\BuildLiteBehavior [ RunTime:0.000039s ]
INFO: [ app_init ] --END-- [ RunTime:0.000749s ]

[ 2017-01-11T14:03:25+08:00 ] ::1 /xmnow/index.php/Home/Index/tizhi.html
INFO: [ app_init ] --START--
INFO: Run Behavior\BuildLiteBehavior [ RunTime:0.000035s ]
INFO: [ app_init ] --END-- [ RunTime:0.000643s ]

[ 2017-01-11T14:04:47+08:00 ] ::1 /xmnow/index.php/Home/Index/tizhi.html
INFO: [ app_init ] --START--
INFO: Run Behavior\BuildLiteBehavior [ RunTime:0.000068s ]
INFO: [ app_init ] --END-- [ RunTime:0.001234s ]

[ 2017-01-11T14:35:39+08:00 ] ::1 /xmnow/index.php/Home/Kaifang/bingMing.html
INFO: [ app_init ] --START--
INFO: Run Behavior\BuildLiteBehavior [ RunTime:0.000056s ]
INFO: [ app_init ] --END-- [ RunTime:0.000870s ]

[ 2017-01-11T14:35:44+08:00 ] ::1 /xmnow/index.php/Home/Index/home.html
INFO: [ app_init ] --START--
INFO: Run Behavior\BuildLiteBehavior [ RunTime:0.000054s ]
INFO: [ app_init ] --END-- [ RunTime:0.001251s ]

[ 2017-01-11T14:35:51+08:00 ] ::1 /xmnow/index.php/Home/Kaifang/bingMing.html
INFO: [ app_init ] --START--
INFO: Run Behavior\BuildLiteBehavior [ RunTime:0.000057s ]
INFO: [ app_init ] --END-- [ RunTime:0.000829s ]

[ 2017-01-11T14:35:54+08:00 ] ::1 /xmnow/index.php/Home/Index/home.html
INFO: [ app_init ] --START--
INFO: Run Behavior\BuildLiteBehavior [ RunTime:0.000032s ]
INFO: [ app_init ] --END-- [ RunTime:0.000748s ]

[ 2017-01-11T14:35:58+08:00 ] ::1 /xmnow/index.php/Home/Kaifang/bingMing.html
INFO: [ app_init ] --START--
INFO: Run Behavior\BuildLiteBehavior [ RunTime:0.000071s ]
INFO: [ app_init ] --END-- [ RunTime:0.001057s ]

[ 2017-01-11T14:36:02+08:00 ] ::1 /xmnow/index.php/Home/Chaxun/sfzonghe.html
INFO: [ app_init ] --START--
INFO: Run Behavior\BuildLiteBehavior [ RunTime:0.000035s ]
INFO: [ app_init ] --END-- [ RunTime:0.000743s ]

[ 2017-01-11T14:41:05+08:00 ] ::1 /xmnow/index.php/Home/Index/tiaoyang.html
INFO: [ app_init ] --START--
INFO: Run Behavior\BuildLiteBehavior [ RunTime:0.000030s ]
INFO: [ app_init ] --END-- [ RunTime:0.000572s ]

[ 2017-01-11T14:41:08+08:00 ] ::1 /xmnow/index.php/Home/Chaxun/sfzonghe.html
INFO: [ app_init ] --START--
INFO: Run Behavior\BuildLiteBehavior [ RunTime:0.000033s ]
INFO: [ app_init ] --END-- [ RunTime:0.000567s ]

[ 2017-01-11T14:41:11+08:00 ] ::1 /xmnow/index.php/Home/Chaxun/fyhuizong.html
INFO: [ app_init ] --START--
INFO: Run Behavior\BuildLiteBehavior [ RunTime:0.000034s ]
INFO: [ app_init ] --END-- [ RunTime:0.000643s ]

[ 2017-01-11T14:41:14+08:00 ] ::1 /xmnow/index.php/Home/Chaxun/yptongji.html
INFO: [ app_init ] --START--
INFO: Run Behavior\BuildLiteBehavior [ RunTime:0.000035s ]
INFO: [ app_init ] --END-- [ RunTime:0.000727s ]

[ 2017-01-11T14:41:23+08:00 ] ::1 /xmnow/index.php/Home/Index/tiaoyang.html
INFO: [ app_init ] --START--
INFO: Run Behavior\BuildLiteBehavior [ RunTime:0.000037s ]
INFO: [ app_init ] --END-- [ RunTime:0.000674s ]

[ 2017-01-11T14:41:29+08:00 ] ::1 /xmnow/index.php/Home/Chaxun/sfzonghe.html
INFO: [ app_init ] --START--
INFO: Run Behavior\BuildLiteBehavior [ RunTime:0.000035s ]
INFO: [ app_init ] --END-- [ RunTime:0.000716s ]

[ 2017-01-11T14:41:33+08:00 ] ::1 /xmnow/index.php/Home/Index/tiaoyang.html
INFO: [ app_init ] --START--
INFO: Run Behavior\BuildLiteBehavior [ RunTime:0.000036s ]
INFO: [ app_init ] --END-- [ RunTime:0.000693s ]

[ 2017-01-11T14:41:35+08:00 ] ::1 /xmnow/index.php/Home/Index/dengji.html
INFO: [ app_init ] --START--
INFO: Run Behavior\BuildLiteBehavior [ RunTime:0.000035s ]
INFO: [ app_init ] --END-- [ RunTime:0.000705s ]

[ 2017-01-11T14:41:37+08:00 ] ::1 /xmnow/index.php/Home/Index/tiaoyang.html
INFO: [ app_init ] --START--
INFO: Run Behavior\BuildLiteBehavior [ RunTime:0.000035s ]
INFO: [ app_init ] --END-- [ RunTime:0.000647s ]

[ 2017-01-11T14:44:33+08:00 ] ::1 /xmnow/index.php/Home/Index/tiaoyang.html
INFO: [ app_init ] --START--
INFO: Run Behavior\BuildLiteBehavior [ RunTime:0.000034s ]
INFO: [ app_init ] --END-- [ RunTime:0.000743s ]

[ 2017-01-11T14:44:36+08:00 ] ::1 /xmnow/index.php/Home/Index/tizhi.html
INFO: [ app_init ] --START--
INFO: Run Behavior\BuildLiteBehavior [ RunTime:0.000034s ]
INFO: [ app_init ] --END-- [ RunTime:0.000645s ]

[ 2017-01-11T14:44:39+08:00 ] ::1 /xmnow/index.php/Home/Index/home.html
INFO: [ app_init ] --START--
INFO: Run Behavior\BuildLiteBehavior [ RunTime:0.000066s ]
INFO: [ app_init ] --END-- [ RunTime:0.001164s ]

[ 2017-01-11T14:44:41+08:00 ] ::1 /xmnow/index.php/Home/Index/tiaoyang.html
INFO: [ app_init ] --START--
INFO: Run Behavior\BuildLiteBehavior [ RunTime:0.000035s ]
INFO: [ app_init ] --END-- [ RunTime:0.000679s ]

[ 2017-01-11T14:44:58+08:00 ] ::1 /xmnow/index.php/Home/Chaxun/sfzonghe.html
INFO: [ app_init ] --START--
INFO: Run Behavior\BuildLiteBehavior [ RunTime:0.000035s ]
INFO: [ app_init ] --END-- [ RunTime:0.000699s ]

[ 2017-01-11T14:45:01+08:00 ] ::1 /xmnow/index.php/Home/Chaxun/fyhuizong.html
INFO: [ app_init ] --START--
INFO: Run Behavior\BuildLiteBehavior [ RunTime:0.000037s ]
INFO: [ app_init ] --END-- [ RunTime:0.000691s ]

[ 2017-01-11T14:45:03+08:00 ] ::1 /xmnow/index.php/Home/Chaxun/yptongji.html
INFO: [ app_init ] --START--
INFO: Run Behavior\BuildLiteBehavior [ RunTime:0.000059s ]
INFO: [ app_init ] --END-- [ RunTime:0.000740s ]

[ 2017-01-11T14:45:07+08:00 ] ::1 /xmnow/index.php/Home/Huajia/index.html
INFO: [ app_init ] --START--
INFO: Run Behavior\BuildLiteBehavior [ RunTime:0.000035s ]
INFO: [ app_init ] --END-- [ RunTime:0.000661s ]

[ 2017-01-11T14:45:27+08:00 ] ::1 /xmnow/index.php/Home/Huajia/index.html
INFO: [ app_init ] --START--
INFO: Run Behavior\BuildLiteBehavior [ RunTime:0.000031s ]
INFO: [ app_init ] --END-- [ RunTime:0.000598s ]

[ 2017-01-11T14:47:13+08:00 ] ::1 /xmnow/index.php/Home/Index/tiaoyang.html
INFO: [ app_init ] --START--
INFO: Run Behavior\BuildLiteBehavior [ RunTime:0.000043s ]
INFO: [ app_init ] --END-- [ RunTime:0.000669s ]

[ 2017-01-11T14:47:15+08:00 ] ::1 /xmnow/index.php/Home/Index/tizhi.html
INFO: [ app_init ] --START--
INFO: Run Behavior\BuildLiteBehavior [ RunTime:0.000034s ]
INFO: [ app_init ] --END-- [ RunTime:0.000653s ]

[ 2017-01-11T14:56:15+08:00 ] ::1 /xmnow/index.php/Home/Index/jiankang.html
INFO: [ app_init ] --START--
INFO: Run Behavior\BuildLiteBehavior [ RunTime:0.000036s ]
INFO: [ app_init ] --END-- [ RunTime:0.000852s ]

[ 2017-01-11T14:56:17+08:00 ] ::1 /xmnow/index.php/Home/Index/chaxun.html
INFO: [ app_init ] --START--
INFO: Run Behavior\BuildLiteBehavior [ RunTime:0.000035s ]
INFO: [ app_init ] --END-- [ RunTime:0.000683s ]

[ 2017-01-11T14:56:20+08:00 ] ::1 /xmnow/index.php/Home/Index/chaxun.html
INFO: [ app_init ] --START--
INFO: Run Behavior\BuildLiteBehavior [ RunTime:0.000038s ]
INFO: [ app_init ] --END-- [ RunTime:0.000846s ]

[ 2017-01-11T14:56:22+08:00 ] ::1 /xmnow/index.php/Home/Index/tiaoyang.html
INFO: [ app_init ] --START--
INFO: Run Behavior\BuildLiteBehavior [ RunTime:0.000031s ]
INFO: [ app_init ] --END-- [ RunTime:0.000559s ]

[ 2017-01-11T14:56:25+08:00 ] ::1 /xmnow/index.php/Home/Index/tizhi.html
INFO: [ app_init ] --START--
INFO: Run Behavior\BuildLiteBehavior [ RunTime:0.000062s ]
INFO: [ app_init ] --END-- [ RunTime:0.000942s ]

[ 2017-01-11T14:57:10+08:00 ] ::1 /xmnow/index.php/Home/Chaxun/sfzonghe.html
INFO: [ app_init ] --START--
INFO: Run Behavior\BuildLiteBehavior [ RunTime:0.000031s ]
INFO: [ app_init ] --END-- [ RunTime:0.000607s ]

[ 2017-01-11T14:57:14+08:00 ] ::1 /xmnow/index.php/Home/Index/home.html
INFO: [ app_init ] --START--
INFO: Run Behavior\BuildLiteBehavior [ RunTime:0.000031s ]
INFO: [ app_init ] --END-- [ RunTime:0.000589s ]

[ 2017-01-11T14:57:39+08:00 ] ::1 /xmnow/index.php/Home/Index/tizhi.html
INFO: [ app_init ] --START--
INFO: Run Behavior\BuildLiteBehavior [ RunTime:0.000037s ]
INFO: [ app_init ] --END-- [ RunTime:0.000967s ]

[ 2017-01-11T14:58:37+08:00 ] ::1 /xmnow/index.php/Home/Index/tizhi.html
INFO: [ app_init ] --START--
INFO: Run Behavior\BuildLiteBehavior [ RunTime:0.000063s ]
INFO: [ app_init ] --END-- [ RunTime:0.001037s ]

[ 2017-01-11T15:00:14+08:00 ] ::1 /xmnow/index.php/Home/Index/tizhi.html
INFO: [ app_init ] --START--
INFO: Run Behavior\BuildLiteBehavior [ RunTime:0.000042s ]
INFO: [ app_init ] --END-- [ RunTime:0.000790s ]

[ 2017-01-11T15:01:02+08:00 ] ::1 /xmnow/index.php/Home/Index/tizhi.html
INFO: [ app_init ] --START--
INFO: Run Behavior\BuildLiteBehavior [ RunTime:0.000043s ]
INFO: [ app_init ] --END-- [ RunTime:0.000812s ]

[ 2017-01-11T15:07:06+08:00 ] ::1 /xmnow/index.php/Home/Index/tizhi.html
INFO: [ app_init ] --START--
INFO: Run Behavior\BuildLiteBehavior [ RunTime:0.000038s ]
INFO: [ app_init ] --END-- [ RunTime:0.000723s ]

[ 2017-01-11T15:07:46+08:00 ] ::1 /xmnow/index.php/Home/Index/tizhi.html
INFO: [ app_init ] --START--
INFO: Run Behavior\BuildLiteBehavior [ RunTime:0.000034s ]
INFO: [ app_init ] --END-- [ RunTime:0.000705s ]

[ 2017-01-11T15:17:57+08:00 ] ::1 /xmnow/index.php/Home/Index/tizhi.html
INFO: [ app_init ] --START--
INFO: Run Behavior\BuildLiteBehavior [ RunTime:0.000035s ]
INFO: [ app_init ] --END-- [ RunTime:0.000738s ]

[ 2017-01-11T15:18:08+08:00 ] ::1 /xmnow/index.php/Home/Index/tizhi.html
INFO: [ app_init ] --START--
INFO: Run Behavior\BuildLiteBehavior [ RunTime:0.000163s ]
INFO: [ app_init ] --END-- [ RunTime:0.001850s ]

[ 2017-01-11T15:40:15+08:00 ] ::1 /xmnow/index.php/Home/Index/tizhi.html
INFO: [ app_init ] --START--
INFO: Run Behavior\BuildLiteBehavior [ RunTime:0.000035s ]
INFO: [ app_init ] --END-- [ RunTime:0.000672s ]

[ 2017-01-11T15:40:19+08:00 ] ::1 /xmnow/index.php/Home/Index/tizhi.html
INFO: [ app_init ] --START--
INFO: Run Behavior\BuildLiteBehavior [ RunTime:0.000054s ]
INFO: [ app_init ] --END-- [ RunTime:0.000885s ]

[ 2017-01-11T15:42:58+08:00 ] ::1 /xmnow/index.php/Home/Index/tizhi.html
INFO: [ app_init ] --START--
INFO: Run Behavior\BuildLiteBehavior [ RunTime:0.000033s ]
INFO: [ app_init ] --END-- [ RunTime:0.000614s ]

[ 2017-01-11T15:43:05+08:00 ] ::1 /xmnow/index.php/Home/Index/tizhi.html
INFO: [ app_init ] --START--
INFO: Run Behavior\BuildLiteBehavior [ RunTime:0.000032s ]
INFO: [ app_init ] --END-- [ RunTime:0.000669s ]

[ 2017-01-11T15:43:10+08:00 ] ::1 /xmnow/index.php/Home/Index/tizhi.html
INFO: [ app_init ] --START--
INFO: Run Behavior\BuildLiteBehavior [ RunTime:0.000050s ]
INFO: [ app_init ] --END-- [ RunTime:0.000940s ]

[ 2017-01-11T15:43:38+08:00 ] ::1 /xmnow/index.php/Home/Index/tizhi.html
INFO: [ app_init ] --START--
INFO: Run Behavior\BuildLiteBehavior [ RunTime:0.000031s ]
INFO: [ app_init ] --END-- [ RunTime:0.000571s ]

[ 2017-01-11T15:43:41+08:00 ] ::1 /xmnow/index.php/Home/Index/tizhi.html
INFO: [ app_init ] --START--
INFO: Run Behavior\BuildLiteBehavior [ RunTime:0.000033s ]
INFO: [ app_init ] --END-- [ RunTime:0.000630s ]

[ 2017-01-11T15:43:45+08:00 ] ::1 /xmnow/index.php/Home/Index/tizhi.html
INFO: [ app_init ] --START--
INFO: Run Behavior\BuildLiteBehavior [ RunTime:0.000032s ]
INFO: [ app_init ] --END-- [ RunTime:0.000585s ]

[ 2017-01-11T15:44:23+08:00 ] ::1 /xmnow/index.php/Home/Index/tizhi.html
INFO: [ app_init ] --START--
INFO: Run Behavior\BuildLiteBehavior [ RunTime:0.000031s ]
INFO: [ app_init ] --END-- [ RunTime:0.000584s ]

[ 2017-01-11T15:44:40+08:00 ] ::1 /xmnow/index.php/Home/Index/tizhi.html
INFO: [ app_init ] --START--
INFO: Run Behavior\BuildLiteBehavior [ RunTime:0.000033s ]
INFO: [ app_init ] --END-- [ RunTime:0.000578s ]

[ 2017-01-11T15:44:45+08:00 ] ::1 /xmnow/index.php/Home/Index/tizhi.html
INFO: [ app_init ] --START--
INFO: Run Behavior\BuildLiteBehavior [ RunTime:0.000032s ]
INFO: [ app_init ] --END-- [ RunTime:0.000565s ]

[ 2017-01-11T15:45:34+08:00 ] ::1 /xmnow/index.php/Home/Huajia/index.html
INFO: [ app_init ] --START--
INFO: Run Behavior\BuildLiteBehavior [ RunTime:0.000036s ]
INFO: [ app_init ] --END-- [ RunTime:0.000669s ]

[ 2017-01-11T15:45:48+08:00 ] ::1 /xmnow/index.php/Home/Index/tizhi
INFO: [ app_init ] --START--
INFO: Run Behavior\BuildLiteBehavior [ RunTime:0.000077s ]
INFO: [ app_init ] --END-- [ RunTime:0.000754s ]

[ 2017-01-11T15:49:00+08:00 ] ::1 /TP3.2.3pykj/index.php/Home/Index/tizhi
INFO: [ app_init ] --START--
INFO: Run Behavior\BuildLiteBehavior [ RunTime:0.000060s ]
INFO: [ app_init ] --END-- [ RunTime:0.001274s ]

[ 2017-01-11T15:49:41+08:00 ] ::1 /TP3.2.3pykj/index.php/Home/Index/tizhi
INFO: [ app_init ] --START--
INFO: Run Behavior\BuildLiteBehavior [ RunTime:0.000058s ]
INFO: [ app_init ] --END-- [ RunTime:0.000935s ]

[ 2017-01-11T15:49:43+08:00 ] ::1 /TP3.2.3pykj/index.php/Home/Index/tizhi
INFO: [ app_init ] --START--
INFO: Run Behavior\BuildLiteBehavior [ RunTime:0.000033s ]
INFO: [ app_init ] --END-- [ RunTime:0.000677s ]

[ 2017-01-11T15:49:43+08:00 ] ::1 /TP3.2.3pykj/index.php/Home/Index/tizhi
INFO: [ app_init ] --START--
INFO: Run Behavior\BuildLiteBehavior [ RunTime:0.000059s ]
INFO: [ app_init ] --END-- [ RunTime:0.001055s ]

[ 2017-01-11T15:49:44+08:00 ] ::1 /TP3.2.3pykj/index.php/Home/Index/tizhi
INFO: [ app_init ] --START--
INFO: Run Behavior\BuildLiteBehavior [ RunTime:0.000033s ]
INFO: [ app_init ] --END-- [ RunTime:0.000697s ]

[ 2017-01-11T15:49:44+08:00 ] ::1 /TP3.2.3pykj/index.php/Home/Index/tizhi
INFO: [ app_init ] --START--
INFO: Run Behavior\BuildLiteBehavior [ RunTime:0.000076s ]
INFO: [ app_init ] --END-- [ RunTime:0.001423s ]

[ 2017-01-11T15:49:44+08:00 ] ::1 /TP3.2.3pykj/index.php/Home/Index/tizhi
INFO: [ app_init ] --START--
INFO: Run Behavior\BuildLiteBehavior [ RunTime:0.000066s ]
INFO: [ app_init ] --END-- [ RunTime:0.001417s ]

[ 2017-01-11T15:49:44+08:00 ] ::1 /TP3.2.3pykj/index.php/Home/Index/tizhi
INFO: [ app_init ] --START--
INFO: Run Behavior\BuildLiteBehavior [ RunTime:0.000054s ]
INFO: [ app_init ] --END-- [ RunTime:0.000960s ]

[ 2017-01-11T15:49:44+08:00 ] ::1 /TP3.2.3pykj/index.php/Home/Index/tizhi
INFO: [ app_init ] --START--
INFO: Run Behavior\BuildLiteBehavior [ RunTime:0.000067s ]
INFO: [ app_init ] --END-- [ RunTime:0.001109s ]

[ 2017-01-11T15:49:44+08:00 ] ::1 /TP3.2.3pykj/index.php/Home/Index/tizhi
INFO: [ app_init ] --START--
INFO: Run Behavior\BuildLiteBehavior [ RunTime:0.000035s ]
INFO: [ app_init ] --END-- [ RunTime:0.000907s ]

[ 2017-01-11T15:49:45+08:00 ] ::1 /TP3.2.3pykj/index.php/Home/Index/tizhi
INFO: [ app_init ] --START--
INFO: Run Behavior\BuildLiteBehavior [ RunTime:0.000063s ]
INFO: [ app_init ] --END-- [ RunTime:0.001262s ]

[ 2017-01-11T15:49:45+08:00 ] ::1 /TP3.2.3pykj/index.php/Home/Index/tizhi
INFO: [ app_init ] --START--
INFO: Run Behavior\BuildLiteBehavior [ RunTime:0.000062s ]
INFO: [ app_init ] --END-- [ RunTime:0.001143s ]

[ 2017-01-11T15:50:32+08:00 ] ::1 /TP3.2.3pykj/index.php/Home/Index/tizhi
INFO: [ app_init ] --START--
INFO: Run Behavior\BuildLiteBehavior [ RunTime:0.000030s ]
INFO: [ app_init ] --END-- [ RunTime:0.000693s ]

[ 2017-01-11T15:50:33+08:00 ] ::1 /TP3.2.3pykj/index.php/Home/Index/tizhi
INFO: [ app_init ] --START--
INFO: Run Behavior\BuildLiteBehavior [ RunTime:0.000070s ]
INFO: [ app_init ] --END-- [ RunTime:0.001115s ]

[ 2017-01-11T15:50:46+08:00 ] ::1 /TP3.2.3pykj/index.php/Home/Index/tizhi
INFO: [ app_init ] --START--
INFO: Run Behavior\BuildLiteBehavior [ RunTime:0.000030s ]
INFO: [ app_init ] --END-- [ RunTime:0.000654s ]

[ 2017-01-11T15:50:58+08:00 ] ::1 /TP3.2.3pykj/index.php/Home/Index/tizhi
INFO: [ app_init ] --START--
INFO: Run Behavior\BuildLiteBehavior [ RunTime:0.000039s ]
INFO: [ app_init ] --END-- [ RunTime:0.000760s ]

[ 2017-01-11T15:51:19+08:00 ] ::1 /TP3.2.3pykj/index.php/Home/Index/tizhi
INFO: [ app_init ] --START--
INFO: Run Behavior\BuildLiteBehavior [ RunTime:0.000030s ]
INFO: [ app_init ] --END-- [ RunTime:0.000696s ]

[ 2017-01-11T15:51:20+08:00 ] ::1 /TP3.2.3pykj/index.php/Home/Index/tizhi
INFO: [ app_init ] --START--
INFO: Run Behavior\BuildLiteBehavior [ RunTime:0.000037s ]
INFO: [ app_init ] --END-- [ RunTime:0.000853s ]

[ 2017-01-11T15:51:21+08:00 ] ::1 /TP3.2.3pykj/index.php/Home/Index/tizhi
INFO: [ app_init ] --START--
INFO: Run Behavior\BuildLiteBehavior [ RunTime:0.000032s ]
INFO: [ app_init ] --END-- [ RunTime:0.000644s ]

[ 2017-01-11T15:51:21+08:00 ] ::1 /TP3.2.3pykj/index.php/Home/Index/tizhi
INFO: [ app_init ] --START--
INFO: Run Behavior\BuildLiteBehavior [ RunTime:0.000034s ]
INFO: [ app_init ] --END-- [ RunTime:0.000637s ]

[ 2017-01-11T15:51:21+08:00 ] ::1 /TP3.2.3pykj/index.php/Home/Index/tizhi
INFO: [ app_init ] --START--
INFO: Run Behavior\BuildLiteBehavior [ RunTime:0.000031s ]
INFO: [ app_init ] --END-- [ RunTime:0.000568s ]

[ 2017-01-11T15:51:21+08:00 ] ::1 /TP3.2.3pykj/index.php/Home/Index/tizhi
INFO: [ app_init ] --START--
INFO: Run Behavior\BuildLiteBehavior [ RunTime:0.000074s ]
INFO: [ app_init ] --END-- [ RunTime:0.000769s ]

[ 2017-01-11T15:51:22+08:00 ] ::1 /TP3.2.3pykj/index.php/Home/Index/tizhi
INFO: [ app_init ] --START--
INFO: Run Behavior\BuildLiteBehavior [ RunTime:0.000033s ]
INFO: [ app_init ] --END-- [ RunTime:0.000662s ]

[ 2017-01-11T15:51:35+08:00 ] ::1 /TP3.2.3pykj/index.php/Home/Index/tizhi
INFO: [ app_init ] --START--
INFO: Run Behavior\BuildLiteBehavior [ RunTime:0.000032s ]
INFO: [ app_init ] --END-- [ RunTime:0.000620s ]

[ 2017-01-11T15:51:36+08:00 ] ::1 /TP3.2.3pykj/index.php/Home/Index/tizhi
INFO: [ app_init ] --START--
INFO: Run Behavior\BuildLiteBehavior [ RunTime:0.000031s ]
INFO: [ app_init ] --END-- [ RunTime:0.000668s ]

[ 2017-01-11T15:51:57+08:00 ] ::1 /TP3.2.3pykj/index.php/Home/Index/tizhi
INFO: [ app_init ] --START--
INFO: Run Behavior\BuildLiteBehavior [ RunTime:0.000029s ]
INFO: [ app_init ] --END-- [ RunTime:0.000612s ]

[ 2017-01-11T15:52:33+08:00 ] ::1 /TP3.2.3pykj/index.php/Home/Index/tizhi
INFO: [ app_init ] --START--
INFO: Run Behavior\BuildLiteBehavior [ RunTime:0.000061s ]
INFO: [ app_init ] --END-- [ RunTime:0.001136s ]

[ 2017-01-11T15:52:34+08:00 ] ::1 /TP3.2.3pykj/index.php/Home/Index/tizhi
INFO: [ app_init ] --START--
INFO: Run Behavior\BuildLiteBehavior [ RunTime:0.000033s ]
INFO: [ app_init ] --END-- [ RunTime:0.000690s ]

[ 2017-01-11T15:52:39+08:00 ] ::1 /TP3.2.3pykj/index.php/Home/Index/tizhi
INFO: [ app_init ] --START--
INFO: Run Behavior\BuildLiteBehavior [ RunTime:0.000063s ]
INFO: [ app_init ] --END-- [ RunTime:0.001099s ]

[ 2017-01-11T15:52:55+08:00 ] ::1 /TP3.2.3pykj/index.php/Home/Index/tizhi
INFO: [ app_init ] --START--
INFO: Run Behavior\BuildLiteBehavior [ RunTime:0.000035s ]
INFO: [ app_init ] --END-- [ RunTime:0.000778s ]

[ 2017-01-11T15:52:59+08:00 ] ::1 /TP3.2.3pykj/index.php/Home/Index/tizhi
INFO: [ app_init ] --START--
INFO: Run Behavior\BuildLiteBehavior [ RunTime:0.000030s ]
INFO: [ app_init ] --END-- [ RunTime:0.000629s ]

[ 2017-01-11T15:53:07+08:00 ] ::1 /TP3.2.3pykj/index.php/Home/Index/tizhi
INFO: [ app_init ] --START--
INFO: Run Behavior\BuildLiteBehavior [ RunTime:0.000036s ]
INFO: [ app_init ] --END-- [ RunTime:0.000709s ]

[ 2017-01-11T15:54:01+08:00 ] ::1 /TP3.2.3pykj/index.php/Home/Index/tizhi
INFO: [ app_init ] --START--
INFO: Run Behavior\BuildLiteBehavior [ RunTime:0.000058s ]
INFO: [ app_init ] --END-- [ RunTime:0.000811s ]

[ 2017-01-11T15:54:56+08:00 ] ::1 /TP3.2.3pykj/index.php/Home/Index/tizhi
INFO: [ app_init ] --START--
INFO: Run Behavior\BuildLiteBehavior [ RunTime:0.000048s ]
INFO: [ app_init ] --END-- [ RunTime:0.000865s ]

[ 2017-01-11T15:57:20+08:00 ] ::1 /TP3.2.3pykj/index.php/Home/Index/tizhi
INFO: [ app_init ] --START--
INFO: Run Behavior\BuildLiteBehavior [ RunTime:0.000058s ]
INFO: [ app_init ] --END-- [ RunTime:0.001021s ]

[ 2017-01-11T15:57:21+08:00 ] ::1 /TP3.2.3pykj/index.php/Home/Index/tizhi
INFO: [ app_init ] --START--
INFO: Run Behavior\BuildLiteBehavior [ RunTime:0.000050s ]
INFO: [ app_init ] --END-- [ RunTime:0.000714s ]

[ 2017-01-11T15:57:22+08:00 ] ::1 /TP3.2.3pykj/index.php/Home/Index/tizhi
INFO: [ app_init ] --START--
INFO: Run Behavior\BuildLiteBehavior [ RunTime:0.000058s ]
INFO: [ app_init ] --END-- [ RunTime:0.001062s ]

[ 2017-01-11T15:57:22+08:00 ] ::1 /TP3.2.3pykj/index.php/Home/Index/tizhi
INFO: [ app_init ] --START--
INFO: Run Behavior\BuildLiteBehavior [ RunTime:0.000061s ]
INFO: [ app_init ] --END-- [ RunTime:0.001100s ]

[ 2017-01-11T15:57:22+08:00 ] ::1 /TP3.2.3pykj/index.php/Home/Index/tizhi
INFO: [ app_init ] --START--
INFO: Run Behavior\BuildLiteBehavior [ RunTime:0.000031s ]
INFO: [ app_init ] --END-- [ RunTime:0.000596s ]

[ 2017-01-11T15:57:30+08:00 ] ::1 /TP3.2.3pykj/index.php/Home/Index/tizhi
INFO: [ app_init ] --START--
INFO: Run Behavior\BuildLiteBehavior [ RunTime:0.000037s ]
INFO: [ app_init ] --END-- [ RunTime:0.000831s ]

[ 2017-01-11T15:57:33+08:00 ] ::1 /TP3.2.3pykj/index.php/Home/Index/tizhi
INFO: [ app_init ] --START--
INFO: Run Behavior\BuildLiteBehavior [ RunTime:0.000031s ]
INFO: [ app_init ] --END-- [ RunTime:0.000645s ]

[ 2017-01-11T15:59:07+08:00 ] ::1 /TP3.2.3pykj/index.php/Home/Index/tizhi
INFO: [ app_init ] --START--
INFO: Run Behavior\BuildLiteBehavior [ RunTime:0.000036s ]
INFO: [ app_init ] --END-- [ RunTime:0.000678s ]

[ 2017-01-11T16:00:14+08:00 ] ::1 /TP3.2.3pykj/index.php/Home/Index/tizhi
INFO: [ app_init ] --START--
INFO: Run Behavior\BuildLiteBehavior [ RunTime:0.000063s ]
INFO: [ app_init ] --END-- [ RunTime:0.001111s ]

[ 2017-01-11T16:00:50+08:00 ] ::1 /TP3.2.3pykj/index.php/Home/Index/tizhi
INFO: [ app_init ] --START--
INFO: Run Behavior\BuildLiteBehavior [ RunTime:0.000030s ]
INFO: [ app_init ] --END-- [ RunTime:0.000605s ]

[ 2017-01-11T16:01:37+08:00 ] ::1 /TP3.2.3pykj/index.php/Home/Index/tizhi
INFO: [ app_init ] --START--
INFO: Run Behavior\BuildLiteBehavior [ RunTime:0.000032s ]
INFO: [ app_init ] --END-- [ RunTime:0.000634s ]

[ 2017-01-11T16:01:44+08:00 ] ::1 /TP3.2.3pykj/index.php/Home/Index/tizhi
INFO: [ app_init ] --START--
INFO: Run Behavior\BuildLiteBehavior [ RunTime:0.000032s ]
INFO: [ app_init ] --END-- [ RunTime:0.000572s ]

[ 2017-01-11T16:02:54+08:00 ] ::1 /TP3.2.3pykj/index.php/Home/Index/tizhi
INFO: [ app_init ] --START--
INFO: Run Behavior\BuildLiteBehavior [ RunTime:0.000058s ]
INFO: [ app_init ] --END-- [ RunTime:0.001115s ]

[ 2017-01-11T16:02:56+08:00 ] ::1 /TP3.2.3pykj/index.php/Home/Index/tizhi
INFO: [ app_init ] --START--
INFO: Run Behavior\BuildLiteBehavior [ RunTime:0.000042s ]
INFO: [ app_init ] --END-- [ RunTime:0.000872s ]

[ 2017-01-11T16:03:03+08:00 ] ::1 /TP3.2.3pykj/index.php/Home/Index/tizhi
INFO: [ app_init ] --START--
INFO: Run Behavior\BuildLiteBehavior [ RunTime:0.000060s ]
INFO: [ app_init ] --END-- [ RunTime:0.000861s ]

[ 2017-01-11T16:03:10+08:00 ] ::1 /TP3.2.3pykj/index.php/Home/Index/tizhi
INFO: [ app_init ] --START--
INFO: Run Behavior\BuildLiteBehavior [ RunTime:0.000061s ]
INFO: [ app_init ] --END-- [ RunTime:0.000839s ]

[ 2017-01-11T16:03:16+08:00 ] ::1 /TP3.2.3pykj/index.php/Home/Index/tizhi
INFO: [ app_init ] --START--
INFO: Run Behavior\BuildLiteBehavior [ RunTime:0.000052s ]
INFO: [ app_init ] --END-- [ RunTime:0.000990s ]

[ 2017-01-11T16:03:24+08:00 ] ::1 /TP3.2.3pykj/index.php/Home/Index/tizhi
INFO: [ app_init ] --START--
INFO: Run Behavior\BuildLiteBehavior [ RunTime:0.000034s ]
INFO: [ app_init ] --END-- [ RunTime:0.000620s ]

[ 2017-01-11T16:03:28+08:00 ] ::1 /TP3.2.3pykj/index.php/Home/Index/tizhi
INFO: [ app_init ] --START--
INFO: Run Behavior\BuildLiteBehavior [ RunTime:0.000049s ]
INFO: [ app_init ] --END-- [ RunTime:0.000988s ]

[ 2017-01-11T16:04:39+08:00 ] ::1 /TP3.2.3pykj/index.php/Home/Index/tizhi
INFO: [ app_init ] --START--
INFO: Run Behavior\BuildLiteBehavior [ RunTime:0.000036s ]
INFO: [ app_init ] --END-- [ RunTime:0.000695s ]

[ 2017-01-11T16:04:48+08:00 ] ::1 /TP3.2.3pykj/index.php/Home/Index/tizhi
INFO: [ app_init ] --START--
INFO: Run Behavior\BuildLiteBehavior [ RunTime:0.000032s ]
INFO: [ app_init ] --END-- [ RunTime:0.000717s ]

[ 2017-01-11T16:06:13+08:00 ] ::1 /TP3.2.3pykj/index.php/Home/Index/tizhi
INFO: [ app_init ] --START--
INFO: Run Behavior\BuildLiteBehavior [ RunTime:0.000032s ]
INFO: [ app_init ] --END-- [ RunTime:0.000643s ]

[ 2017-01-11T16:06:13+08:00 ] ::1 /TP3.2.3pykj/index.php/Home/Index/tizhi
INFO: [ app_init ] --START--
INFO: Run Behavior\BuildLiteBehavior [ RunTime:0.000032s ]
INFO: [ app_init ] --END-- [ RunTime:0.000654s ]

[ 2017-01-11T16:06:13+08:00 ] ::1 /TP3.2.3pykj/index.php/Home/Index/tizhi
INFO: [ app_init ] --START--
INFO: Run Behavior\BuildLiteBehavior [ RunTime:0.000060s ]
INFO: [ app_init ] --END-- [ RunTime:0.001230s ]

[ 2017-01-11T16:06:13+08:00 ] ::1 /TP3.2.3pykj/index.php/Home/Index/tizhi
INFO: [ app_init ] --START--
INFO: Run Behavior\BuildLiteBehavior [ RunTime:0.000058s ]
INFO: [ app_init ] --END-- [ RunTime:0.000797s ]

[ 2017-01-11T16:06:14+08:00 ] ::1 /TP3.2.3pykj/index.php/Home/Index/tizhi
INFO: [ app_init ] --START--
INFO: Run Behavior\BuildLiteBehavior [ RunTime:0.000031s ]
INFO: [ app_init ] --END-- [ RunTime:0.000635s ]

[ 2017-01-11T16:06:14+08:00 ] ::1 /TP3.2.3pykj/index.php/Home/Index/tizhi
INFO: [ app_init ] --START--
INFO: Run Behavior\BuildLiteBehavior [ RunTime:0.000031s ]
INFO: [ app_init ] --END-- [ RunTime:0.000591s ]

[ 2017-01-11T16:07:08+08:00 ] ::1 /TP3.2.3pykj/index.php/Home/Index/tizhi
INFO: [ app_init ] --START--
INFO: Run Behavior\BuildLiteBehavior [ RunTime:0.000033s ]
INFO: [ app_init ] --END-- [ RunTime:0.000663s ]

[ 2017-01-11T16:07:19+08:00 ] ::1 /TP3.2.3pykj/index.php/Home/Index/tizhi
INFO: [ app_init ] --START--
INFO: Run Behavior\BuildLiteBehavior [ RunTime:0.000041s ]
INFO: [ app_init ] --END-- [ RunTime:0.000861s ]

[ 2017-01-11T16:08:09+08:00 ] ::1 /TP3.2.3pykj/index.php/Home/Index/tizhi
INFO: [ app_init ] --START--
INFO: Run Behavior\BuildLiteBehavior [ RunTime:0.000032s ]
INFO: [ app_init ] --END-- [ RunTime:0.000696s ]

[ 2017-01-11T16:08:22+08:00 ] ::1 /TP3.2.3pykj/index.php/Home/Index/tizhi
INFO: [ app_init ] --START--
INFO: Run Behavior\BuildLiteBehavior [ RunTime:0.000060s ]
INFO: [ app_init ] --END-- [ RunTime:0.000912s ]

[ 2017-01-11T16:08:26+08:00 ] ::1 /TP3.2.3pykj/index.php/Home/Index/tizhi
INFO: [ app_init ] --START--
INFO: Run Behavior\BuildLiteBehavior [ RunTime:0.000032s ]
INFO: [ app_init ] --END-- [ RunTime:0.000670s ]

[ 2017-01-11T16:08:30+08:00 ] ::1 /TP3.2.3pykj/index.php/Home/Index/tizhi
INFO: [ app_init ] --START--
INFO: Run Behavior\BuildLiteBehavior [ RunTime:0.000035s ]
INFO: [ app_init ] --END-- [ RunTime:0.000726s ]

[ 2017-01-11T16:08:38+08:00 ] ::1 /TP3.2.3pykj/index.php/Home/Index/tizhi
INFO: [ app_init ] --START--
INFO: Run Behavior\BuildLiteBehavior [ RunTime:0.000036s ]
INFO: [ app_init ] --END-- [ RunTime:0.001185s ]

[ 2017-01-11T16:08:42+08:00 ] ::1 /TP3.2.3pykj/index.php/Home/Index/tizhi
INFO: [ app_init ] --START--
INFO: Run Behavior\BuildLiteBehavior [ RunTime:0.000032s ]
INFO: [ app_init ] --END-- [ RunTime:0.000683s ]

[ 2017-01-11T16:08:46+08:00 ] ::1 /TP3.2.3pykj/index.php/Home/Index/tizhi
INFO: [ app_init ] --START--
INFO: Run Behavior\BuildLiteBehavior [ RunTime:0.000033s ]
INFO: [ app_init ] --END-- [ RunTime:0.000694s ]

[ 2017-01-11T16:08:48+08:00 ] ::1 /TP3.2.3pykj/index.php/Home/Index/tizhi
INFO: [ app_init ] --START--
INFO: Run Behavior\BuildLiteBehavior [ RunTime:0.000067s ]
INFO: [ app_init ] --END-- [ RunTime:0.000776s ]

[ 2017-01-11T16:08:54+08:00 ] ::1 /TP3.2.3pykj/index.php/Home/Index/tizhi
INFO: [ app_init ] --START--
INFO: Run Behavior\BuildLiteBehavior [ RunTime:0.000032s ]
INFO: [ app_init ] --END-- [ RunTime:0.000595s ]

[ 2017-01-11T16:08:58+08:00 ] ::1 /TP3.2.3pykj/index.php/Home/Index/tizhi
INFO: [ app_init ] --START--
INFO: Run Behavior\BuildLiteBehavior [ RunTime:0.000035s ]
INFO: [ app_init ] --END-- [ RunTime:0.000699s ]

[ 2017-01-11T16:09:00+08:00 ] ::1 /TP3.2.3pykj/index.php/Home/Index/tizhi
INFO: [ app_init ] --START--
INFO: Run Behavior\BuildLiteBehavior [ RunTime:0.000038s ]
INFO: [ app_init ] --END-- [ RunTime:0.000806s ]

[ 2017-01-11T16:09:04+08:00 ] ::1 /TP3.2.3pykj/index.php/Home/Index/tizhi
INFO: [ app_init ] --START--
INFO: Run Behavior\BuildLiteBehavior [ RunTime:0.000034s ]
INFO: [ app_init ] --END-- [ RunTime:0.000654s ]

[ 2017-01-11T16:09:12+08:00 ] ::1 /TP3.2.3pykj/index.php/Home/Index/tizhi
INFO: [ app_init ] --START--
INFO: Run Behavior\BuildLiteBehavior [ RunTime:0.000122s ]
INFO: [ app_init ] --END-- [ RunTime:0.001328s ]

[ 2017-01-11T16:09:16+08:00 ] ::1 /TP3.2.3pykj/index.php/Home/Index/tizhi
INFO: [ app_init ] --START--
INFO: Run Behavior\BuildLiteBehavior [ RunTime:0.000037s ]
INFO: [ app_init ] --END-- [ RunTime:0.000767s ]

[ 2017-01-11T16:09:19+08:00 ] ::1 /TP3.2.3pykj/index.php/Home/Index/tizhi
INFO: [ app_init ] --START--
INFO: Run Behavior\BuildLiteBehavior [ RunTime:0.000036s ]
INFO: [ app_init ] --END-- [ RunTime:0.000688s ]

[ 2017-01-11T16:09:21+08:00 ] ::1 /TP3.2.3pykj/index.php/Home/Index/tizhi
INFO: [ app_init ] --START--
INFO: Run Behavior\BuildLiteBehavior [ RunTime:0.000036s ]
INFO: [ app_init ] --END-- [ RunTime:0.000740s ]

[ 2017-01-11T16:09:24+08:00 ] ::1 /TP3.2.3pykj/index.php/Home/Index/tizhi
INFO: [ app_init ] --START--
INFO: Run Behavior\BuildLiteBehavior [ RunTime:0.000041s ]
INFO: [ app_init ] --END-- [ RunTime:0.000787s ]

[ 2017-01-11T16:09:26+08:00 ] ::1 /TP3.2.3pykj/index.php/Home/Index/tizhi
INFO: [ app_init ] --START--
INFO: Run Behavior\BuildLiteBehavior [ RunTime:0.000030s ]
INFO: [ app_init ] --END-- [ RunTime:0.000604s ]

[ 2017-01-11T16:09:57+08:00 ] ::1 /TP3.2.3pykj/index.php/Home/Index/tizhi
INFO: [ app_init ] --START--
INFO: Run Behavior\BuildLiteBehavior [ RunTime:0.000042s ]
INFO: [ app_init ] --END-- [ RunTime:0.000827s ]

[ 2017-01-11T16:10:03+08:00 ] ::1 /TP3.2.3pykj/index.php/Home/Index/tizhi
INFO: [ app_init ] --START--
INFO: Run Behavior\BuildLiteBehavior [ RunTime:0.000043s ]
INFO: [ app_init ] --END-- [ RunTime:0.000733s ]

[ 2017-01-11T16:10:06+08:00 ] ::1 /TP3.2.3pykj/index.php/Home/Index/tizhi
INFO: [ app_init ] --START--
INFO: Run Behavior\BuildLiteBehavior [ RunTime:0.000037s ]
INFO: [ app_init ] --END-- [ RunTime:0.000780s ]

[ 2017-01-11T16:10:09+08:00 ] ::1 /TP3.2.3pykj/index.php/Home/Index/tizhi
INFO: [ app_init ] --START--
INFO: Run Behavior\BuildLiteBehavior [ RunTime:0.000033s ]
INFO: [ app_init ] --END-- [ RunTime:0.000645s ]

[ 2017-01-11T16:10:12+08:00 ] ::1 /TP3.2.3pykj/index.php/Home/Index/tizhi
INFO: [ app_init ] --START--
INFO: Run Behavior\BuildLiteBehavior [ RunTime:0.000031s ]
INFO: [ app_init ] --END-- [ RunTime:0.000644s ]

[ 2017-01-11T16:10:39+08:00 ] ::1 /TP3.2.3pykj/index.php/Home/Index/tizhi
INFO: [ app_init ] --START--
INFO: Run Behavior\BuildLiteBehavior [ RunTime:0.000032s ]
INFO: [ app_init ] --END-- [ RunTime:0.000604s ]

[ 2017-01-11T16:10:41+08:00 ] ::1 /TP3.2.3pykj/index.php/Home/Index/tizhi
INFO: [ app_init ] --START--
INFO: Run Behavior\BuildLiteBehavior [ RunTime:0.000064s ]
INFO: [ app_init ] --END-- [ RunTime:0.001052s ]

[ 2017-01-11T16:10:43+08:00 ] ::1 /TP3.2.3pykj/index.php/Home/Index/tizhi
INFO: [ app_init ] --START--
INFO: Run Behavior\BuildLiteBehavior [ RunTime:0.000056s ]
INFO: [ app_init ] --END-- [ RunTime:0.000938s ]

[ 2017-01-11T16:10:46+08:00 ] ::1 /TP3.2.3pykj/index.php/Home/Index/tizhi
INFO: [ app_init ] --START--
INFO: Run Behavior\BuildLiteBehavior [ RunTime:0.000047s ]
INFO: [ app_init ] --END-- [ RunTime:0.000963s ]

[ 2017-01-11T16:10:48+08:00 ] ::1 /TP3.2.3pykj/index.php/Home/Index/tizhi
INFO: [ app_init ] --START--
INFO: Run Behavior\BuildLiteBehavior [ RunTime:0.000031s ]
INFO: [ app_init ] --END-- [ RunTime:0.000583s ]

[ 2017-01-11T16:11:08+08:00 ] ::1 /TP3.2.3pykj/index.php/Home/Index/tizhi
INFO: [ app_init ] --START--
INFO: Run Behavior\BuildLiteBehavior [ RunTime:0.000048s ]
INFO: [ app_init ] --END-- [ RunTime:0.000784s ]

[ 2017-01-11T16:11:41+08:00 ] ::1 /TP3.2.3pykj/index.php/Home/Index/tizhi
INFO: [ app_init ] --START--
INFO: Run Behavior\BuildLiteBehavior [ RunTime:0.000037s ]
INFO: [ app_init ] --END-- [ RunTime:0.000926s ]

[ 2017-01-11T16:12:16+08:00 ] ::1 /TP3.2.3pykj/index.php/Home/Index/tizhi
INFO: [ app_init ] --START--
INFO: Run Behavior\BuildLiteBehavior [ RunTime:0.000032s ]
INFO: [ app_init ] --END-- [ RunTime:0.000639s ]

[ 2017-01-11T16:14:00+08:00 ] ::1 /TP3.2.3pykj/index.php/Home/Index/tizhi
INFO: [ app_init ] --START--
INFO: Run Behavior\BuildLiteBehavior [ RunTime:0.000031s ]
INFO: [ app_init ] --END-- [ RunTime:0.000578s ]

[ 2017-01-11T16:14:13+08:00 ] ::1 /TP3.2.3pykj/index.php/Home/Index/tizhi
INFO: [ app_init ] --START--
INFO: Run Behavior\BuildLiteBehavior [ RunTime:0.000030s ]
INFO: [ app_init ] --END-- [ RunTime:0.000597s ]

[ 2017-01-11T16:14:24+08:00 ] ::1 /TP3.2.3pykj/index.php/Home/Index/tizhi
INFO: [ app_init ] --START--
INFO: Run Behavior\BuildLiteBehavior [ RunTime:0.000049s ]
INFO: [ app_init ] --END-- [ RunTime:0.000696s ]

[ 2017-01-11T16:14:32+08:00 ] ::1 /TP3.2.3pykj/index.php/Home/Index/tizhi
INFO: [ app_init ] --START--
INFO: Run Behavior\BuildLiteBehavior [ RunTime:0.000035s ]
INFO: [ app_init ] --END-- [ RunTime:0.000644s ]

[ 2017-01-11T16:15:17+08:00 ] ::1 /TP3.2.3pykj/index.php/Home/Index/tizhi
INFO: [ app_init ] --START--
INFO: Run Behavior\BuildLiteBehavior [ RunTime:0.000033s ]
INFO: [ app_init ] --END-- [ RunTime:0.000616s ]

[ 2017-01-11T16:15:26+08:00 ] ::1 /TP3.2.3pykj/index.php/Home/Index/tizhi
INFO: [ app_init ] --START--
INFO: Run Behavior\BuildLiteBehavior [ RunTime:0.000039s ]
INFO: [ app_init ] --END-- [ RunTime:0.000630s ]

[ 2017-01-11T16:15:30+08:00 ] ::1 /TP3.2.3pykj/index.php/Home/Index/tizhi
INFO: [ app_init ] --START--
INFO: Run Behavior\BuildLiteBehavior [ RunTime:0.000031s ]
INFO: [ app_init ] --END-- [ RunTime:0.000557s ]

[ 2017-01-11T16:15:54+08:00 ] ::1 /TP3.2.3pykj/index.php/Home/Index/tizhi
INFO: [ app_init ] --START--
INFO: Run Behavior\BuildLiteBehavior [ RunTime:0.000037s ]
INFO: [ app_init ] --END-- [ RunTime:0.000803s ]

[ 2017-01-11T16:15:56+08:00 ] ::1 /TP3.2.3pykj/index.php/Home/Index/tizhi
INFO: [ app_init ] --START--
INFO: Run Behavior\BuildLiteBehavior [ RunTime:0.000038s ]
INFO: [ app_init ] --END-- [ RunTime:0.000775s ]

[ 2017-01-11T16:16:01+08:00 ] ::1 /TP3.2.3pykj/index.php/Home/Index/tizhi
INFO: [ app_init ] --START--
INFO: Run Behavior\BuildLiteBehavior [ RunTime:0.000031s ]
INFO: [ app_init ] --END-- [ RunTime:0.000767s ]

[ 2017-01-11T16:16:09+08:00 ] ::1 /TP3.2.3pykj/index.php/Home/Index/tizhi
INFO: [ app_init ] --START--
INFO: Run Behavior\BuildLiteBehavior [ RunTime:0.000031s ]
INFO: [ app_init ] --END-- [ RunTime:0.000577s ]

[ 2017-01-11T16:24:48+08:00 ] ::1 /TP3.2.3pykj/index.php/Home/Index/tizhi
INFO: [ app_init ] --START--
INFO: Run Behavior\BuildLiteBehavior [ RunTime:0.000036s ]
INFO: [ app_init ] --END-- [ RunTime:0.000671s ]

[ 2017-01-11T16:24:52+08:00 ] ::1 /TP3.2.3pykj/index.php/Home/Index/tizhi
INFO: [ app_init ] --START--
INFO: Run Behavior\BuildLiteBehavior [ RunTime:0.000032s ]
INFO: [ app_init ] --END-- [ RunTime:0.000699s ]

[ 2017-01-11T16:24:57+08:00 ] ::1 /TP3.2.3pykj/index.php/Home/Index/tizhi
INFO: [ app_init ] --START--
INFO: Run Behavior\BuildLiteBehavior [ RunTime:0.000101s ]
INFO: [ app_init ] --END-- [ RunTime:0.001272s ]

[ 2017-01-11T16:26:42+08:00 ] ::1 /TP3.2.3pykj/index.php/Home/Index/tizhi
INFO: [ app_init ] --START--
INFO: Run Behavior\BuildLiteBehavior [ RunTime:0.000034s ]
INFO: [ app_init ] --END-- [ RunTime:0.000703s ]

[ 2017-01-11T16:26:47+08:00 ] ::1 /TP3.2.3pykj/index.php/Home/Index/tizhi
INFO: [ app_init ] --START--
INFO: Run Behavior\BuildLiteBehavior [ RunTime:0.000061s ]
INFO: [ app_init ] --END-- [ RunTime:0.000691s ]

[ 2017-01-11T16:26:52+08:00 ] ::1 /TP3.2.3pykj/index.php/Home/Index/tizhi
INFO: [ app_init ] --START--
INFO: Run Behavior\BuildLiteBehavior [ RunTime:0.000075s ]
INFO: [ app_init ] --END-- [ RunTime:0.001046s ]

[ 2017-01-11T16:31:09+08:00 ] ::1 /TP3.2.3pykj/index.php/Home/Index/tizhi
INFO: [ app_init ] --START--
INFO: Run Behavior\BuildLiteBehavior [ RunTime:0.000090s ]
INFO: [ app_init ] --END-- [ RunTime:0.001269s ]

[ 2017-01-11T16:32:25+08:00 ] ::1 /TP3.2.3pykj/index.php/Home/Index/tizhi
INFO: [ app_init ] --START--
INFO: Run Behavior\BuildLiteBehavior [ RunTime:0.000035s ]
INFO: [ app_init ] --END-- [ RunTime:0.000668s ]

[ 2017-01-11T16:32:34+08:00 ] ::1 /TP3.2.3pykj/index.php/Home/Index/tizhi
INFO: [ app_init ] --START--
INFO: Run Behavior\BuildLiteBehavior [ RunTime:0.000130s ]
INFO: [ app_init ] --END-- [ RunTime:0.001416s ]

[ 2017-01-11T16:33:28+08:00 ] ::1 /TP3.2.3pykj/index.php/Home/Index/tizhi
INFO: [ app_init ] --START--
INFO: Run Behavior\BuildLiteBehavior [ RunTime:0.000037s ]
INFO: [ app_init ] --END-- [ RunTime:0.000768s ]

[ 2017-01-11T16:35:48+08:00 ] ::1 /TP3.2.3pykj/index.php/Home/Index/tizhi
INFO: [ app_init ] --START--
INFO: Run Behavior\BuildLiteBehavior [ RunTime:0.000032s ]
INFO: [ app_init ] --END-- [ RunTime:0.000674s ]

[ 2017-01-11T16:36:21+08:00 ] ::1 /TP3.2.3pykj/index.php/Home/Index/tizhi
INFO: [ app_init ] --START--
INFO: Run Behavior\BuildLiteBehavior [ RunTime:0.000072s ]
INFO: [ app_init ] --END-- [ RunTime:0.001834s ]

[ 2017-01-11T16:36:29+08:00 ] ::1 /TP3.2.3pykj/index.php/Home/Index/tizhi
INFO: [ app_init ] --START--
INFO: Run Behavior\BuildLiteBehavior [ RunTime:0.000033s ]
INFO: [ app_init ] --END-- [ RunTime:0.000771s ]

[ 2017-01-11T16:36:57+08:00 ] ::1 /TP3.2.3pykj/index.php/Home/Index/tizhi
INFO: [ app_init ] --START--
INFO: Run Behavior\BuildLiteBehavior [ RunTime:0.000036s ]
INFO: [ app_init ] --END-- [ RunTime:0.001157s ]

[ 2017-01-11T16:37:12+08:00 ] ::1 /TP3.2.3pykj/index.php/Home/Index/tizhi
INFO: [ app_init ] --START--
INFO: Run Behavior\BuildLiteBehavior [ RunTime:0.000038s ]
INFO: [ app_init ] --END-- [ RunTime:0.000605s ]

[ 2017-01-11T16:39:46+08:00 ] ::1 /TP3.2.3pykj/index.php/Home/Index/tizhi
INFO: [ app_init ] --START--
INFO: Run Behavior\BuildLiteBehavior [ RunTime:0.000039s ]
INFO: [ app_init ] --END-- [ RunTime:0.000962s ]

[ 2017-01-11T16:40:16+08:00 ] ::1 /TP3.2.3pykj/index.php/Home/Index/tizhi
INFO: [ app_init ] --START--
INFO: Run Behavior\BuildLiteBehavior [ RunTime:0.000035s ]
INFO: [ app_init ] --END-- [ RunTime:0.000756s ]

[ 2017-01-11T16:45:30+08:00 ] ::1 /TP3.2.3pykj/index.php/Home/Index/tizhi
INFO: [ app_init ] --START--
INFO: Run Behavior\BuildLiteBehavior [ RunTime:0.000074s ]
INFO: [ app_init ] --END-- [ RunTime:0.001205s ]

[ 2017-01-11T16:45:36+08:00 ] ::1 /TP3.2.3pykj/index.php/Home/Index/tizhi
INFO: [ app_init ] --START--
INFO: Run Behavior\BuildLiteBehavior [ RunTime:0.000032s ]
INFO: [ app_init ] --END-- [ RunTime:0.000640s ]

[ 2017-01-11T16:45:45+08:00 ] ::1 /TP3.2.3pykj/index.php/Home/Index/tizhi
INFO: [ app_init ] --START--
INFO: Run Behavior\BuildLiteBehavior [ RunTime:0.000046s ]
INFO: [ app_init ] --END-- [ RunTime:0.000756s ]

[ 2017-01-11T16:46:21+08:00 ] ::1 /TP3.2.3pykj/index.php/Home/Index/tizhi
INFO: [ app_init ] --START--
INFO: Run Behavior\BuildLiteBehavior [ RunTime:0.000056s ]
INFO: [ app_init ] --END-- [ RunTime:0.000750s ]

[ 2017-01-11T16:46:25+08:00 ] ::1 /TP3.2.3pykj/index.php/Home/Index/tizhi
INFO: [ app_init ] --START--
INFO: Run Behavior\BuildLiteBehavior [ RunTime:0.000057s ]
INFO: [ app_init ] --END-- [ RunTime:0.000996s ]

[ 2017-01-11T16:46:41+08:00 ] ::1 /TP3.2.3pykj/index.php/Home/Index/tizhi
INFO: [ app_init ] --START--
INFO: Run Behavior\BuildLiteBehavior [ RunTime:0.000059s ]
INFO: [ app_init ] --END-- [ RunTime:0.001058s ]

[ 2017-01-11T16:48:47+08:00 ] ::1 /TP3.2.3pykj/index.php/Home/Index/tizhi
INFO: [ app_init ] --START--
INFO: Run Behavior\BuildLiteBehavior [ RunTime:0.000033s ]
INFO: [ app_init ] --END-- [ RunTime:0.000676s ]

[ 2017-01-11T16:50:46+08:00 ] ::1 /TP3.2.3pykj/index.php/Home/Index/tizhi
INFO: [ app_init ] --START--
INFO: Run Behavior\BuildLiteBehavior [ RunTime:0.000041s ]
INFO: [ app_init ] --END-- [ RunTime:0.000832s ]

[ 2017-01-11T16:51:41+08:00 ] ::1 /TP3.2.3pykj/index.php/Home/Index/tizhi
INFO: [ app_init ] --START--
INFO: Run Behavior\BuildLiteBehavior [ RunTime:0.000038s ]
INFO: [ app_init ] --END-- [ RunTime:0.000655s ]

[ 2017-01-11T16:52:26+08:00 ] ::1 /TP3.2.3pykj/index.php/Home/Index/tizhi
INFO: [ app_init ] --START--
INFO: Run Behavior\BuildLiteBehavior [ RunTime:0.000042s ]
INFO: [ app_init ] --END-- [ RunTime:0.000684s ]

[ 2017-01-11T16:54:16+08:00 ] ::1 /TP3.2.3pykj/index.php/Home/Index/tizhi
INFO: [ app_init ] --START--
INFO: Run Behavior\BuildLiteBehavior [ RunTime:0.000045s ]
INFO: [ app_init ] --END-- [ RunTime:0.000842s ]

[ 2017-01-11T16:54:36+08:00 ] ::1 /TP3.2.3pykj/index.php/Home/Index/tizhi
INFO: [ app_init ] --START--
INFO: Run Behavior\BuildLiteBehavior [ RunTime:0.000032s ]
INFO: [ app_init ] --END-- [ RunTime:0.000609s ]

[ 2017-01-11T16:56:49+08:00 ] ::1 /TP3.2.3pykj/index.php/Home/Index/tizhi
INFO: [ app_init ] --START--
INFO: Run Behavior\BuildLiteBehavior [ RunTime:0.000057s ]
INFO: [ app_init ] --END-- [ RunTime:0.000896s ]

[ 2017-01-11T17:00:44+08:00 ] ::1 /TP3.2.3pykj/index.php/Home/Index/tizhi
INFO: [ app_init ] --START--
INFO: Run Behavior\BuildLiteBehavior [ RunTime:0.000059s ]
INFO: [ app_init ] --END-- [ RunTime:0.000927s ]

[ 2017-01-11T17:00:45+08:00 ] ::1 /TP3.2.3pykj/index.php/Home/Index/tizhi
INFO: [ app_init ] --START--
INFO: Run Behavior\BuildLiteBehavior [ RunTime:0.000031s ]
INFO: [ app_init ] --END-- [ RunTime:0.000666s ]

[ 2017-01-11T17:03:10+08:00 ] ::1 /TP3.2.3pykj/index.php/Home/Index/tizhi
INFO: [ app_init ] --START--
INFO: Run Behavior\BuildLiteBehavior [ RunTime:0.000043s ]
INFO: [ app_init ] --END-- [ RunTime:0.001000s ]

[ 2017-01-11T17:23:07+08:00 ] ::1 /TP3.2.3pykj/index.php/Home/Index/tizhi
INFO: [ app_init ] --START--
INFO: Run Behavior\BuildLiteBehavior [ RunTime:0.000060s ]
INFO: [ app_init ] --END-- [ RunTime:0.001649s ]

[ 2017-01-11T17:30:04+08:00 ] ::1 /TP3.2.3pykj/index.php/Home/Index/tizhi
INFO: [ app_init ] --START--
INFO: Run Behavior\BuildLiteBehavior [ RunTime:0.000171s ]
INFO: [ app_init ] --END-- [ RunTime:0.002839s ]

[ 2017-01-11T17:30:27+08:00 ] ::1 /TP3.2.3pykj/index.php/Home/Index/tizhi
INFO: [ app_init ] --START--
INFO: Run Behavior\BuildLiteBehavior [ RunTime:0.000048s ]
INFO: [ app_init ] --END-- [ RunTime:0.000816s ]

[ 2017-01-11T17:31:00+08:00 ] ::1 /TP3.2.3pykj/index.php/Home/Index/tizhi
INFO: [ app_init ] --START--
INFO: Run Behavior\BuildLiteBehavior [ RunTime:0.000033s ]
INFO: [ app_init ] --END-- [ RunTime:0.000637s ]

[ 2017-01-11T17:40:53+08:00 ] ::1 /TP3.2.3pykj/index.php/Home/Index/tizhi
INFO: [ app_init ] --START--
INFO: Run Behavior\BuildLiteBehavior [ RunTime:0.000034s ]
INFO: [ app_init ] --END-- [ RunTime:0.000741s ]

[ 2017-01-11T17:44:52+08:00 ] ::1 /TP3.2.3pykj/index.php/Home/Index/tizhi
INFO: [ app_init ] --START--
INFO: Run Behavior\BuildLiteBehavior [ RunTime:0.000034s ]
INFO: [ app_init ] --END-- [ RunTime:0.000881s ]

[ 2017-01-11T17:45:19+08:00 ] ::1 /TP3.2.3pykj/index.php/Home/Index/tizhi
INFO: [ app_init ] --START--
INFO: Run Behavior\BuildLiteBehavior [ RunTime:0.000031s ]
INFO: [ app_init ] --END-- [ RunTime:0.000602s ]

[ 2017-01-11T17:45:25+08:00 ] ::1 /TP3.2.3pykj/index.php/Home/Index/tizhi
INFO: [ app_init ] --START--
INFO: Run Behavior\BuildLiteBehavior [ RunTime:0.000031s ]
INFO: [ app_init ] --END-- [ RunTime:0.000557s ]

[ 2017-01-11T17:45:31+08:00 ] ::1 /TP3.2.3pykj/index.php/Home/Index/tizhi
INFO: [ app_init ] --START--
INFO: Run Behavior\BuildLiteBehavior [ RunTime:0.000036s ]
INFO: [ app_init ] --END-- [ RunTime:0.000671s ]

[ 2017-01-11T17:45:38+08:00 ] ::1 /TP3.2.3pykj/index.php/Home/Index/tizhi
INFO: [ app_init ] --START--
INFO: Run Behavior\BuildLiteBehavior [ RunTime:0.000032s ]
INFO: [ app_init ] --END-- [ RunTime:0.000578s ]

[ 2017-01-11T17:45:45+08:00 ] ::1 /TP3.2.3pykj/index.php/Home/Index/tizhi
INFO: [ app_init ] --START--
INFO: Run Behavior\BuildLiteBehavior [ RunTime:0.000058s ]
INFO: [ app_init ] --END-- [ RunTime:0.000856s ]

[ 2017-01-11T17:45:52+08:00 ] ::1 /TP3.2.3pykj/index.php/Home/Index/tizhi
INFO: [ app_init ] --START--
INFO: Run Behavior\BuildLiteBehavior [ RunTime:0.000035s ]
INFO: [ app_init ] --END-- [ RunTime:0.000637s ]

[ 2017-01-11T17:45:55+08:00 ] ::1 /TP3.2.3pykj/index.php/Home/Index/tizhi
INFO: [ app_init ] --START--
INFO: Run Behavior\BuildLiteBehavior [ RunTime:0.000064s ]
INFO: [ app_init ] --END-- [ RunTime:0.001047s ]

[ 2017-01-11T17:45:59+08:00 ] ::1 /TP3.2.3pykj/index.php/Home/Index/tizhi
INFO: [ app_init ] --START--
INFO: Run Behavior\BuildLiteBehavior [ RunTime:0.000035s ]
INFO: [ app_init ] --END-- [ RunTime:0.000706s ]

[ 2017-01-11T17:46:02+08:00 ] ::1 /TP3.2.3pykj/index.php/Home/Index/tizhi
INFO: [ app_init ] --START--
INFO: Run Behavior\BuildLiteBehavior [ RunTime:0.000036s ]
INFO: [ app_init ] --END-- [ RunTime:0.000685s ]

[ 2017-01-11T17:46:06+08:00 ] ::1 /TP3.2.3pykj/index.php/Home/Index/tizhi
INFO: [ app_init ] --START--
INFO: Run Behavior\BuildLiteBehavior [ RunTime:0.000032s ]
INFO: [ app_init ] --END-- [ RunTime:0.000722s ]

[ 2017-01-11T17:46:18+08:00 ] ::1 /TP3.2.3pykj/index.php/Home/Index/tizhi
INFO: [ app_init ] --START--
INFO: Run Behavior\BuildLiteBehavior [ RunTime:0.000032s ]
INFO: [ app_init ] --END-- [ RunTime:0.000687s ]

[ 2017-01-11T17:46:23+08:00 ] ::1 /TP3.2.3pykj/index.php/Home/Index/tizhi
INFO: [ app_init ] --START--
INFO: Run Behavior\BuildLiteBehavior [ RunTime:0.000042s ]
INFO: [ app_init ] --END-- [ RunTime:0.000854s ]

[ 2017-01-11T17:46:27+08:00 ] ::1 /TP3.2.3pykj/index.php/Home/Index/tizhi
INFO: [ app_init ] --START--
INFO: Run Behavior\BuildLiteBehavior [ RunTime:0.000033s ]
INFO: [ app_init ] --END-- [ RunTime:0.000717s ]
>>>>>>> beee850f830c77dbc82a6b7e6faa7b3f6169176a

