[ 2017-01-12T08:06:29+08:00 ] ::1 /TP3.2.3pykj/
INFO: [ app_init ] --START--
INFO: Run Behavior\BuildLiteBehavior [ RunTime:0.000000s ]
INFO: [ app_init ] --END-- [ RunTime:0.003000s ]

[ 2017-01-12T08:06:32+08:00 ] ::1 /TP3.2.3pykj/index.php/Home/Index/home?
INFO: [ app_init ] --START--
INFO: Run Behavior\BuildLiteBehavior [ RunTime:0.000000s ]
INFO: [ app_init ] --END-- [ RunTime:0.002000s ]

[ 2017-01-12T08:07:31+08:00 ] ::1 /TP3.2.3pykj/index.php/Home/Index/home?
INFO: [ app_init ] --START--
INFO: Run Behavior\BuildLiteBehavior [ RunTime:0.000000s ]
INFO: [ app_init ] --END-- [ RunTime:0.001000s ]

[ 2017-01-12T08:11:21+08:00 ] ::1 /TP3.2.3pykj/index.php/Home/Index/dengji.html
INFO: [ app_init ] --START--
INFO: Run Behavior\BuildLiteBehavior [ RunTime:0.000000s ]
INFO: [ app_init ] --END-- [ RunTime:0.001000s ]

[ 2017-01-12T08:11:56+08:00 ] ::1 /TP3.2.3pykj/index.php/Home/Index/tizhi.html
INFO: [ app_init ] --START--
INFO: Run Behavior\BuildLiteBehavior [ RunTime:0.000000s ]
INFO: [ app_init ] --END-- [ RunTime:0.001000s ]

[ 2017-01-12T08:27:06+08:00 ] ::1 /TP3.2.3pykj/index.php/Home/Index/tiaoyang.html
INFO: [ app_init ] --START--
INFO: Run Behavior\BuildLiteBehavior [ RunTime:0.000000s ]
INFO: [ app_init ] --END-- [ RunTime:0.002000s ]

[ 2017-01-12T08:27:29+08:00 ] ::1 /TP3.2.3pykj/index.php/Home/Kaifang/bingMing.html
INFO: [ app_init ] --START--
INFO: Run Behavior\BuildLiteBehavior [ RunTime:0.000000s ]
INFO: [ app_init ] --END-- [ RunTime:0.001000s ]

[ 2017-01-12T08:27:34+08:00 ] ::1 /TP3.2.3pykj/index.php/Home/Kaifang/zhengxing.html
INFO: [ app_init ] --START--
INFO: Run Behavior\BuildLiteBehavior [ RunTime:0.000000s ]
INFO: [ app_init ] --END-- [ RunTime:0.001000s ]

[ 2017-01-12T08:27:39+08:00 ] ::1 /TP3.2.3pykj/index.php/Home/Kaifang/zhiLiaoZhinan.html
INFO: [ app_init ] --START--
INFO: Run Behavior\BuildLiteBehavior [ RunTime:0.000000s ]
INFO: [ app_init ] --END-- [ RunTime:0.001000s ]

[ 2017-01-12T08:27:45+08:00 ] ::1 /TP3.2.3pykj/index.php/Home/Index/jiankang.html
INFO: [ app_init ] --START--
INFO: Run Behavior\BuildLiteBehavior [ RunTime:0.000000s ]
INFO: [ app_init ] --END-- [ RunTime:0.001000s ]

[ 2017-01-12T08:38:22+08:00 ] ::1 /TP3.2.3pykj/index.php/Home/Kaifang/zhiLiaoZhinan.html
INFO: [ app_init ] --START--
INFO: Run Behavior\BuildLiteBehavior [ RunTime:0.000000s ]
INFO: [ app_init ] --END-- [ RunTime:0.001000s ]

[ 2017-01-12T08:38:27+08:00 ] ::1 /TP3.2.3pykj/index.php/Home/Kaifang/west.html
INFO: [ app_init ] --START--
INFO: Run Behavior\BuildLiteBehavior [ RunTime:0.000000s ]
INFO: [ app_init ] --END-- [ RunTime:0.001000s ]

[ 2017-01-12T08:38:29+08:00 ] ::1 /TP3.2.3pykj/index.php/Home/Huajia/index.html
INFO: [ app_init ] --START--
INFO: Run Behavior\BuildLiteBehavior [ RunTime:0.000000s ]
INFO: [ app_init ] --END-- [ RunTime:0.001000s ]

[ 2017-01-12T08:39:36+08:00 ] ::1 /TP3.2.3pykj/index.php/Home/Kaifang/bingMing.html
INFO: [ app_init ] --START--
INFO: Run Behavior\BuildLiteBehavior [ RunTime:0.000000s ]
INFO: [ app_init ] --END-- [ RunTime:0.001000s ]

[ 2017-01-12T08:41:09+08:00 ] ::1 /TP3.2.3pykj/index.php/Home/Kaifang/bingMing.html
INFO: [ app_init ] --START--
INFO: Run Behavior\BuildLiteBehavior [ RunTime:0.000000s ]
INFO: [ app_init ] --END-- [ RunTime:0.001000s ]

[ 2017-01-12T08:41:17+08:00 ] ::1 /TP3.2.3pykj/index.php/Home/Huajia/index.html
INFO: [ app_init ] --START--
INFO: Run Behavior\BuildLiteBehavior [ RunTime:0.000000s ]
INFO: [ app_init ] --END-- [ RunTime:0.001000s ]

[ 2017-01-12T08:41:25+08:00 ] ::1 /TP3.2.3pykj/index.php/Home/Kaifang/bingMing.html
INFO: [ app_init ] --START--
INFO: Run Behavior\BuildLiteBehavior [ RunTime:0.000000s ]
INFO: [ app_init ] --END-- [ RunTime:0.001000s ]

[ 2017-01-12T08:42:30+08:00 ] ::1 /TP3.2.3pykj/index.php/Home/Kaifang/bingMing.html
INFO: [ app_init ] --START--
INFO: Run Behavior\BuildLiteBehavior [ RunTime:0.000000s ]
INFO: [ app_init ] --END-- [ RunTime:0.001000s ]

[ 2017-01-12T08:42:44+08:00 ] ::1 /TP3.2.3pykj/index.php/Home/Huajia/index.html
INFO: [ app_init ] --START--
INFO: Run Behavior\BuildLiteBehavior [ RunTime:0.000000s ]
INFO: [ app_init ] --END-- [ RunTime:0.001000s ]

[ 2017-01-12T08:42:51+08:00 ] ::1 /TP3.2.3pykj/index.php/Home/Kaifang/bingMing.html
INFO: [ app_init ] --START--
INFO: Run Behavior\BuildLiteBehavior [ RunTime:0.000000s ]
INFO: [ app_init ] --END-- [ RunTime:0.001000s ]

[ 2017-01-12T08:44:19+08:00 ] ::1 /TP3.2.3pykj/index.php/Home/Kaifang/zhengxing.html
INFO: [ app_init ] --START--
INFO: Run Behavior\BuildLiteBehavior [ RunTime:0.000000s ]
INFO: [ app_init ] --END-- [ RunTime:0.001000s ]

[ 2017-01-12T08:44:41+08:00 ] ::1 /TP3.2.3pykj/index.php/Home/Kaifang/zhengxing.html
INFO: [ app_init ] --START--
INFO: Run Behavior\BuildLiteBehavior [ RunTime:0.000000s ]
INFO: [ app_init ] --END-- [ RunTime:0.001000s ]

[ 2017-01-12T08:45:43+08:00 ] ::1 /TP3.2.3pykj/index.php/Home/Kaifang/zhiLiaoZhinan.html
INFO: [ app_init ] --START--
INFO: Run Behavior\BuildLiteBehavior [ RunTime:0.000000s ]
INFO: [ app_init ] --END-- [ RunTime:0.001000s ]

[ 2017-01-12T08:46:34+08:00 ] ::1 /TP3.2.3pykj/index.php/Home/Kaifang/zhiLiaoZhinan.html
INFO: [ app_init ] --START--
INFO: Run Behavior\BuildLiteBehavior [ RunTime:0.000000s ]
INFO: [ app_init ] --END-- [ RunTime:0.001000s ]

[ 2017-01-12T08:47:07+08:00 ] ::1 /TP3.2.3pykj/index.php/Home/Kaifang/jingDian.html
INFO: [ app_init ] --START--
INFO: Run Behavior\BuildLiteBehavior [ RunTime:0.000000s ]
INFO: [ app_init ] --END-- [ RunTime:0.001000s ]

[ 2017-01-12T08:47:52+08:00 ] ::1 /TP3.2.3pykj/index.php/Home/Kaifang/jingDian.html
INFO: [ app_init ] --START--
INFO: Run Behavior\BuildLiteBehavior [ RunTime:0.000000s ]
INFO: [ app_init ] --END-- [ RunTime:0.001000s ]

[ 2017-01-12T08:47:58+08:00 ] ::1 /TP3.2.3pykj/index.php/Home/Kaifang/jingYan.html
INFO: [ app_init ] --START--
INFO: Run Behavior\BuildLiteBehavior [ RunTime:0.000000s ]
INFO: [ app_init ] --END-- [ RunTime:0.001000s ]

[ 2017-01-12T08:49:14+08:00 ] ::1 /TP3.2.3pykj/index.php/Home/Kaifang/jingYan.html
INFO: [ app_init ] --START--
INFO: Run Behavior\BuildLiteBehavior [ RunTime:0.000000s ]
INFO: [ app_init ] --END-- [ RunTime:0.001000s ]

[ 2017-01-12T08:49:17+08:00 ] ::1 /TP3.2.3pykj/index.php/Home/Kaifang/jingYan.html
INFO: [ app_init ] --START--
INFO: Run Behavior\BuildLiteBehavior [ RunTime:0.000000s ]
INFO: [ app_init ] --END-- [ RunTime:0.001000s ]

[ 2017-01-12T08:49:32+08:00 ] ::1 /TP3.2.3pykj/index.php/Home/Kaifang/jingYan.html
INFO: [ app_init ] --START--
INFO: Run Behavior\BuildLiteBehavior [ RunTime:0.000000s ]
INFO: [ app_init ] --END-- [ RunTime:0.001000s ]

[ 2017-01-12T08:49:36+08:00 ] ::1 /TP3.2.3pykj/index.php/Home/Kaifang/bianZheng.html
INFO: [ app_init ] --START--
INFO: Run Behavior\BuildLiteBehavior [ RunTime:0.000000s ]
INFO: [ app_init ] --END-- [ RunTime:0.001000s ]

[ 2017-01-12T08:50:32+08:00 ] ::1 /TP3.2.3pykj/index.php/Home/Kaifang/bianZheng.html
INFO: [ app_init ] --START--
INFO: Run Behavior\BuildLiteBehavior [ RunTime:0.000000s ]
INFO: [ app_init ] --END-- [ RunTime:0.001000s ]

[ 2017-01-12T08:51:20+08:00 ] ::1 /TP3.2.3pykj/index.php/Home/Chaxun/blchaxun.html
INFO: [ app_init ] --START--
INFO: Run Behavior\BuildLiteBehavior [ RunTime:0.000000s ]
INFO: [ app_init ] --END-- [ RunTime:0.001000s ]

[ 2017-01-12T08:51:50+08:00 ] ::1 /TP3.2.3pykj/index.php/Home/Huajia/index.html
INFO: [ app_init ] --START--
INFO: Run Behavior\BuildLiteBehavior [ RunTime:0.000000s ]
INFO: [ app_init ] --END-- [ RunTime:0.001000s ]

[ 2017-01-12T08:51:53+08:00 ] ::1 /TP3.2.3pykj/index.php/Home/Chaxun/sfzonghe.html
INFO: [ app_init ] --START--
INFO: Run Behavior\BuildLiteBehavior [ RunTime:0.000000s ]
INFO: [ app_init ] --END-- [ RunTime:0.001000s ]

[ 2017-01-12T08:56:20+08:00 ] ::1 /TP3.2.3pykj/index.php/Home/Chaxun/sfzonghe.html
INFO: [ app_init ] --START--
INFO: Run Behavior\BuildLiteBehavior [ RunTime:0.000000s ]
INFO: [ app_init ] --END-- [ RunTime:0.002000s ]

[ 2017-01-12T08:56:22+08:00 ] ::1 /TP3.2.3pykj/index.php/Home/Kaifang/bingMing.html
INFO: [ app_init ] --START--
INFO: Run Behavior\BuildLiteBehavior [ RunTime:0.000000s ]
INFO: [ app_init ] --END-- [ RunTime:0.001000s ]

[ 2017-01-12T08:56:23+08:00 ] ::1 /TP3.2.3pykj/index.php/Home/Kaifang/bingMing.html
INFO: [ app_init ] --START--
INFO: Run Behavior\BuildLiteBehavior [ RunTime:0.000000s ]
INFO: [ app_init ] --END-- [ RunTime:0.001000s ]

[ 2017-01-12T08:57:26+08:00 ] ::1 /TP3.2.3pykj/index.php/Home/Kaifang/bingMing.html
INFO: [ app_init ] --START--
INFO: Run Behavior\BuildLiteBehavior [ RunTime:0.000000s ]
INFO: [ app_init ] --END-- [ RunTime:0.001000s ]

[ 2017-01-12T08:57:29+08:00 ] ::1 /TP3.2.3pykj/index.php/Home/Kaifang/zhengxing.html
INFO: [ app_init ] --START--
INFO: Run Behavior\BuildLiteBehavior [ RunTime:0.000000s ]
INFO: [ app_init ] --END-- [ RunTime:0.001000s ]

[ 2017-01-12T08:57:31+08:00 ] ::1 /TP3.2.3pykj/index.php/Home/Kaifang/zhiLiaoZhinan.html
INFO: [ app_init ] --START--
INFO: Run Behavior\BuildLiteBehavior [ RunTime:0.000000s ]
INFO: [ app_init ] --END-- [ RunTime:0.001000s ]

[ 2017-01-12T08:58:40+08:00 ] ::1 /TP3.2.3pykj/index.php/Home/Kaifang/zhiLiaoZhinan.html
INFO: [ app_init ] --START--
INFO: Run Behavior\BuildLiteBehavior [ RunTime:0.000000s ]
INFO: [ app_init ] --END-- [ RunTime:0.001000s ]

[ 2017-01-12T08:58:41+08:00 ] ::1 /TP3.2.3pykj/index.php/Home/Kaifang/zhiLiaoZhinan.html
INFO: [ app_init ] --START--
INFO: Run Behavior\BuildLiteBehavior [ RunTime:0.000000s ]
INFO: [ app_init ] --END-- [ RunTime:0.001000s ]

[ 2017-01-12T08:58:44+08:00 ] ::1 /TP3.2.3pykj/index.php/Home/Kaifang/zhengxing.html
INFO: [ app_init ] --START--
INFO: Run Behavior\BuildLiteBehavior [ RunTime:0.000000s ]
INFO: [ app_init ] --END-- [ RunTime:0.001001s ]

[ 2017-01-12T08:58:47+08:00 ] ::1 /TP3.2.3pykj/index.php/Home/Kaifang/bianZheng.html
INFO: [ app_init ] --START--
INFO: Run Behavior\BuildLiteBehavior [ RunTime:0.000000s ]
INFO: [ app_init ] --END-- [ RunTime:0.001000s ]

[ 2017-01-12T09:02:48+08:00 ] ::1 /TP3.2.3pykj/index.php/Home/Kaifang/bianZheng.html
INFO: [ app_init ] --START--
INFO: Run Behavior\BuildLiteBehavior [ RunTime:0.000000s ]
INFO: [ app_init ] --END-- [ RunTime:0.003000s ]

[ 2017-01-12T09:02:51+08:00 ] ::1 /TP3.2.3pykj/index.php/Home/Kaifang/bingMing.html
INFO: [ app_init ] --START--
INFO: Run Behavior\BuildLiteBehavior [ RunTime:0.000000s ]
INFO: [ app_init ] --END-- [ RunTime:0.001000s ]

[ 2017-01-12T09:06:57+08:00 ] ::1 /TP3.2.3pykj/index.php/Home/Kaifang/bingMing.html
INFO: [ app_init ] --START--
INFO: Run Behavior\BuildLiteBehavior [ RunTime:0.000000s ]
INFO: [ app_init ] --END-- [ RunTime:0.002000s ]

[ 2017-01-12T09:07:00+08:00 ] ::1 /TP3.2.3pykj/index.php/Home/Kaifang/zhengxing.html
INFO: [ app_init ] --START--
INFO: Run Behavior\BuildLiteBehavior [ RunTime:0.000000s ]
INFO: [ app_init ] --END-- [ RunTime:0.002000s ]

[ 2017-01-12T09:08:43+08:00 ] ::1 /TP3.2.3pykj/index.php/Home/Kaifang/zhengxing.html
INFO: [ app_init ] --START--
INFO: Run Behavior\BuildLiteBehavior [ RunTime:0.000000s ]
INFO: [ app_init ] --END-- [ RunTime:0.001000s ]

[ 2017-01-12T09:08:51+08:00 ] ::1 /TP3.2.3pykj/index.php/Home/Kaifang/jingDian.html
INFO: [ app_init ] --START--
INFO: Run Behavior\BuildLiteBehavior [ RunTime:0.000000s ]
INFO: [ app_init ] --END-- [ RunTime:0.001000s ]

[ 2017-01-12T09:08:53+08:00 ] ::1 /TP3.2.3pykj/index.php/Home/Kaifang/jingDian.html
INFO: [ app_init ] --START--
INFO: Run Behavior\BuildLiteBehavior [ RunTime:0.000000s ]
INFO: [ app_init ] --END-- [ RunTime:0.001000s ]

[ 2017-01-12T09:09:29+08:00 ] ::1 /TP3.2.3pykj/index.php/Home/Kaifang/jingDian.html
INFO: [ app_init ] --START--
INFO: Run Behavior\BuildLiteBehavior [ RunTime:0.000000s ]
INFO: [ app_init ] --END-- [ RunTime:0.001000s ]

[ 2017-01-12T09:09:32+08:00 ] ::1 /TP3.2.3pykj/index.php/Home/Kaifang/jingYan.html
INFO: [ app_init ] --START--
INFO: Run Behavior\BuildLiteBehavior [ RunTime:0.000000s ]
INFO: [ app_init ] --END-- [ RunTime:0.001000s ]

[ 2017-01-12T09:10:28+08:00 ] ::1 /TP3.2.3pykj/index.php/Home/Kaifang/jingYan.html
INFO: [ app_init ] --START--
INFO: Run Behavior\BuildLiteBehavior [ RunTime:0.000000s ]
INFO: [ app_init ] --END-- [ RunTime:0.001000s ]

[ 2017-01-12T09:10:33+08:00 ] ::1 /TP3.2.3pykj/index.php/Home/Kaifang/bianZheng.html
INFO: [ app_init ] --START--
INFO: Run Behavior\BuildLiteBehavior [ RunTime:0.000000s ]
INFO: [ app_init ] --END-- [ RunTime:0.001000s ]

[ 2017-01-12T09:13:07+08:00 ] ::1 /TP3.2.3pykj/index.php/Home/Index/home.html
INFO: [ app_init ] --START--
INFO: Run Behavior\BuildLiteBehavior [ RunTime:0.000000s ]
INFO: [ app_init ] --END-- [ RunTime:0.001000s ]

[ 2017-01-12T09:13:16+08:00 ] ::1 /TP3.2.3pykj/index.php/Home/Huajia/index.html
INFO: [ app_init ] --START--
INFO: Run Behavior\BuildLiteBehavior [ RunTime:0.000000s ]
INFO: [ app_init ] --END-- [ RunTime:0.001000s ]

[ 2017-01-12T09:13:22+08:00 ] ::1 /TP3.2.3pykj/index.php/Home/Index/home.html
INFO: [ app_init ] --START--
INFO: Run Behavior\BuildLiteBehavior [ RunTime:0.000000s ]
INFO: [ app_init ] --END-- [ RunTime:0.001000s ]

[ 2017-01-12T09:13:34+08:00 ] ::1 /TP3.2.3pykj/index.php/Home/Huajia/index.html
INFO: [ app_init ] --START--
INFO: Run Behavior\BuildLiteBehavior [ RunTime:0.000000s ]
INFO: [ app_init ] --END-- [ RunTime:0.001000s ]

[ 2017-01-12T09:13:37+08:00 ] ::1 /TP3.2.3pykj/index.php/Home/Kaifang/bingMing.html
INFO: [ app_init ] --START--
INFO: Run Behavior\BuildLiteBehavior [ RunTime:0.000000s ]
INFO: [ app_init ] --END-- [ RunTime:0.001000s ]

[ 2017-01-12T09:13:41+08:00 ] ::1 /TP3.2.3pykj/index.php/Home/Index/home.html
INFO: [ app_init ] --START--
INFO: Run Behavior\BuildLiteBehavior [ RunTime:0.000000s ]
INFO: [ app_init ] --END-- [ RunTime:0.001000s ]

[ 2017-01-12T09:13:49+08:00 ] ::1 /TP3.2.3pykj/index.php/Home/Kaifang/bingMing.html
INFO: [ app_init ] --START--
INFO: Run Behavior\BuildLiteBehavior [ RunTime:0.000000s ]
INFO: [ app_init ] --END-- [ RunTime:0.001000s ]

