[ 2017-01-09T09:48:03+08:00 ] ::1 /TP3.2.3pykj/index.php/Home/Index/chaxun
INFO: [ app_init ] --START--
INFO: Run Behavior\BuildLiteBehavior [ RunTime:0.000050s ]
INFO: [ app_init ] --END-- [ RunTime:0.001307s ]

[ 2017-01-09T09:48:10+08:00 ] ::1 /TP3.2.3pykj/index.php/Home/Index/home.html
INFO: [ app_init ] --START--
INFO: Run Behavior\BuildLiteBehavior [ RunTime:0.000038s ]
INFO: [ app_init ] --END-- [ RunTime:0.000961s ]

[ 2017-01-09T09:50:44+08:00 ] ::1 /TP3.2.3pykj/index.php/Home/Index/home.html
INFO: [ app_init ] --START--
INFO: Run Behavior\BuildLiteBehavior [ RunTime:0.000031s ]
INFO: [ app_init ] --END-- [ RunTime:0.000613s ]

[ 2017-01-09T09:50:47+08:00 ] ::1 /TP3.2.3pykj/index.php/Home/Index/home.html
INFO: [ app_init ] --START--
INFO: Run Behavior\BuildLiteBehavior [ RunTime:0.000077s ]
INFO: [ app_init ] --END-- [ RunTime:0.001632s ]

[ 2017-01-09T09:50:54+08:00 ] ::1 /TP3.2.3pykj/index.php/Home/Index/tizhi.html
INFO: [ app_init ] --START--
INFO: Run Behavior\BuildLiteBehavior [ RunTime:0.000035s ]
INFO: [ app_init ] --END-- [ RunTime:0.000660s ]

[ 2017-01-09T09:51:06+08:00 ] ::1 /TP3.2.3pykj/index.php/Home/Index/tizhi.html
INFO: [ app_init ] --START--
INFO: Run Behavior\BuildLiteBehavior [ RunTime:0.000039s ]
INFO: [ app_init ] --END-- [ RunTime:0.000833s ]

[ 2017-01-09T09:51:08+08:00 ] ::1 /TP3.2.3pykj/index.php/Home/Index/yuyue.html
INFO: [ app_init ] --START--
INFO: Run Behavior\BuildLiteBehavior [ RunTime:0.000038s ]
INFO: [ app_init ] --END-- [ RunTime:0.000724s ]

[ 2017-01-09T09:51:11+08:00 ] ::1 /TP3.2.3pykj/index.php/Home/Index/chaxun.html
INFO: [ app_init ] --START--
INFO: Run Behavior\BuildLiteBehavior [ RunTime:0.000034s ]
INFO: [ app_init ] --END-- [ RunTime:0.000678s ]

[ 2017-01-09T09:51:16+08:00 ] ::1 /TP3.2.3pykj/index.php/Home/Index/tizhi.html
INFO: [ app_init ] --START--
INFO: Run Behavior\BuildLiteBehavior [ RunTime:0.000035s ]
INFO: [ app_init ] --END-- [ RunTime:0.000658s ]

[ 2017-01-09T09:51:51+08:00 ] ::1 /TP3.2.3pykj/index.php/Home/Index/blog-detail.html
INFO: [ app_init ] --START--
INFO: Run Behavior\BuildLiteBehavior [ RunTime:0.000035s ]
INFO: [ app_init ] --END-- [ RunTime:0.000728s ]
ERR: 非法操作:blog-detail

[ 2017-01-09T14:05:18+08:00 ] ::1 /TP3.2.3pykj/index.php/Home/Index/tizhi.html
INFO: [ app_init ] --START--
INFO: Run Behavior\BuildLiteBehavior [ RunTime:0.000078s ]
INFO: [ app_init ] --END-- [ RunTime:0.002209s ]

[ 2017-01-09T14:14:25+08:00 ] ::1 /TP3.2.3pykj/index.php/Home/Index/tizhi.html
INFO: [ app_init ] --START--
INFO: Run Behavior\BuildLiteBehavior [ RunTime:0.000075s ]
INFO: [ app_init ] --END-- [ RunTime:0.001762s ]

[ 2017-01-09T14:14:38+08:00 ] ::1 /TP3.2.3pykj/index.php/Home/Index/tizhi.html
INFO: [ app_init ] --START--
INFO: Run Behavior\BuildLiteBehavior [ RunTime:0.000033s ]
INFO: [ app_init ] --END-- [ RunTime:0.000630s ]

[ 2017-01-09T14:17:38+08:00 ] ::1 /TP3.2.3pykj/index.php/Home/Index/tizhi.html
INFO: [ app_init ] --START--
INFO: Run Behavior\BuildLiteBehavior [ RunTime:0.000030s ]
INFO: [ app_init ] --END-- [ RunTime:0.000586s ]

[ 2017-01-09T14:20:38+08:00 ] ::1 /TP3.2.3pykj/index.php/Home/Index/tizhi.html
INFO: [ app_init ] --START--
INFO: Run Behavior\BuildLiteBehavior [ RunTime:0.000046s ]
INFO: [ app_init ] --END-- [ RunTime:0.000934s ]

[ 2017-01-09T14:20:41+08:00 ] ::1 /TP3.2.3pykj/index.php/Home/Index/tizhi.html
INFO: [ app_init ] --START--
INFO: Run Behavior\BuildLiteBehavior [ RunTime:0.000078s ]
INFO: [ app_init ] --END-- [ RunTime:0.001542s ]

[ 2017-01-09T14:20:42+08:00 ] ::1 /TP3.2.3pykj/index.php/Home/Index/tizhi.html
INFO: [ app_init ] --START--
INFO: Run Behavior\BuildLiteBehavior [ RunTime:0.000050s ]
INFO: [ app_init ] --END-- [ RunTime:0.000997s ]

[ 2017-01-09T14:20:49+08:00 ] ::1 /TP3.2.3pykj/index.php/Home/Index/tizhi.html
INFO: [ app_init ] --START--
INFO: Run Behavior\BuildLiteBehavior [ RunTime:0.000046s ]
INFO: [ app_init ] --END-- [ RunTime:0.000809s ]

[ 2017-01-09T14:20:51+08:00 ] ::1 /TP3.2.3pykj/index.php/Home/Index/tizhi.html
INFO: [ app_init ] --START--
INFO: Run Behavior\BuildLiteBehavior [ RunTime:0.000044s ]
INFO: [ app_init ] --END-- [ RunTime:0.000832s ]

[ 2017-01-09T14:21:27+08:00 ] ::1 /TP3.2.3pykj/index.php/Home/Index/tizhi.html
INFO: [ app_init ] --START--
INFO: Run Behavior\BuildLiteBehavior [ RunTime:0.000033s ]
INFO: [ app_init ] --END-- [ RunTime:0.000603s ]

[ 2017-01-09T14:21:29+08:00 ] ::1 /TP3.2.3pykj/index.php/Home/Index/tizhi.html
INFO: [ app_init ] --START--
INFO: Run Behavior\BuildLiteBehavior [ RunTime:0.000041s ]
INFO: [ app_init ] --END-- [ RunTime:0.000951s ]

[ 2017-01-09T14:21:30+08:00 ] ::1 /TP3.2.3pykj/index.php/Home/Index/tizhi.html
INFO: [ app_init ] --START--
INFO: Run Behavior\BuildLiteBehavior [ RunTime:0.000032s ]
INFO: [ app_init ] --END-- [ RunTime:0.000628s ]

[ 2017-01-09T14:21:32+08:00 ] ::1 /TP3.2.3pykj/index.php/Home/Index/tizhi.html
INFO: [ app_init ] --START--
INFO: Run Behavior\BuildLiteBehavior [ RunTime:0.000042s ]
INFO: [ app_init ] --END-- [ RunTime:0.000829s ]

[ 2017-01-09T14:21:32+08:00 ] ::1 /TP3.2.3pykj/index.php/Home/Index/tizhi.html
INFO: [ app_init ] --START--
INFO: Run Behavior\BuildLiteBehavior [ RunTime:0.000041s ]
INFO: [ app_init ] --END-- [ RunTime:0.000643s ]

[ 2017-01-09T14:21:32+08:00 ] ::1 /TP3.2.3pykj/index.php/Home/Index/tizhi.html
INFO: [ app_init ] --START--
INFO: Run Behavior\BuildLiteBehavior [ RunTime:0.000032s ]
INFO: [ app_init ] --END-- [ RunTime:0.000507s ]

[ 2017-01-09T14:21:32+08:00 ] ::1 /TP3.2.3pykj/index.php/Home/Index/tizhi.html
INFO: [ app_init ] --START--
INFO: Run Behavior\BuildLiteBehavior [ RunTime:0.000031s ]
INFO: [ app_init ] --END-- [ RunTime:0.000503s ]

[ 2017-01-09T14:21:33+08:00 ] ::1 /TP3.2.3pykj/index.php/Home/Index/tizhi.html
INFO: [ app_init ] --START--
INFO: Run Behavior\BuildLiteBehavior [ RunTime:0.000113s ]
INFO: [ app_init ] --END-- [ RunTime:0.001175s ]

[ 2017-01-09T14:21:33+08:00 ] ::1 /TP3.2.3pykj/index.php/Home/Index/tizhi.html
INFO: [ app_init ] --START--
INFO: Run Behavior\BuildLiteBehavior [ RunTime:0.000066s ]
INFO: [ app_init ] --END-- [ RunTime:0.001239s ]

[ 2017-01-09T14:21:39+08:00 ] ::1 /TP3.2.3pykj/index.php/Home/Index/tizhi.html
INFO: [ app_init ] --START--
INFO: Run Behavior\BuildLiteBehavior [ RunTime:0.000076s ]
INFO: [ app_init ] --END-- [ RunTime:0.001333s ]

[ 2017-01-09T14:21:50+08:00 ] ::1 /TP3.2.3pykj/index.php/Home/Index/tizhi.html
INFO: [ app_init ] --START--
INFO: Run Behavior\BuildLiteBehavior [ RunTime:0.000033s ]
INFO: [ app_init ] --END-- [ RunTime:0.000621s ]

[ 2017-01-09T14:21:52+08:00 ] ::1 /TP3.2.3pykj/index.php/Home/Index/tizhi.html
INFO: [ app_init ] --START--
INFO: Run Behavior\BuildLiteBehavior [ RunTime:0.000041s ]
INFO: [ app_init ] --END-- [ RunTime:0.001037s ]

[ 2017-01-09T14:22:37+08:00 ] ::1 /TP3.2.3pykj/index.php/Home/Index/tizhi.html
INFO: [ app_init ] --START--
INFO: Run Behavior\BuildLiteBehavior [ RunTime:0.000046s ]
INFO: [ app_init ] --END-- [ RunTime:0.000809s ]

[ 2017-01-09T14:22:43+08:00 ] ::1 /TP3.2.3pykj/index.php/Home/Index/tizhi.html
INFO: [ app_init ] --START--
INFO: Run Behavior\BuildLiteBehavior [ RunTime:0.000035s ]
INFO: [ app_init ] --END-- [ RunTime:0.000722s ]

[ 2017-01-09T14:22:45+08:00 ] ::1 /TP3.2.3pykj/index.php/Home/Index/tizhi.html
INFO: [ app_init ] --START--
INFO: Run Behavior\BuildLiteBehavior [ RunTime:0.000039s ]
INFO: [ app_init ] --END-- [ RunTime:0.000730s ]

[ 2017-01-09T14:22:47+08:00 ] ::1 /TP3.2.3pykj/index.php/Home/Index/tizhi.html
INFO: [ app_init ] --START--
INFO: Run Behavior\BuildLiteBehavior [ RunTime:0.000050s ]
INFO: [ app_init ] --END-- [ RunTime:0.001034s ]

[ 2017-01-09T14:23:15+08:00 ] ::1 /TP3.2.3pykj/index.php/Home/Index/tizhi.html
INFO: [ app_init ] --START--
INFO: Run Behavior\BuildLiteBehavior [ RunTime:0.000037s ]
INFO: [ app_init ] --END-- [ RunTime:0.000724s ]

[ 2017-01-09T14:23:35+08:00 ] ::1 /TP3.2.3pykj/index.php/Home/Index/tizhi.html
INFO: [ app_init ] --START--
INFO: Run Behavior\BuildLiteBehavior [ RunTime:0.000076s ]
INFO: [ app_init ] --END-- [ RunTime:0.001844s ]

[ 2017-01-09T14:23:48+08:00 ] ::1 /TP3.2.3pykj/index.php/Home/Index/tizhi.html
INFO: [ app_init ] --START--
INFO: Run Behavior\BuildLiteBehavior [ RunTime:0.000031s ]
INFO: [ app_init ] --END-- [ RunTime:0.000550s ]

[ 2017-01-09T14:27:09+08:00 ] ::1 /TP3.2.3pykj/index.php/Home/Index/tizhi.html
INFO: [ app_init ] --START--
INFO: Run Behavior\BuildLiteBehavior [ RunTime:0.000053s ]
INFO: [ app_init ] --END-- [ RunTime:0.001247s ]

[ 2017-01-09T14:27:12+08:00 ] ::1 /TP3.2.3pykj/index.php/Home/Index/tizhi.html
INFO: [ app_init ] --START--
INFO: Run Behavior\BuildLiteBehavior [ RunTime:0.000044s ]
INFO: [ app_init ] --END-- [ RunTime:0.001079s ]

[ 2017-01-09T14:30:27+08:00 ] ::1 /TP3.2.3pykj/index.php/Home/Index/tizhi.html
INFO: [ app_init ] --START--
INFO: Run Behavior\BuildLiteBehavior [ RunTime:0.000030s ]
INFO: [ app_init ] --END-- [ RunTime:0.000622s ]

[ 2017-01-09T14:31:20+08:00 ] ::1 /TP3.2.3pykj/index.php/Home/Index/tizhi.html
INFO: [ app_init ] --START--
INFO: Run Behavior\BuildLiteBehavior [ RunTime:0.000031s ]
INFO: [ app_init ] --END-- [ RunTime:0.000622s ]

[ 2017-01-09T14:31:28+08:00 ] ::1 /TP3.2.3pykj/index.php/Home/Index/tizhi.html
INFO: [ app_init ] --START--
INFO: Run Behavior\BuildLiteBehavior [ RunTime:0.000042s ]
INFO: [ app_init ] --END-- [ RunTime:0.000826s ]

[ 2017-01-09T14:31:35+08:00 ] ::1 /TP3.2.3pykj/index.php/Home/Index/tizhi.html
INFO: [ app_init ] --START--
INFO: Run Behavior\BuildLiteBehavior [ RunTime:0.000047s ]
INFO: [ app_init ] --END-- [ RunTime:0.001011s ]

[ 2017-01-09T14:33:13+08:00 ] ::1 /TP3.2.3pykj/index.php/Home/Index/tizhi.html
INFO: [ app_init ] --START--
INFO: Run Behavior\BuildLiteBehavior [ RunTime:0.000078s ]
INFO: [ app_init ] --END-- [ RunTime:0.001615s ]

[ 2017-01-09T14:33:15+08:00 ] ::1 /TP3.2.3pykj/index.php/Home/Index/tizhi.html
INFO: [ app_init ] --START--
INFO: Run Behavior\BuildLiteBehavior [ RunTime:0.000076s ]
INFO: [ app_init ] --END-- [ RunTime:0.001632s ]

[ 2017-01-09T14:33:31+08:00 ] ::1 /TP3.2.3pykj/index.php/Home/Index/tizhi.html
INFO: [ app_init ] --START--
INFO: Run Behavior\BuildLiteBehavior [ RunTime:0.000035s ]
INFO: [ app_init ] --END-- [ RunTime:0.000673s ]

[ 2017-01-09T14:33:38+08:00 ] ::1 /TP3.2.3pykj/index.php/Home/Index/tizhi.html
INFO: [ app_init ] --START--
INFO: Run Behavior\BuildLiteBehavior [ RunTime:0.000090s ]
INFO: [ app_init ] --END-- [ RunTime:0.000836s ]

[ 2017-01-09T14:33:51+08:00 ] ::1 /TP3.2.3pykj/index.php/Home/Index/tizhi.html
INFO: [ app_init ] --START--
INFO: Run Behavior\BuildLiteBehavior [ RunTime:0.000044s ]
INFO: [ app_init ] --END-- [ RunTime:0.000885s ]

[ 2017-01-09T14:34:24+08:00 ] ::1 /TP3.2.3pykj/index.php/Home/Index/tizhi.html
INFO: [ app_init ] --START--
INFO: Run Behavior\BuildLiteBehavior [ RunTime:0.000045s ]
INFO: [ app_init ] --END-- [ RunTime:0.000841s ]

[ 2017-01-09T14:34:26+08:00 ] ::1 /TP3.2.3pykj/index.php/Home/Index/tizhi.html
INFO: [ app_init ] --START--
INFO: Run Behavior\BuildLiteBehavior [ RunTime:0.000047s ]
INFO: [ app_init ] --END-- [ RunTime:0.000823s ]

[ 2017-01-09T14:34:50+08:00 ] ::1 /TP3.2.3pykj/index.php/Home/Index/tizhi.html
INFO: [ app_init ] --START--
INFO: Run Behavior\BuildLiteBehavior [ RunTime:0.000080s ]
INFO: [ app_init ] --END-- [ RunTime:0.001475s ]

[ 2017-01-09T14:35:14+08:00 ] ::1 /TP3.2.3pykj/index.php/Home/Index/tizhi.html
INFO: [ app_init ] --START--
INFO: Run Behavior\BuildLiteBehavior [ RunTime:0.000078s ]
INFO: [ app_init ] --END-- [ RunTime:0.001446s ]

[ 2017-01-09T14:35:16+08:00 ] ::1 /TP3.2.3pykj/index.php/Home/Index/tizhi.html
INFO: [ app_init ] --START--
INFO: Run Behavior\BuildLiteBehavior [ RunTime:0.000045s ]
INFO: [ app_init ] --END-- [ RunTime:0.000795s ]

[ 2017-01-09T14:35:37+08:00 ] ::1 /TP3.2.3pykj/index.php/Home/Index/tizhi.html
INFO: [ app_init ] --START--
INFO: Run Behavior\BuildLiteBehavior [ RunTime:0.000044s ]
INFO: [ app_init ] --END-- [ RunTime:0.000724s ]

[ 2017-01-09T14:35:49+08:00 ] ::1 /TP3.2.3pykj/index.php/Home/Index/tizhi.html
INFO: [ app_init ] --START--
INFO: Run Behavior\BuildLiteBehavior [ RunTime:0.000044s ]
INFO: [ app_init ] --END-- [ RunTime:0.000828s ]

[ 2017-01-09T14:36:01+08:00 ] ::1 /TP3.2.3pykj/index.php/Home/Index/tizhi.html
INFO: [ app_init ] --START--
INFO: Run Behavior\BuildLiteBehavior [ RunTime:0.000031s ]
INFO: [ app_init ] --END-- [ RunTime:0.000569s ]

[ 2017-01-09T14:36:03+08:00 ] ::1 /TP3.2.3pykj/index.php/Home/Index/tizhi.html
INFO: [ app_init ] --START--
INFO: Run Behavior\BuildLiteBehavior [ RunTime:0.000077s ]
INFO: [ app_init ] --END-- [ RunTime:0.001492s ]

[ 2017-01-09T14:36:03+08:00 ] ::1 /TP3.2.3pykj/index.php/Home/Index/tizhi.html
INFO: [ app_init ] --START--
INFO: Run Behavior\BuildLiteBehavior [ RunTime:0.000032s ]
INFO: [ app_init ] --END-- [ RunTime:0.000660s ]

[ 2017-01-09T14:36:03+08:00 ] ::1 /TP3.2.3pykj/index.php/Home/Index/tizhi.html
INFO: [ app_init ] --START--
INFO: Run Behavior\BuildLiteBehavior [ RunTime:0.000032s ]
INFO: [ app_init ] --END-- [ RunTime:0.000538s ]

[ 2017-01-09T14:36:04+08:00 ] ::1 /TP3.2.3pykj/index.php/Home/Index/tizhi.html
INFO: [ app_init ] --START--
INFO: Run Behavior\BuildLiteBehavior [ RunTime:0.000055s ]
INFO: [ app_init ] --END-- [ RunTime:0.000878s ]

[ 2017-01-09T14:36:04+08:00 ] ::1 /TP3.2.3pykj/index.php/Home/Index/tizhi.html
INFO: [ app_init ] --START--
INFO: Run Behavior\BuildLiteBehavior [ RunTime:0.000032s ]
INFO: [ app_init ] --END-- [ RunTime:0.000603s ]

[ 2017-01-09T14:36:20+08:00 ] ::1 /TP3.2.3pykj/index.php/Home/Index/tizhi.html
INFO: [ app_init ] --START--
INFO: Run Behavior\BuildLiteBehavior [ RunTime:0.000032s ]
INFO: [ app_init ] --END-- [ RunTime:0.000660s ]

[ 2017-01-09T14:36:42+08:00 ] ::1 /TP3.2.3pykj/index.php/Home/Index/tizhi.html
INFO: [ app_init ] --START--
INFO: Run Behavior\BuildLiteBehavior [ RunTime:0.000043s ]
INFO: [ app_init ] --END-- [ RunTime:0.001064s ]

[ 2017-01-09T14:37:03+08:00 ] ::1 /TP3.2.3pykj/index.php/Home/Index/tizhi.html
INFO: [ app_init ] --START--
INFO: Run Behavior\BuildLiteBehavior [ RunTime:0.000032s ]
INFO: [ app_init ] --END-- [ RunTime:0.000620s ]

[ 2017-01-09T14:37:18+08:00 ] ::1 /TP3.2.3pykj/index.php/Home/Index/tizhi.html
INFO: [ app_init ] --START--
INFO: Run Behavior\BuildLiteBehavior [ RunTime:0.000043s ]
INFO: [ app_init ] --END-- [ RunTime:0.001265s ]

[ 2017-01-09T14:38:26+08:00 ] ::1 /TP3.2.3pykj/index.php/Home/Index/tizhi.html
INFO: [ app_init ] --START--
INFO: Run Behavior\BuildLiteBehavior [ RunTime:0.000076s ]
INFO: [ app_init ] --END-- [ RunTime:0.001469s ]

[ 2017-01-09T14:38:43+08:00 ] ::1 /TP3.2.3pykj/index.php/Home/Index/tizhi.html
INFO: [ app_init ] --START--
INFO: Run Behavior\BuildLiteBehavior [ RunTime:0.000049s ]
INFO: [ app_init ] --END-- [ RunTime:0.001025s ]

[ 2017-01-09T14:39:18+08:00 ] ::1 /TP3.2.3pykj/index.php/Home/Index/tizhi.html
INFO: [ app_init ] --START--
INFO: Run Behavior\BuildLiteBehavior [ RunTime:0.000074s ]
INFO: [ app_init ] --END-- [ RunTime:0.001218s ]

[ 2017-01-09T14:44:09+08:00 ] ::1 /TP3.2.3pykj/index.php/Home/Index/tizhi.html
INFO: [ app_init ] --START--
INFO: Run Behavior\BuildLiteBehavior [ RunTime:0.000037s ]
INFO: [ app_init ] --END-- [ RunTime:0.000702s ]

[ 2017-01-09T14:44:26+08:00 ] ::1 /TP3.2.3pykj/index.php/Home/Index/tizhi.html
INFO: [ app_init ] --START--
INFO: Run Behavior\BuildLiteBehavior [ RunTime:0.000042s ]
INFO: [ app_init ] --END-- [ RunTime:0.000809s ]

[ 2017-01-09T14:51:11+08:00 ] ::1 /TP3.2.3pykj/index.php/Home/Index/tizhi.html
INFO: [ app_init ] --START--
INFO: Run Behavior\BuildLiteBehavior [ RunTime:0.000036s ]
INFO: [ app_init ] --END-- [ RunTime:0.000675s ]

[ 2017-01-09T14:59:38+08:00 ] ::1 /TP3.2.3pykj/index.php/Home/Index/tizhi.html
INFO: [ app_init ] --START--
INFO: Run Behavior\BuildLiteBehavior [ RunTime:0.000031s ]
INFO: [ app_init ] --END-- [ RunTime:0.000611s ]

[ 2017-01-09T15:00:28+08:00 ] ::1 /TP3.2.3pykj/index.php/Home/Index/tizhi.html
INFO: [ app_init ] --START--
INFO: Run Behavior\BuildLiteBehavior [ RunTime:0.000038s ]
INFO: [ app_init ] --END-- [ RunTime:0.000756s ]

[ 2017-01-09T15:01:18+08:00 ] ::1 /TP3.2.3pykj/index.php/Home/Index/tizhi.html
INFO: [ app_init ] --START--
INFO: Run Behavior\BuildLiteBehavior [ RunTime:0.000040s ]
INFO: [ app_init ] --END-- [ RunTime:0.000826s ]

[ 2017-01-09T15:01:50+08:00 ] ::1 /TP3.2.3pykj/index.php/Home/Index/tizhi.html
INFO: [ app_init ] --START--
INFO: Run Behavior\BuildLiteBehavior [ RunTime:0.000046s ]
INFO: [ app_init ] --END-- [ RunTime:0.000917s ]

[ 2017-01-09T15:02:07+08:00 ] ::1 /TP3.2.3pykj/index.php/Home/Index/tizhi.html
INFO: [ app_init ] --START--
INFO: Run Behavior\BuildLiteBehavior [ RunTime:0.000050s ]
INFO: [ app_init ] --END-- [ RunTime:0.000931s ]

[ 2017-01-09T15:02:18+08:00 ] ::1 /TP3.2.3pykj/index.php/Home/Index/tizhi.html
INFO: [ app_init ] --START--
INFO: Run Behavior\BuildLiteBehavior [ RunTime:0.000044s ]
INFO: [ app_init ] --END-- [ RunTime:0.000845s ]

[ 2017-01-09T15:03:38+08:00 ] ::1 /TP3.2.3pykj/index.php/Home/Index/tizhi.html
INFO: [ app_init ] --START--
INFO: Run Behavior\BuildLiteBehavior [ RunTime:0.000040s ]
INFO: [ app_init ] --END-- [ RunTime:0.000788s ]

[ 2017-01-09T15:03:59+08:00 ] ::1 /TP3.2.3pykj/index.php/Home/Index/tizhi.html
INFO: [ app_init ] --START--
INFO: Run Behavior\BuildLiteBehavior [ RunTime:0.000047s ]
INFO: [ app_init ] --END-- [ RunTime:0.001011s ]

[ 2017-01-09T15:04:13+08:00 ] ::1 /TP3.2.3pykj/index.php/Home/Index/tizhi.html
INFO: [ app_init ] --START--
INFO: Run Behavior\BuildLiteBehavior [ RunTime:0.000045s ]
INFO: [ app_init ] --END-- [ RunTime:0.000895s ]

[ 2017-01-09T15:04:28+08:00 ] ::1 /TP3.2.3pykj/index.php/Home/Index/tizhi.html
INFO: [ app_init ] --START--
INFO: Run Behavior\BuildLiteBehavior [ RunTime:0.000041s ]
INFO: [ app_init ] --END-- [ RunTime:0.000788s ]

[ 2017-01-09T15:05:15+08:00 ] ::1 /TP3.2.3pykj/index.php/Home/Index/tizhi.html
INFO: [ app_init ] --START--
INFO: Run Behavior\BuildLiteBehavior [ RunTime:0.000043s ]
INFO: [ app_init ] --END-- [ RunTime:0.000811s ]

[ 2017-01-09T15:05:47+08:00 ] ::1 /TP3.2.3pykj/index.php/Home/Index/tizhi.html
INFO: [ app_init ] --START--
INFO: Run Behavior\BuildLiteBehavior [ RunTime:0.000043s ]
INFO: [ app_init ] --END-- [ RunTime:0.000855s ]

[ 2017-01-09T15:05:54+08:00 ] ::1 /TP3.2.3pykj/index.php/Home/Index/tizhi.html
INFO: [ app_init ] --START--
INFO: Run Behavior\BuildLiteBehavior [ RunTime:0.000045s ]
INFO: [ app_init ] --END-- [ RunTime:0.000885s ]

[ 2017-01-09T15:06:14+08:00 ] ::1 /TP3.2.3pykj/index.php/Home/Index/tizhi.html
INFO: [ app_init ] --START--
INFO: Run Behavior\BuildLiteBehavior [ RunTime:0.000035s ]
INFO: [ app_init ] --END-- [ RunTime:0.000767s ]

[ 2017-01-09T15:06:20+08:00 ] ::1 /TP3.2.3pykj/index.php/Home/Index/tizhi.html
INFO: [ app_init ] --START--
INFO: Run Behavior\BuildLiteBehavior [ RunTime:0.000041s ]
INFO: [ app_init ] --END-- [ RunTime:0.000776s ]

[ 2017-01-09T15:06:21+08:00 ] ::1 /TP3.2.3pykj/index.php/Home/Index/tizhi.html
INFO: [ app_init ] --START--
INFO: Run Behavior\BuildLiteBehavior [ RunTime:0.000033s ]
INFO: [ app_init ] --END-- [ RunTime:0.000624s ]

[ 2017-01-09T15:06:22+08:00 ] ::1 /TP3.2.3pykj/index.php/Home/Index/tizhi.html
INFO: [ app_init ] --START--
INFO: Run Behavior\BuildLiteBehavior [ RunTime:0.000098s ]
INFO: [ app_init ] --END-- [ RunTime:0.001073s ]

[ 2017-01-09T15:06:22+08:00 ] ::1 /TP3.2.3pykj/index.php/Home/Index/tizhi.html
INFO: [ app_init ] --START--
INFO: Run Behavior\BuildLiteBehavior [ RunTime:0.000063s ]
INFO: [ app_init ] --END-- [ RunTime:0.001050s ]

[ 2017-01-09T15:06:23+08:00 ] ::1 /TP3.2.3pykj/index.php/Home/Index/tizhi.html
INFO: [ app_init ] --START--
INFO: Run Behavior\BuildLiteBehavior [ RunTime:0.000032s ]
INFO: [ app_init ] --END-- [ RunTime:0.000578s ]

[ 2017-01-09T15:06:23+08:00 ] ::1 /TP3.2.3pykj/index.php/Home/Index/tizhi.html
INFO: [ app_init ] --START--
INFO: Run Behavior\BuildLiteBehavior [ RunTime:0.000031s ]
INFO: [ app_init ] --END-- [ RunTime:0.000547s ]

[ 2017-01-09T15:06:23+08:00 ] ::1 /TP3.2.3pykj/index.php/Home/Index/tizhi.html
INFO: [ app_init ] --START--
INFO: Run Behavior\BuildLiteBehavior [ RunTime:0.000062s ]
INFO: [ app_init ] --END-- [ RunTime:0.001033s ]

[ 2017-01-09T15:06:24+08:00 ] ::1 /TP3.2.3pykj/index.php/Home/Index/tizhi.html
INFO: [ app_init ] --START--
INFO: Run Behavior\BuildLiteBehavior [ RunTime:0.000042s ]
INFO: [ app_init ] --END-- [ RunTime:0.000774s ]

[ 2017-01-09T15:06:24+08:00 ] ::1 /TP3.2.3pykj/index.php/Home/Index/tizhi.html
INFO: [ app_init ] --START--
INFO: Run Behavior\BuildLiteBehavior [ RunTime:0.000029s ]
INFO: [ app_init ] --END-- [ RunTime:0.000504s ]

[ 2017-01-09T15:06:28+08:00 ] ::1 /TP3.2.3pykj/index.php/Home/Index/tizhi.html
INFO: [ app_init ] --START--
INFO: Run Behavior\BuildLiteBehavior [ RunTime:0.000052s ]
INFO: [ app_init ] --END-- [ RunTime:0.000932s ]

[ 2017-01-09T15:06:29+08:00 ] ::1 /TP3.2.3pykj/index.php/Home/Index/tizhi.html
INFO: [ app_init ] --START--
INFO: Run Behavior\BuildLiteBehavior [ RunTime:0.000047s ]
INFO: [ app_init ] --END-- [ RunTime:0.001204s ]

[ 2017-01-09T15:06:30+08:00 ] ::1 /TP3.2.3pykj/index.php/Home/Index/tizhi.html
INFO: [ app_init ] --START--
INFO: Run Behavior\BuildLiteBehavior [ RunTime:0.000045s ]
INFO: [ app_init ] --END-- [ RunTime:0.000620s ]

[ 2017-01-09T15:07:53+08:00 ] ::1 /TP3.2.3pykj/index.php/Home/Index/tizhi.html
INFO: [ app_init ] --START--
INFO: Run Behavior\BuildLiteBehavior [ RunTime:0.000036s ]
INFO: [ app_init ] --END-- [ RunTime:0.000642s ]

[ 2017-01-09T15:07:55+08:00 ] ::1 /TP3.2.3pykj/index.php/Home/Index/tizhi.html
INFO: [ app_init ] --START--
INFO: Run Behavior\BuildLiteBehavior [ RunTime:0.000038s ]
INFO: [ app_init ] --END-- [ RunTime:0.000783s ]

[ 2017-01-09T15:07:56+08:00 ] ::1 /TP3.2.3pykj/index.php/Home/Index/tizhi.html
INFO: [ app_init ] --START--
INFO: Run Behavior\BuildLiteBehavior [ RunTime:0.000153s ]
INFO: [ app_init ] --END-- [ RunTime:0.002023s ]

[ 2017-01-09T15:08:05+08:00 ] ::1 /TP3.2.3pykj/index.php/Home/Index/tizhi.html
INFO: [ app_init ] --START--
INFO: Run Behavior\BuildLiteBehavior [ RunTime:0.000031s ]
INFO: [ app_init ] --END-- [ RunTime:0.000578s ]

[ 2017-01-09T15:08:13+08:00 ] ::1 /TP3.2.3pykj/index.php/Home/Index/tizhi.html
INFO: [ app_init ] --START--
INFO: Run Behavior\BuildLiteBehavior [ RunTime:0.000041s ]
INFO: [ app_init ] --END-- [ RunTime:0.000864s ]

[ 2017-01-09T15:08:14+08:00 ] ::1 /TP3.2.3pykj/index.php/Home/Index/tizhi.html
INFO: [ app_init ] --START--
INFO: Run Behavior\BuildLiteBehavior [ RunTime:0.000082s ]
INFO: [ app_init ] --END-- [ RunTime:0.002004s ]

[ 2017-01-09T15:08:51+08:00 ] ::1 /TP3.2.3pykj/index.php/Home/Index/tizhi.html
INFO: [ app_init ] --START--
INFO: Run Behavior\BuildLiteBehavior [ RunTime:0.000045s ]
INFO: [ app_init ] --END-- [ RunTime:0.001002s ]

[ 2017-01-09T15:09:06+08:00 ] ::1 /TP3.2.3pykj/index.php/Home/Index/tizhi.html
INFO: [ app_init ] --START--
INFO: Run Behavior\BuildLiteBehavior [ RunTime:0.000047s ]
INFO: [ app_init ] --END-- [ RunTime:0.000848s ]

[ 2017-01-09T15:09:25+08:00 ] ::1 /TP3.2.3pykj/index.php/Home/Index/tizhi.html
INFO: [ app_init ] --START--
INFO: Run Behavior\BuildLiteBehavior [ RunTime:0.000050s ]
INFO: [ app_init ] --END-- [ RunTime:0.001049s ]

[ 2017-01-09T15:09:27+08:00 ] ::1 /TP3.2.3pykj/index.php/Home/Index/tizhi.html
INFO: [ app_init ] --START--
INFO: Run Behavior\BuildLiteBehavior [ RunTime:0.000052s ]
INFO: [ app_init ] --END-- [ RunTime:0.001119s ]

[ 2017-01-09T15:09:27+08:00 ] ::1 /TP3.2.3pykj/index.php/Home/Index/tizhi.html
INFO: [ app_init ] --START--
INFO: Run Behavior\BuildLiteBehavior [ RunTime:0.000045s ]
INFO: [ app_init ] --END-- [ RunTime:0.000803s ]

[ 2017-01-09T15:09:27+08:00 ] ::1 /TP3.2.3pykj/index.php/Home/Index/tizhi.html
INFO: [ app_init ] --START--
INFO: Run Behavior\BuildLiteBehavior [ RunTime:0.000031s ]
INFO: [ app_init ] --END-- [ RunTime:0.000576s ]

[ 2017-01-09T15:09:27+08:00 ] ::1 /TP3.2.3pykj/index.php/Home/Index/tizhi.html
INFO: [ app_init ] --START--
INFO: Run Behavior\BuildLiteBehavior [ RunTime:0.000062s ]
INFO: [ app_init ] --END-- [ RunTime:0.000720s ]

[ 2017-01-09T15:09:32+08:00 ] ::1 /TP3.2.3pykj/index.php/Home/Index/tizhi.html
INFO: [ app_init ] --START--
INFO: Run Behavior\BuildLiteBehavior [ RunTime:0.000029s ]
INFO: [ app_init ] --END-- [ RunTime:0.000588s ]

[ 2017-01-09T15:09:34+08:00 ] ::1 /TP3.2.3pykj/index.php/Home/Index/tizhi.html
INFO: [ app_init ] --START--
INFO: Run Behavior\BuildLiteBehavior [ RunTime:0.000043s ]
INFO: [ app_init ] --END-- [ RunTime:0.000602s ]

[ 2017-01-09T15:09:34+08:00 ] ::1 /TP3.2.3pykj/index.php/Home/Index/tizhi.html
INFO: [ app_init ] --START--
INFO: Run Behavior\BuildLiteBehavior [ RunTime:0.000091s ]
INFO: [ app_init ] --END-- [ RunTime:0.001174s ]

[ 2017-01-09T15:09:50+08:00 ] ::1 /TP3.2.3pykj/index.php/Home/Index/tizhi.html
INFO: [ app_init ] --START--
INFO: Run Behavior\BuildLiteBehavior [ RunTime:0.000042s ]
INFO: [ app_init ] --END-- [ RunTime:0.000765s ]

[ 2017-01-09T15:10:04+08:00 ] ::1 /TP3.2.3pykj/index.php/Home/Index/tizhi.html
INFO: [ app_init ] --START--
INFO: Run Behavior\BuildLiteBehavior [ RunTime:0.000038s ]
INFO: [ app_init ] --END-- [ RunTime:0.000684s ]

[ 2017-01-09T15:10:06+08:00 ] ::1 /TP3.2.3pykj/index.php/Home/Index/tizhi.html
INFO: [ app_init ] --START--
INFO: Run Behavior\BuildLiteBehavior [ RunTime:0.000032s ]
INFO: [ app_init ] --END-- [ RunTime:0.000554s ]

[ 2017-01-09T15:10:28+08:00 ] ::1 /TP3.2.3pykj/index.php/Home/Index/tizhi.html
INFO: [ app_init ] --START--
INFO: Run Behavior\BuildLiteBehavior [ RunTime:0.000040s ]
INFO: [ app_init ] --END-- [ RunTime:0.000811s ]

[ 2017-01-09T15:11:30+08:00 ] ::1 /TP3.2.3pykj/index.php/Home/Index/tizhi.html
INFO: [ app_init ] --START--
INFO: Run Behavior\BuildLiteBehavior [ RunTime:0.000047s ]
INFO: [ app_init ] --END-- [ RunTime:0.000856s ]

[ 2017-01-09T15:11:31+08:00 ] ::1 /TP3.2.3pykj/index.php/Home/Index/tizhi.html
INFO: [ app_init ] --START--
INFO: Run Behavior\BuildLiteBehavior [ RunTime:0.000031s ]
INFO: [ app_init ] --END-- [ RunTime:0.000555s ]

[ 2017-01-09T15:11:31+08:00 ] ::1 /TP3.2.3pykj/index.php/Home/Index/tizhi.html
INFO: [ app_init ] --START--
INFO: Run Behavior\BuildLiteBehavior [ RunTime:0.000036s ]
INFO: [ app_init ] --END-- [ RunTime:0.000723s ]

[ 2017-01-09T15:11:32+08:00 ] ::1 /TP3.2.3pykj/index.php/Home/Index/tizhi.html
INFO: [ app_init ] --START--
INFO: Run Behavior\BuildLiteBehavior [ RunTime:0.000062s ]
INFO: [ app_init ] --END-- [ RunTime:0.001020s ]

[ 2017-01-09T15:11:32+08:00 ] ::1 /TP3.2.3pykj/index.php/Home/Index/tizhi.html
INFO: [ app_init ] --START--
INFO: Run Behavior\BuildLiteBehavior [ RunTime:0.000033s ]
INFO: [ app_init ] --END-- [ RunTime:0.000623s ]

[ 2017-01-09T15:11:38+08:00 ] ::1 /TP3.2.3pykj/index.php/Home/Index/tizhi.html
INFO: [ app_init ] --START--
INFO: Run Behavior\BuildLiteBehavior [ RunTime:0.000087s ]
INFO: [ app_init ] --END-- [ RunTime:0.001501s ]

[ 2017-01-09T15:11:53+08:00 ] ::1 /TP3.2.3pykj/index.php/Home/Index/tizhi.html
INFO: [ app_init ] --START--
INFO: Run Behavior\BuildLiteBehavior [ RunTime:0.000040s ]
INFO: [ app_init ] --END-- [ RunTime:0.000834s ]

[ 2017-01-09T15:12:21+08:00 ] ::1 /TP3.2.3pykj/index.php/Home/Index/tizhi.html
INFO: [ app_init ] --START--
INFO: Run Behavior\BuildLiteBehavior [ RunTime:0.000046s ]
INFO: [ app_init ] --END-- [ RunTime:0.000830s ]

[ 2017-01-09T15:12:27+08:00 ] ::1 /TP3.2.3pykj/index.php/Home/Index/tizhi.html
INFO: [ app_init ] --START--
INFO: Run Behavior\BuildLiteBehavior [ RunTime:0.000050s ]
INFO: [ app_init ] --END-- [ RunTime:0.001018s ]

[ 2017-01-09T15:12:55+08:00 ] ::1 /TP3.2.3pykj/index.php/Home/Index/tizhi.html
INFO: [ app_init ] --START--
INFO: Run Behavior\BuildLiteBehavior [ RunTime:0.000073s ]
INFO: [ app_init ] --END-- [ RunTime:0.001317s ]

[ 2017-01-09T15:14:06+08:00 ] ::1 /TP3.2.3pykj/index.php/Home/Index/tizhi.html
INFO: [ app_init ] --START--
INFO: Run Behavior\BuildLiteBehavior [ RunTime:0.000043s ]
INFO: [ app_init ] --END-- [ RunTime:0.000801s ]

[ 2017-01-09T15:14:07+08:00 ] ::1 /TP3.2.3pykj/index.php/Home/Index/tizhi.html
INFO: [ app_init ] --START--
INFO: Run Behavior\BuildLiteBehavior [ RunTime:0.000031s ]
INFO: [ app_init ] --END-- [ RunTime:0.000547s ]

[ 2017-01-09T15:14:07+08:00 ] ::1 /TP3.2.3pykj/index.php/Home/Index/tizhi.html
INFO: [ app_init ] --START--
INFO: Run Behavior\BuildLiteBehavior [ RunTime:0.000034s ]
INFO: [ app_init ] --END-- [ RunTime:0.000640s ]

[ 2017-01-09T15:14:08+08:00 ] ::1 /TP3.2.3pykj/index.php/Home/Index/tizhi.html
INFO: [ app_init ] --START--
INFO: Run Behavior\BuildLiteBehavior [ RunTime:0.000051s ]
INFO: [ app_init ] --END-- [ RunTime:0.000973s ]

[ 2017-01-09T15:14:09+08:00 ] ::1 /TP3.2.3pykj/index.php/Home/Index/tizhi.html
INFO: [ app_init ] --START--
INFO: Run Behavior\BuildLiteBehavior [ RunTime:0.000042s ]
INFO: [ app_init ] --END-- [ RunTime:0.000777s ]

[ 2017-01-09T15:14:18+08:00 ] ::1 /TP3.2.3pykj/index.php/Home/Index/tizhi.html
INFO: [ app_init ] --START--
INFO: Run Behavior\BuildLiteBehavior [ RunTime:0.000032s ]
INFO: [ app_init ] --END-- [ RunTime:0.000630s ]

[ 2017-01-09T15:14:20+08:00 ] ::1 /TP3.2.3pykj/index.php/Home/Index/tizhi.html
INFO: [ app_init ] --START--
INFO: Run Behavior\BuildLiteBehavior [ RunTime:0.000035s ]
INFO: [ app_init ] --END-- [ RunTime:0.001107s ]

[ 2017-01-09T15:14:31+08:00 ] ::1 /TP3.2.3pykj/index.php/Home/Index/tizhi.html
INFO: [ app_init ] --START--
INFO: Run Behavior\BuildLiteBehavior [ RunTime:0.000031s ]
INFO: [ app_init ] --END-- [ RunTime:0.000561s ]

[ 2017-01-09T15:14:52+08:00 ] ::1 /TP3.2.3pykj/index.php/Home/Index/tizhi.html
INFO: [ app_init ] --START--
INFO: Run Behavior\BuildLiteBehavior [ RunTime:0.000040s ]
INFO: [ app_init ] --END-- [ RunTime:0.000810s ]

[ 2017-01-09T15:15:07+08:00 ] ::1 /TP3.2.3pykj/index.php/Home/Index/tizhi.html
INFO: [ app_init ] --START--
INFO: Run Behavior\BuildLiteBehavior [ RunTime:0.000046s ]
INFO: [ app_init ] --END-- [ RunTime:0.001367s ]

[ 2017-01-09T15:15:09+08:00 ] ::1 /TP3.2.3pykj/index.php/Home/Index/tizhi.html
INFO: [ app_init ] --START--
INFO: Run Behavior\BuildLiteBehavior [ RunTime:0.000076s ]
INFO: [ app_init ] --END-- [ RunTime:0.001527s ]

[ 2017-01-09T15:15:10+08:00 ] ::1 /TP3.2.3pykj/index.php/Home/Index/tizhi.html
INFO: [ app_init ] --START--
INFO: Run Behavior\BuildLiteBehavior [ RunTime:0.000061s ]
INFO: [ app_init ] --END-- [ RunTime:0.001011s ]

[ 2017-01-09T15:15:10+08:00 ] ::1 /TP3.2.3pykj/index.php/Home/Index/tizhi.html
INFO: [ app_init ] --START--
INFO: Run Behavior\BuildLiteBehavior [ RunTime:0.000071s ]
INFO: [ app_init ] --END-- [ RunTime:0.001245s ]

[ 2017-01-09T15:15:10+08:00 ] ::1 /TP3.2.3pykj/index.php/Home/Index/tizhi.html
INFO: [ app_init ] --START--
INFO: Run Behavior\BuildLiteBehavior [ RunTime:0.000031s ]
INFO: [ app_init ] --END-- [ RunTime:0.000504s ]

[ 2017-01-09T15:16:22+08:00 ] ::1 /TP3.2.3pykj/index.php/Home/Index/tizhi.html
INFO: [ app_init ] --START--
INFO: Run Behavior\BuildLiteBehavior [ RunTime:0.000078s ]
INFO: [ app_init ] --END-- [ RunTime:0.001553s ]

[ 2017-01-09T15:17:00+08:00 ] ::1 /TP3.2.3pykj/index.php/Home/Index/tizhi.html
INFO: [ app_init ] --START--
INFO: Run Behavior\BuildLiteBehavior [ RunTime:0.000051s ]
INFO: [ app_init ] --END-- [ RunTime:0.000990s ]

[ 2017-01-09T15:17:05+08:00 ] ::1 /TP3.2.3pykj/index.php/Home/Index/tizhi.html
INFO: [ app_init ] --START--
INFO: Run Behavior\BuildLiteBehavior [ RunTime:0.000039s ]
INFO: [ app_init ] --END-- [ RunTime:0.000690s ]

[ 2017-01-09T15:17:32+08:00 ] ::1 /TP3.2.3pykj/index.php/Home/Index/tizhi.html
INFO: [ app_init ] --START--
INFO: Run Behavior\BuildLiteBehavior [ RunTime:0.000041s ]
INFO: [ app_init ] --END-- [ RunTime:0.000844s ]

[ 2017-01-09T15:17:44+08:00 ] ::1 /TP3.2.3pykj/index.php/Home/Index/tizhi.html
INFO: [ app_init ] --START--
INFO: Run Behavior\BuildLiteBehavior [ RunTime:0.000044s ]
INFO: [ app_init ] --END-- [ RunTime:0.000915s ]

[ 2017-01-09T15:18:05+08:00 ] ::1 /TP3.2.3pykj/index.php/Home/Index/tizhi.html
INFO: [ app_init ] --START--
INFO: Run Behavior\BuildLiteBehavior [ RunTime:0.000049s ]
INFO: [ app_init ] --END-- [ RunTime:0.000961s ]

[ 2017-01-09T15:18:17+08:00 ] ::1 /TP3.2.3pykj/index.php/Home/Index/tizhi.html
INFO: [ app_init ] --START--
INFO: Run Behavior\BuildLiteBehavior [ RunTime:0.000032s ]
INFO: [ app_init ] --END-- [ RunTime:0.000661s ]

[ 2017-01-09T15:19:06+08:00 ] ::1 /TP3.2.3pykj/index.php/Home/Index/tizhi.html
INFO: [ app_init ] --START--
INFO: Run Behavior\BuildLiteBehavior [ RunTime:0.000048s ]
INFO: [ app_init ] --END-- [ RunTime:0.001245s ]

[ 2017-01-09T15:19:08+08:00 ] ::1 /TP3.2.3pykj/index.php/Home/Index/tizhi.html
INFO: [ app_init ] --START--
INFO: Run Behavior\BuildLiteBehavior [ RunTime:0.000045s ]
INFO: [ app_init ] --END-- [ RunTime:0.000951s ]

[ 2017-01-09T15:19:08+08:00 ] ::1 /TP3.2.3pykj/index.php/Home/Index/tizhi.html
INFO: [ app_init ] --START--
INFO: Run Behavior\BuildLiteBehavior [ RunTime:0.000070s ]
INFO: [ app_init ] --END-- [ RunTime:0.001101s ]

[ 2017-01-09T15:19:08+08:00 ] ::1 /TP3.2.3pykj/index.php/Home/Index/tizhi.html
INFO: [ app_init ] --START--
INFO: Run Behavior\BuildLiteBehavior [ RunTime:0.000105s ]
INFO: [ app_init ] --END-- [ RunTime:0.001276s ]

[ 2017-01-09T15:19:16+08:00 ] ::1 /TP3.2.3pykj/index.php/Home/Index/tizhi.html
INFO: [ app_init ] --START--
INFO: Run Behavior\BuildLiteBehavior [ RunTime:0.000044s ]
INFO: [ app_init ] --END-- [ RunTime:0.000838s ]

[ 2017-01-09T15:19:36+08:00 ] ::1 /TP3.2.3pykj/index.php/Home/Index/tizhi.html
INFO: [ app_init ] --START--
INFO: Run Behavior\BuildLiteBehavior [ RunTime:0.000042s ]
INFO: [ app_init ] --END-- [ RunTime:0.000780s ]

[ 2017-01-09T15:19:37+08:00 ] ::1 /TP3.2.3pykj/index.php/Home/Index/tizhi.html
INFO: [ app_init ] --START--
INFO: Run Behavior\BuildLiteBehavior [ RunTime:0.000042s ]
INFO: [ app_init ] --END-- [ RunTime:0.000779s ]

[ 2017-01-09T15:19:38+08:00 ] ::1 /TP3.2.3pykj/index.php/Home/Index/tizhi.html
INFO: [ app_init ] --START--
INFO: Run Behavior\BuildLiteBehavior [ RunTime:0.000042s ]
INFO: [ app_init ] --END-- [ RunTime:0.000784s ]

[ 2017-01-09T15:19:38+08:00 ] ::1 /TP3.2.3pykj/index.php/Home/Index/tizhi.html
INFO: [ app_init ] --START--
INFO: Run Behavior\BuildLiteBehavior [ RunTime:0.000031s ]
INFO: [ app_init ] --END-- [ RunTime:0.000498s ]

[ 2017-01-09T15:19:38+08:00 ] ::1 /TP3.2.3pykj/index.php/Home/Index/tizhi.html
INFO: [ app_init ] --START--
INFO: Run Behavior\BuildLiteBehavior [ RunTime:0.000031s ]
INFO: [ app_init ] --END-- [ RunTime:0.000512s ]

[ 2017-01-09T15:19:50+08:00 ] ::1 /TP3.2.3pykj/index.php/Home/Index/tizhi.html
INFO: [ app_init ] --START--
INFO: Run Behavior\BuildLiteBehavior [ RunTime:0.000032s ]
INFO: [ app_init ] --END-- [ RunTime:0.000633s ]

[ 2017-01-09T15:20:14+08:00 ] ::1 /TP3.2.3pykj/index.php/Home/Index/tizhi.html
INFO: [ app_init ] --START--
INFO: Run Behavior\BuildLiteBehavior [ RunTime:0.000040s ]
INFO: [ app_init ] --END-- [ RunTime:0.000726s ]

[ 2017-01-09T15:20:42+08:00 ] ::1 /TP3.2.3pykj/index.php/Home/Index/tizhi.html
INFO: [ app_init ] --START--
INFO: Run Behavior\BuildLiteBehavior [ RunTime:0.000038s ]
INFO: [ app_init ] --END-- [ RunTime:0.000783s ]

[ 2017-01-09T15:21:41+08:00 ] ::1 /TP3.2.3pykj/index.php/Home/Index/tizhi.html
INFO: [ app_init ] --START--
INFO: Run Behavior\BuildLiteBehavior [ RunTime:0.000045s ]
INFO: [ app_init ] --END-- [ RunTime:0.000898s ]

[ 2017-01-09T15:21:43+08:00 ] ::1 /TP3.2.3pykj/index.php/Home/Index/tizhi.html
INFO: [ app_init ] --START--
INFO: Run Behavior\BuildLiteBehavior [ RunTime:0.000031s ]
INFO: [ app_init ] --END-- [ RunTime:0.000556s ]

[ 2017-01-09T15:22:21+08:00 ] ::1 /TP3.2.3pykj/index.php/Home/Index/tizhi.html
INFO: [ app_init ] --START--
INFO: Run Behavior\BuildLiteBehavior [ RunTime:0.000032s ]
INFO: [ app_init ] --END-- [ RunTime:0.000684s ]

[ 2017-01-09T15:23:33+08:00 ] ::1 /TP3.2.3pykj/index.php/Home/Index/tizhi.html
INFO: [ app_init ] --START--
INFO: Run Behavior\BuildLiteBehavior [ RunTime:0.000060s ]
INFO: [ app_init ] --END-- [ RunTime:0.001389s ]

[ 2017-01-09T15:23:45+08:00 ] ::1 /TP3.2.3pykj/index.php/Home/Index/tizhi.html
INFO: [ app_init ] --START--
INFO: Run Behavior\BuildLiteBehavior [ RunTime:0.000034s ]
INFO: [ app_init ] --END-- [ RunTime:0.000649s ]

[ 2017-01-09T15:24:48+08:00 ] ::1 /TP3.2.3pykj/index.php/Home/Index/tizhi.html
INFO: [ app_init ] --START--
INFO: Run Behavior\BuildLiteBehavior [ RunTime:0.000032s ]
INFO: [ app_init ] --END-- [ RunTime:0.000615s ]

[ 2017-01-09T15:25:07+08:00 ] ::1 /TP3.2.3pykj/index.php/Home/Index/tizhi.html
INFO: [ app_init ] --START--
INFO: Run Behavior\BuildLiteBehavior [ RunTime:0.000040s ]
INFO: [ app_init ] --END-- [ RunTime:0.000764s ]

[ 2017-01-09T15:27:11+08:00 ] ::1 /TP3.2.3pykj/index.php/Home/Index/tizhi.html
INFO: [ app_init ] --START--
INFO: Run Behavior\BuildLiteBehavior [ RunTime:0.000044s ]
INFO: [ app_init ] --END-- [ RunTime:0.000926s ]

[ 2017-01-09T15:30:02+08:00 ] ::1 /TP3.2.3pykj/index.php/Home/Index/tizhi.html
INFO: [ app_init ] --START--
INFO: Run Behavior\BuildLiteBehavior [ RunTime:0.000039s ]
INFO: [ app_init ] --END-- [ RunTime:0.000853s ]

[ 2017-01-09T15:30:14+08:00 ] ::1 /TP3.2.3pykj/index.php/Home/Index/tizhi.html
INFO: [ app_init ] --START--
INFO: Run Behavior\BuildLiteBehavior [ RunTime:0.000045s ]
INFO: [ app_init ] --END-- [ RunTime:0.000968s ]

[ 2017-01-09T15:30:36+08:00 ] ::1 /TP3.2.3pykj/index.php/Home/Index/tizhi.html
INFO: [ app_init ] --START--
INFO: Run Behavior\BuildLiteBehavior [ RunTime:0.000074s ]
INFO: [ app_init ] --END-- [ RunTime:0.001240s ]

[ 2017-01-09T15:30:43+08:00 ] ::1 /TP3.2.3pykj/index.php/Home/Index/tizhi.html
INFO: [ app_init ] --START--
INFO: Run Behavior\BuildLiteBehavior [ RunTime:0.000046s ]
INFO: [ app_init ] --END-- [ RunTime:0.000924s ]

[ 2017-01-09T15:30:48+08:00 ] ::1 /TP3.2.3pykj/index.php/Home/Index/tizhi.html
INFO: [ app_init ] --START--
INFO: Run Behavior\BuildLiteBehavior [ RunTime:0.000051s ]
INFO: [ app_init ] --END-- [ RunTime:0.000834s ]

[ 2017-01-09T15:31:00+08:00 ] ::1 /TP3.2.3pykj/index.php/Home/Index/tizhi.html
INFO: [ app_init ] --START--
INFO: Run Behavior\BuildLiteBehavior [ RunTime:0.000040s ]
INFO: [ app_init ] --END-- [ RunTime:0.000670s ]

[ 2017-01-09T15:31:59+08:00 ] ::1 /TP3.2.3pykj/index.php/Home/Index/tizhi.html
INFO: [ app_init ] --START--
INFO: Run Behavior\BuildLiteBehavior [ RunTime:0.000047s ]
INFO: [ app_init ] --END-- [ RunTime:0.001163s ]

[ 2017-01-09T15:34:09+08:00 ] ::1 /TP3.2.3pykj/index.php/Home/Index/tizhi.html
INFO: [ app_init ] --START--
INFO: Run Behavior\BuildLiteBehavior [ RunTime:0.000037s ]
INFO: [ app_init ] --END-- [ RunTime:0.000729s ]

[ 2017-01-09T15:36:06+08:00 ] ::1 /TP3.2.3pykj/index.php/Home/Index/tizhi.html
INFO: [ app_init ] --START--
INFO: Run Behavior\BuildLiteBehavior [ RunTime:0.000064s ]
INFO: [ app_init ] --END-- [ RunTime:0.000912s ]

[ 2017-01-09T15:37:31+08:00 ] ::1 /TP3.2.3pykj/index.php/Home/Index/tizhi.html
INFO: [ app_init ] --START--
INFO: Run Behavior\BuildLiteBehavior [ RunTime:0.000032s ]
INFO: [ app_init ] --END-- [ RunTime:0.000608s ]

[ 2017-01-09T15:40:08+08:00 ] ::1 /TP3.2.3pykj/index.php/Home/Index/tizhi.html
INFO: [ app_init ] --START--
INFO: Run Behavior\BuildLiteBehavior [ RunTime:0.000032s ]
INFO: [ app_init ] --END-- [ RunTime:0.000687s ]

[ 2017-01-09T15:40:36+08:00 ] ::1 /TP3.2.3pykj/index.php/Home/Index/tizhi.html
INFO: [ app_init ] --START--
INFO: Run Behavior\BuildLiteBehavior [ RunTime:0.000037s ]
INFO: [ app_init ] --END-- [ RunTime:0.000741s ]

[ 2017-01-09T15:40:58+08:00 ] ::1 /TP3.2.3pykj/index.php/Home/Index/tizhi.html
INFO: [ app_init ] --START--
INFO: Run Behavior\BuildLiteBehavior [ RunTime:0.000034s ]
INFO: [ app_init ] --END-- [ RunTime:0.000768s ]

[ 2017-01-09T15:42:38+08:00 ] ::1 /TP3.2.3pykj/index.php/Home/Index/tizhi.html
INFO: [ app_init ] --START--
INFO: Run Behavior\BuildLiteBehavior [ RunTime:0.000046s ]
INFO: [ app_init ] --END-- [ RunTime:0.001094s ]

[ 2017-01-09T15:42:52+08:00 ] ::1 /TP3.2.3pykj/index.php/Home/Index/tizhi.html
INFO: [ app_init ] --START--
INFO: Run Behavior\BuildLiteBehavior [ RunTime:0.000047s ]
INFO: [ app_init ] --END-- [ RunTime:0.000856s ]

[ 2017-01-09T15:43:20+08:00 ] ::1 /TP3.2.3pykj/index.php/Home/Index/tizhi.html
INFO: [ app_init ] --START--
INFO: Run Behavior\BuildLiteBehavior [ RunTime:0.000046s ]
INFO: [ app_init ] --END-- [ RunTime:0.000900s ]

[ 2017-01-09T15:43:53+08:00 ] ::1 /TP3.2.3pykj/index.php/Home/Index/tizhi.html
INFO: [ app_init ] --START--
INFO: Run Behavior\BuildLiteBehavior [ RunTime:0.000043s ]
INFO: [ app_init ] --END-- [ RunTime:0.000870s ]

[ 2017-01-09T15:45:23+08:00 ] ::1 /TP3.2.3pykj/index.php/Home/Index/tizhi.html
INFO: [ app_init ] --START--
INFO: Run Behavior\BuildLiteBehavior [ RunTime:0.000050s ]
INFO: [ app_init ] --END-- [ RunTime:0.001193s ]

[ 2017-01-09T15:46:25+08:00 ] ::1 /TP3.2.3pykj/index.php/Home/Index/tizhi.html
INFO: [ app_init ] --START--
INFO: Run Behavior\BuildLiteBehavior [ RunTime:0.000034s ]
INFO: [ app_init ] --END-- [ RunTime:0.000705s ]

[ 2017-01-09T15:48:43+08:00 ] ::1 /TP3.2.3pykj/index.php/Home/Index/tizhi.html
INFO: [ app_init ] --START--
INFO: Run Behavior\BuildLiteBehavior [ RunTime:0.000039s ]
INFO: [ app_init ] --END-- [ RunTime:0.000798s ]

[ 2017-01-09T15:53:09+08:00 ] ::1 /TP3.2.3pykj/index.php/Home/Index/tizhi.html
INFO: [ app_init ] --START--
INFO: Run Behavior\BuildLiteBehavior [ RunTime:0.000039s ]
INFO: [ app_init ] --END-- [ RunTime:0.000772s ]

[ 2017-01-09T15:54:06+08:00 ] ::1 /TP3.2.3pykj/index.php/Home/Index/tizhi.html
INFO: [ app_init ] --START--
INFO: Run Behavior\BuildLiteBehavior [ RunTime:0.000045s ]
INFO: [ app_init ] --END-- [ RunTime:0.000930s ]

[ 2017-01-09T15:55:57+08:00 ] ::1 /TP3.2.3pykj/index.php/Home/Index/tizhi.html
INFO: [ app_init ] --START--
INFO: Run Behavior\BuildLiteBehavior [ RunTime:0.000039s ]
INFO: [ app_init ] --END-- [ RunTime:0.000765s ]

[ 2017-01-09T15:56:03+08:00 ] ::1 /TP3.2.3pykj/index.php/Home/Index/tizhi.html
INFO: [ app_init ] --START--
INFO: Run Behavior\BuildLiteBehavior [ RunTime:0.000041s ]
INFO: [ app_init ] --END-- [ RunTime:0.000732s ]

[ 2017-01-09T15:56:54+08:00 ] ::1 /TP3.2.3pykj/index.php/Home/Index/tizhi.html
INFO: [ app_init ] --START--
INFO: Run Behavior\BuildLiteBehavior [ RunTime:0.000048s ]
INFO: [ app_init ] --END-- [ RunTime:0.000929s ]

[ 2017-01-09T15:57:05+08:00 ] ::1 /TP3.2.3pykj/index.php/Home/Index/tizhi.html
INFO: [ app_init ] --START--
INFO: Run Behavior\BuildLiteBehavior [ RunTime:0.000145s ]
INFO: [ app_init ] --END-- [ RunTime:0.001861s ]

[ 2017-01-09T15:58:14+08:00 ] ::1 /TP3.2.3pykj/index.php/Home/Index/tizhi.html
INFO: [ app_init ] --START--
INFO: Run Behavior\BuildLiteBehavior [ RunTime:0.000063s ]
INFO: [ app_init ] --END-- [ RunTime:0.000738s ]

[ 2017-01-09T15:59:07+08:00 ] ::1 /TP3.2.3pykj/index.php/Home/Index/tizhi.html
INFO: [ app_init ] --START--
INFO: Run Behavior\BuildLiteBehavior [ RunTime:0.000075s ]
INFO: [ app_init ] --END-- [ RunTime:0.001353s ]

[ 2017-01-09T16:02:32+08:00 ] ::1 /TP3.2.3pykj/index.php/Home/Index/tizhi.html
INFO: [ app_init ] --START--
INFO: Run Behavior\BuildLiteBehavior [ RunTime:0.000071s ]
INFO: [ app_init ] --END-- [ RunTime:0.001039s ]

[ 2017-01-09T16:02:32+08:00 ] ::1 /TP3.2.3pykj/index.php/Home/Index/tizhi.html
INFO: [ app_init ] --START--
INFO: Run Behavior\BuildLiteBehavior [ RunTime:0.000050s ]
INFO: [ app_init ] --END-- [ RunTime:0.001076s ]

[ 2017-01-09T16:02:33+08:00 ] ::1 /TP3.2.3pykj/index.php/Home/Index/tizhi.html
INFO: [ app_init ] --START--
INFO: Run Behavior\BuildLiteBehavior [ RunTime:0.000045s ]
INFO: [ app_init ] --END-- [ RunTime:0.000714s ]

[ 2017-01-09T16:02:42+08:00 ] ::1 /TP3.2.3pykj/index.php/Home/Index/tizhi.html
INFO: [ app_init ] --START--
INFO: Run Behavior\BuildLiteBehavior [ RunTime:0.000044s ]
INFO: [ app_init ] --END-- [ RunTime:0.000932s ]

[ 2017-01-09T16:02:53+08:00 ] ::1 /TP3.2.3pykj/index.php/Home/Index/tizhi.html
INFO: [ app_init ] --START--
INFO: Run Behavior\BuildLiteBehavior [ RunTime:0.000039s ]
INFO: [ app_init ] --END-- [ RunTime:0.000702s ]

[ 2017-01-09T16:02:54+08:00 ] ::1 /TP3.2.3pykj/index.php/Home/Index/tizhi.html
INFO: [ app_init ] --START--
INFO: Run Behavior\BuildLiteBehavior [ RunTime:0.000046s ]
INFO: [ app_init ] --END-- [ RunTime:0.000740s ]

[ 2017-01-09T16:03:10+08:00 ] ::1 /TP3.2.3pykj/index.php/Home/Index/tizhi.html
INFO: [ app_init ] --START--
INFO: Run Behavior\BuildLiteBehavior [ RunTime:0.000049s ]
INFO: [ app_init ] --END-- [ RunTime:0.000925s ]

[ 2017-01-09T16:04:27+08:00 ] ::1 /TP3.2.3pykj/index.php/Home/Index/tizhi.html
INFO: [ app_init ] --START--
INFO: Run Behavior\BuildLiteBehavior [ RunTime:0.000040s ]
INFO: [ app_init ] --END-- [ RunTime:0.000748s ]

[ 2017-01-09T16:05:02+08:00 ] ::1 /TP3.2.3pykj/index.php/Home/Index/tizhi.html
INFO: [ app_init ] --START--
INFO: Run Behavior\BuildLiteBehavior [ RunTime:0.000048s ]
INFO: [ app_init ] --END-- [ RunTime:0.000975s ]

[ 2017-01-09T16:06:01+08:00 ] ::1 /TP3.2.3pykj/index.php/Home/Index/tizhi.html
INFO: [ app_init ] --START--
INFO: Run Behavior\BuildLiteBehavior [ RunTime:0.000037s ]
INFO: [ app_init ] --END-- [ RunTime:0.000737s ]

[ 2017-01-09T16:08:18+08:00 ] ::1 /TP3.2.3pykj/index.php/Home/Index/tizhi.html
INFO: [ app_init ] --START--
INFO: Run Behavior\BuildLiteBehavior [ RunTime:0.000074s ]
INFO: [ app_init ] --END-- [ RunTime:0.001442s ]

[ 2017-01-09T16:08:37+08:00 ] ::1 /TP3.2.3pykj/index.php/Home/Index/tizhi.html
INFO: [ app_init ] --START--
INFO: Run Behavior\BuildLiteBehavior [ RunTime:0.000034s ]
INFO: [ app_init ] --END-- [ RunTime:0.000661s ]

[ 2017-01-09T16:08:51+08:00 ] ::1 /TP3.2.3pykj/index.php/Home/Index/tizhi.html
INFO: [ app_init ] --START--
INFO: Run Behavior\BuildLiteBehavior [ RunTime:0.000042s ]
INFO: [ app_init ] --END-- [ RunTime:0.000837s ]

[ 2017-01-09T16:09:31+08:00 ] ::1 /TP3.2.3pykj/index.php/Home/Index/tizhi.html
INFO: [ app_init ] --START--
INFO: Run Behavior\BuildLiteBehavior [ RunTime:0.000030s ]
INFO: [ app_init ] --END-- [ RunTime:0.000609s ]

[ 2017-01-09T16:09:45+08:00 ] ::1 /TP3.2.3pykj/index.php/Home/Index/tizhi.html
INFO: [ app_init ] --START--
INFO: Run Behavior\BuildLiteBehavior [ RunTime:0.000083s ]
INFO: [ app_init ] --END-- [ RunTime:0.001158s ]

[ 2017-01-09T16:09:54+08:00 ] ::1 /TP3.2.3pykj/index.php/Home/Index/tizhi.html
INFO: [ app_init ] --START--
INFO: Run Behavior\BuildLiteBehavior [ RunTime:0.000041s ]
INFO: [ app_init ] --END-- [ RunTime:0.000732s ]

[ 2017-01-09T16:10:05+08:00 ] ::1 /TP3.2.3pykj/index.php/Home/Index/tizhi.html
INFO: [ app_init ] --START--
INFO: Run Behavior\BuildLiteBehavior [ RunTime:0.000050s ]
INFO: [ app_init ] --END-- [ RunTime:0.000885s ]

[ 2017-01-09T16:10:31+08:00 ] ::1 /TP3.2.3pykj/index.php/Home/Index/tizhi.html
INFO: [ app_init ] --START--
INFO: Run Behavior\BuildLiteBehavior [ RunTime:0.000036s ]
INFO: [ app_init ] --END-- [ RunTime:0.000684s ]

[ 2017-01-09T16:11:17+08:00 ] ::1 /TP3.2.3pykj/index.php/Home/Index/tizhi.html
INFO: [ app_init ] --START--
INFO: Run Behavior\BuildLiteBehavior [ RunTime:0.000039s ]
INFO: [ app_init ] --END-- [ RunTime:0.000737s ]

[ 2017-01-09T16:11:34+08:00 ] ::1 /TP3.2.3pykj/index.php/Home/Index/tizhi.html
INFO: [ app_init ] --START--
INFO: Run Behavior\BuildLiteBehavior [ RunTime:0.000032s ]
INFO: [ app_init ] --END-- [ RunTime:0.000868s ]

[ 2017-01-09T16:11:44+08:00 ] ::1 /TP3.2.3pykj/index.php/Home/Index/tizhi.html
INFO: [ app_init ] --START--
INFO: Run Behavior\BuildLiteBehavior [ RunTime:0.000041s ]
INFO: [ app_init ] --END-- [ RunTime:0.000840s ]

[ 2017-01-09T16:12:10+08:00 ] ::1 /TP3.2.3pykj/index.php/Home/Index/tizhi.html
INFO: [ app_init ] --START--
INFO: Run Behavior\BuildLiteBehavior [ RunTime:0.000043s ]
INFO: [ app_init ] --END-- [ RunTime:0.000854s ]

[ 2017-01-09T16:12:21+08:00 ] ::1 /TP3.2.3pykj/index.php/Home/Index/tizhi.html
INFO: [ app_init ] --START--
INFO: Run Behavior\BuildLiteBehavior [ RunTime:0.000048s ]
INFO: [ app_init ] --END-- [ RunTime:0.000904s ]

[ 2017-01-09T16:12:26+08:00 ] ::1 /TP3.2.3pykj/index.php/Home/Index/tizhi.html
INFO: [ app_init ] --START--
INFO: Run Behavior\BuildLiteBehavior [ RunTime:0.000030s ]
INFO: [ app_init ] --END-- [ RunTime:0.000565s ]

[ 2017-01-09T16:12:47+08:00 ] ::1 /TP3.2.3pykj/index.php/Home/Index/tizhi.html
INFO: [ app_init ] --START--
INFO: Run Behavior\BuildLiteBehavior [ RunTime:0.000047s ]
INFO: [ app_init ] --END-- [ RunTime:0.000843s ]

[ 2017-01-09T16:12:56+08:00 ] ::1 /TP3.2.3pykj/index.php/Home/Index/tizhi.html
INFO: [ app_init ] --START--
INFO: Run Behavior\BuildLiteBehavior [ RunTime:0.000031s ]
INFO: [ app_init ] --END-- [ RunTime:0.000599s ]

[ 2017-01-09T16:13:11+08:00 ] ::1 /TP3.2.3pykj/index.php/Home/Index/tizhi.html
INFO: [ app_init ] --START--
INFO: Run Behavior\BuildLiteBehavior [ RunTime:0.000076s ]
INFO: [ app_init ] --END-- [ RunTime:0.001569s ]

[ 2017-01-09T16:13:27+08:00 ] ::1 /TP3.2.3pykj/index.php/Home/Index/tizhi.html
INFO: [ app_init ] --START--
INFO: Run Behavior\BuildLiteBehavior [ RunTime:0.000050s ]
INFO: [ app_init ] --END-- [ RunTime:0.000968s ]

[ 2017-01-09T16:14:05+08:00 ] ::1 /TP3.2.3pykj/index.php/Home/Index/tizhi.html
INFO: [ app_init ] --START--
INFO: Run Behavior\BuildLiteBehavior [ RunTime:0.000078s ]
INFO: [ app_init ] --END-- [ RunTime:0.001446s ]

[ 2017-01-09T16:14:25+08:00 ] ::1 /TP3.2.3pykj/index.php/Home/Index/tizhi.html
INFO: [ app_init ] --START--
INFO: Run Behavior\BuildLiteBehavior [ RunTime:0.000078s ]
INFO: [ app_init ] --END-- [ RunTime:0.001461s ]

[ 2017-01-09T16:14:39+08:00 ] ::1 /TP3.2.3pykj/index.php/Home/Index/tizhi.html
INFO: [ app_init ] --START--
INFO: Run Behavior\BuildLiteBehavior [ RunTime:0.000046s ]
INFO: [ app_init ] --END-- [ RunTime:0.001161s ]

[ 2017-01-09T16:14:50+08:00 ] ::1 /TP3.2.3pykj/index.php/Home/Index/tizhi.html
INFO: [ app_init ] --START--
INFO: Run Behavior\BuildLiteBehavior [ RunTime:0.000046s ]
INFO: [ app_init ] --END-- [ RunTime:0.001341s ]

[ 2017-01-09T16:15:42+08:00 ] ::1 /TP3.2.3pykj/index.php/Home/Index/tizhi.html
INFO: [ app_init ] --START--
INFO: Run Behavior\BuildLiteBehavior [ RunTime:0.000039s ]
INFO: [ app_init ] --END-- [ RunTime:0.000809s ]

[ 2017-01-09T16:17:20+08:00 ] ::1 /TP3.2.3pykj/index.php/Home/Index/tizhi.html
INFO: [ app_init ] --START--
INFO: Run Behavior\BuildLiteBehavior [ RunTime:0.000077s ]
INFO: [ app_init ] --END-- [ RunTime:0.001658s ]

[ 2017-01-09T16:19:56+08:00 ] ::1 /TP3.2.3pykj/index.php/Home/Index/tizhi.html
INFO: [ app_init ] --START--
INFO: Run Behavior\BuildLiteBehavior [ RunTime:0.000069s ]
INFO: [ app_init ] --END-- [ RunTime:0.001505s ]

[ 2017-01-09T16:20:29+08:00 ] ::1 /TP3.2.3pykj/index.php/Home/Index/tizhi.html
INFO: [ app_init ] --START--
INFO: Run Behavior\BuildLiteBehavior [ RunTime:0.000032s ]
INFO: [ app_init ] --END-- [ RunTime:0.000664s ]

[ 2017-01-09T16:20:44+08:00 ] ::1 /TP3.2.3pykj/index.php/Home/Index/tizhi.html
INFO: [ app_init ] --START--
INFO: Run Behavior\BuildLiteBehavior [ RunTime:0.000043s ]
INFO: [ app_init ] --END-- [ RunTime:0.000982s ]

[ 2017-01-09T16:21:04+08:00 ] ::1 /TP3.2.3pykj/index.php/Home/Index/tizhi.html
INFO: [ app_init ] --START--
INFO: Run Behavior\BuildLiteBehavior [ RunTime:0.000030s ]
INFO: [ app_init ] --END-- [ RunTime:0.000595s ]

[ 2017-01-09T16:21:16+08:00 ] ::1 /TP3.2.3pykj/index.php/Home/Index/tizhi.html
INFO: [ app_init ] --START--
INFO: Run Behavior\BuildLiteBehavior [ RunTime:0.000032s ]
INFO: [ app_init ] --END-- [ RunTime:0.000608s ]

[ 2017-01-09T16:21:16+08:00 ] ::1 /TP3.2.3pykj/index.php/Home/Index/tizhi.html
INFO: [ app_init ] --START--
INFO: Run Behavior\BuildLiteBehavior [ RunTime:0.000034s ]
INFO: [ app_init ] --END-- [ RunTime:0.001274s ]

[ 2017-01-09T16:21:16+08:00 ] ::1 /TP3.2.3pykj/index.php/Home/Index/tizhi.html
INFO: [ app_init ] --START--
INFO: Run Behavior\BuildLiteBehavior [ RunTime:0.000036s ]
INFO: [ app_init ] --END-- [ RunTime:0.000925s ]

[ 2017-01-09T16:21:27+08:00 ] ::1 /TP3.2.3pykj/index.php/Home/Index/tizhi.html
INFO: [ app_init ] --START--
INFO: Run Behavior\BuildLiteBehavior [ RunTime:0.000076s ]
INFO: [ app_init ] --END-- [ RunTime:0.001342s ]

[ 2017-01-09T16:25:16+08:00 ] ::1 /TP3.2.3pykj/index.php/Home/Index/tizhi.html
INFO: [ app_init ] --START--
INFO: Run Behavior\BuildLiteBehavior [ RunTime:0.000067s ]
INFO: [ app_init ] --END-- [ RunTime:0.001127s ]

[ 2017-01-09T16:26:27+08:00 ] ::1 /TP3.2.3pykj/index.php/Home/Index/tizhi.html
INFO: [ app_init ] --START--
INFO: Run Behavior\BuildLiteBehavior [ RunTime:0.000043s ]
INFO: [ app_init ] --END-- [ RunTime:0.000846s ]

[ 2017-01-09T16:27:39+08:00 ] ::1 /TP3.2.3pykj/index.php/Home/Index/tizhi.html
INFO: [ app_init ] --START--
INFO: Run Behavior\BuildLiteBehavior [ RunTime:0.000050s ]
INFO: [ app_init ] --END-- [ RunTime:0.000997s ]

[ 2017-01-09T16:27:46+08:00 ] ::1 /TP3.2.3pykj/index.php/Home/Index/tizhi.html
INFO: [ app_init ] --START--
INFO: Run Behavior\BuildLiteBehavior [ RunTime:0.000056s ]
INFO: [ app_init ] --END-- [ RunTime:0.000789s ]

[ 2017-01-09T16:27:55+08:00 ] ::1 /TP3.2.3pykj/index.php/Home/Index/tizhi.html
INFO: [ app_init ] --START--
INFO: Run Behavior\BuildLiteBehavior [ RunTime:0.000043s ]
INFO: [ app_init ] --END-- [ RunTime:0.000768s ]

[ 2017-01-09T16:28:04+08:00 ] ::1 /TP3.2.3pykj/index.php/Home/Index/tizhi.html
INFO: [ app_init ] --START--
INFO: Run Behavior\BuildLiteBehavior [ RunTime:0.000044s ]
INFO: [ app_init ] --END-- [ RunTime:0.000762s ]

[ 2017-01-09T16:28:29+08:00 ] ::1 /TP3.2.3pykj/index.php/Home/Index/tizhi.html
INFO: [ app_init ] --START--
INFO: Run Behavior\BuildLiteBehavior [ RunTime:0.000100s ]
INFO: [ app_init ] --END-- [ RunTime:0.002423s ]

[ 2017-01-09T16:29:15+08:00 ] ::1 /TP3.2.3pykj/index.php/Home/Index/tizhi.html
INFO: [ app_init ] --START--
INFO: Run Behavior\BuildLiteBehavior [ RunTime:0.000044s ]
INFO: [ app_init ] --END-- [ RunTime:0.000802s ]

[ 2017-01-09T16:29:40+08:00 ] ::1 /TP3.2.3pykj/index.php/Home/Index/tizhi.html
INFO: [ app_init ] --START--
INFO: Run Behavior\BuildLiteBehavior [ RunTime:0.000031s ]
INFO: [ app_init ] --END-- [ RunTime:0.000612s ]

[ 2017-01-09T16:29:44+08:00 ] ::1 /TP3.2.3pykj/index.php/Home/Index/tizhi.html
INFO: [ app_init ] --START--
INFO: Run Behavior\BuildLiteBehavior [ RunTime:0.000044s ]
INFO: [ app_init ] --END-- [ RunTime:0.000827s ]

[ 2017-01-09T16:30:51+08:00 ] ::1 /TP3.2.3pykj/index.php/Home/Index/tizhi.html
INFO: [ app_init ] --START--
INFO: Run Behavior\BuildLiteBehavior [ RunTime:0.000035s ]
INFO: [ app_init ] --END-- [ RunTime:0.000708s ]

[ 2017-01-09T16:31:09+08:00 ] ::1 /TP3.2.3pykj/index.php/Home/Index/tizhi.html
INFO: [ app_init ] --START--
INFO: Run Behavior\BuildLiteBehavior [ RunTime:0.000030s ]
INFO: [ app_init ] --END-- [ RunTime:0.000614s ]

[ 2017-01-09T16:31:24+08:00 ] ::1 /TP3.2.3pykj/index.php/Home/Index/tizhi.html
INFO: [ app_init ] --START--
INFO: Run Behavior\BuildLiteBehavior [ RunTime:0.000077s ]
INFO: [ app_init ] --END-- [ RunTime:0.001675s ]

[ 2017-01-09T16:32:07+08:00 ] ::1 /TP3.2.3pykj/index.php/Home/Index/tizhi.html
INFO: [ app_init ] --START--
INFO: Run Behavior\BuildLiteBehavior [ RunTime:0.000059s ]
INFO: [ app_init ] --END-- [ RunTime:0.001143s ]

[ 2017-01-09T16:33:05+08:00 ] ::1 /TP3.2.3pykj/index.php/Home/Index/tizhi.html
INFO: [ app_init ] --START--
INFO: Run Behavior\BuildLiteBehavior [ RunTime:0.000036s ]
INFO: [ app_init ] --END-- [ RunTime:0.000749s ]

[ 2017-01-09T16:34:20+08:00 ] ::1 /TP3.2.3pykj/index.php/Home/Index/tizhi.html
INFO: [ app_init ] --START--
INFO: Run Behavior\BuildLiteBehavior [ RunTime:0.000033s ]
INFO: [ app_init ] --END-- [ RunTime:0.000674s ]

[ 2017-01-09T16:34:49+08:00 ] ::1 /TP3.2.3pykj/index.php/Home/Index/tizhi.html
INFO: [ app_init ] --START--
INFO: Run Behavior\BuildLiteBehavior [ RunTime:0.000043s ]
INFO: [ app_init ] --END-- [ RunTime:0.000772s ]

[ 2017-01-09T16:59:27+08:00 ] ::1 /TP3.2.3pykj/index.php/Home/Index/yuyue.html
INFO: [ app_init ] --START--
INFO: Run Behavior\BuildLiteBehavior [ RunTime:0.000037s ]
INFO: [ app_init ] --END-- [ RunTime:0.000688s ]

[ 2017-01-09T16:59:33+08:00 ] ::1 /TP3.2.3pykj/index.php/Home/Index/home.html
INFO: [ app_init ] --START--
INFO: Run Behavior\BuildLiteBehavior [ RunTime:0.000037s ]
INFO: [ app_init ] --END-- [ RunTime:0.000701s ]

[ 2017-01-09T16:59:38+08:00 ] ::1 /TP3.2.3pykj/index.php/Home/Index/yuyue.html
INFO: [ app_init ] --START--
INFO: Run Behavior\BuildLiteBehavior [ RunTime:0.000040s ]
INFO: [ app_init ] --END-- [ RunTime:0.000915s ]

[ 2017-01-09T16:59:42+08:00 ] ::1 /TP3.2.3pykj/index.php/Home/Index/dengji.html
INFO: [ app_init ] --START--
INFO: Run Behavior\BuildLiteBehavior [ RunTime:0.000037s ]
INFO: [ app_init ] --END-- [ RunTime:0.000661s ]

[ 2017-01-09T17:05:39+08:00 ] ::1 /TP3.2.3pykj/index.php/Home/Index/home.html
INFO: [ app_init ] --START--
INFO: Run Behavior\BuildLiteBehavior [ RunTime:0.000037s ]
INFO: [ app_init ] --END-- [ RunTime:0.000764s ]

[ 2017-01-09T17:05:44+08:00 ] ::1 /TP3.2.3pykj/index.php/Home/Index/index3
INFO: [ app_init ] --START--
INFO: Run Behavior\BuildLiteBehavior [ RunTime:0.000035s ]
INFO: [ app_init ] --END-- [ RunTime:0.000627s ]

[ 2017-01-09T17:05:44+08:00 ] ::1 /TP3.2.3pykj/index.php/Home/Index/font-awesome.min.css
INFO: [ app_init ] --START--
INFO: Run Behavior\BuildLiteBehavior [ RunTime:0.000058s ]
INFO: [ app_init ] --END-- [ RunTime:0.000846s ]
ERR: 非法操作:font-awesome.min.css

[ 2017-01-09T17:05:44+08:00 ] ::1 /TP3.2.3pykj/index.php/Home/Index/bootstrap.min.css
INFO: [ app_init ] --START--
INFO: Run Behavior\BuildLiteBehavior [ RunTime:0.000059s ]
INFO: [ app_init ] --END-- [ RunTime:0.000921s ]
ERR: 非法操作:bootstrap.min.css

[ 2017-01-09T17:05:44+08:00 ] ::1 /TP3.2.3pykj/index.php/Home/Index/jquery-1.8.3.min.js
INFO: [ app_init ] --START--
INFO: Run Behavior\BuildLiteBehavior [ RunTime:0.000058s ]
INFO: [ app_init ] --END-- [ RunTime:0.000843s ]
ERR: 非法操作:jquery-1.8.3.min.js

[ 2017-01-09T17:05:44+08:00 ] ::1 /TP3.2.3pykj/index.php/Home/Index/daterangepicker-bs3.css
INFO: [ app_init ] --START--
INFO: Run Behavior\BuildLiteBehavior [ RunTime:0.000056s ]
INFO: [ app_init ] --END-- [ RunTime:0.000908s ]
ERR: 非法操作:daterangepicker-bs3.css

[ 2017-01-09T17:05:44+08:00 ] ::1 /TP3.2.3pykj/index.php/Home/Index/js/bootstrap.min.js
INFO: [ app_init ] --START--
INFO: Run Behavior\BuildLiteBehavior [ RunTime:0.000054s ]
INFO: [ app_init ] --END-- [ RunTime:0.000947s ]
ERR: 非法操作:js

[ 2017-01-09T17:05:44+08:00 ] ::1 /TP3.2.3pykj/index.php/Home/Index/moment.js
INFO: [ app_init ] --START--
INFO: Run Behavior\BuildLiteBehavior [ RunTime:0.000066s ]
INFO: [ app_init ] --END-- [ RunTime:0.000856s ]
ERR: 非法操作:moment.js

[ 2017-01-09T17:05:44+08:00 ] ::1 /TP3.2.3pykj/index.php/Home/Index/daterangepicker.js
INFO: [ app_init ] --START--
INFO: Run Behavior\BuildLiteBehavior [ RunTime:0.000050s ]
INFO: [ app_init ] --END-- [ RunTime:0.000890s ]
ERR: 非法操作:daterangepicker.js

[ 2017-01-09T17:06:30+08:00 ] ::1 /TP3.2.3pykj/index.php/Home/Index/index3
INFO: [ app_init ] --START--
INFO: Run Behavior\BuildLiteBehavior [ RunTime:0.000055s ]
INFO: [ app_init ] --END-- [ RunTime:0.000835s ]

[ 2017-01-09T17:07:46+08:00 ] ::1 /TP3.2.3pykj/index.php/Home/Index/tizhi.html
INFO: [ app_init ] --START--
INFO: Run Behavior\BuildLiteBehavior [ RunTime:0.000057s ]
INFO: [ app_init ] --END-- [ RunTime:0.000711s ]

[ 2017-01-09T17:07:48+08:00 ] ::1 /TP3.2.3pykj/index.php/Home/Index/tizhi.html
INFO: [ app_init ] --START--
INFO: Run Behavior\BuildLiteBehavior [ RunTime:0.000051s ]
INFO: [ app_init ] --END-- [ RunTime:0.000832s ]

[ 2017-01-09T17:08:08+08:00 ] ::1 /TP3.2.3pykj/index.php/Home/Index/tizhi.html
INFO: [ app_init ] --START--
INFO: Run Behavior\BuildLiteBehavior [ RunTime:0.000032s ]
INFO: [ app_init ] --END-- [ RunTime:0.000565s ]

[ 2017-01-09T17:08:11+08:00 ] ::1 /TP3.2.3pykj/index.php/Home/Index/tizhi.html
INFO: [ app_init ] --START--
INFO: Run Behavior\BuildLiteBehavior [ RunTime:0.000042s ]
INFO: [ app_init ] --END-- [ RunTime:0.000778s ]

[ 2017-01-09T17:10:12+08:00 ] ::1 /TP3.2.3pykj/index.php/Home/Index/tizhi.html
INFO: [ app_init ] --START--
INFO: Run Behavior\BuildLiteBehavior [ RunTime:0.000030s ]
INFO: [ app_init ] --END-- [ RunTime:0.000587s ]

[ 2017-01-09T17:10:17+08:00 ] ::1 /TP3.2.3pykj/index.php/Home/Index/tizhi.html
INFO: [ app_init ] --START--
INFO: Run Behavior\BuildLiteBehavior [ RunTime:0.000078s ]
INFO: [ app_init ] --END-- [ RunTime:0.001551s ]

[ 2017-01-09T17:12:35+08:00 ] ::1 /TP3.2.3pykj/index.php/Home/Index/tizhi.html
INFO: [ app_init ] --START--
INFO: Run Behavior\BuildLiteBehavior [ RunTime:0.000035s ]
INFO: [ app_init ] --END-- [ RunTime:0.000737s ]

[ 2017-01-09T17:22:43+08:00 ] ::1 /TP3.2.3pykj/index.php/Home/Index/chaxun
INFO: [ app_init ] --START--
INFO: Run Behavior\BuildLiteBehavior [ RunTime:0.000052s ]
INFO: [ app_init ] --END-- [ RunTime:0.000854s ]

[ 2017-01-09T17:22:46+08:00 ] ::1 /TP3.2.3pykj/index.php/Home/Index/tizhi.html
INFO: [ app_init ] --START--
INFO: Run Behavior\BuildLiteBehavior [ RunTime:0.000038s ]
INFO: [ app_init ] --END-- [ RunTime:0.000840s ]

[ 2017-01-09T17:24:15+08:00 ] ::1 /TP3.2.3pykj/index.php/Home/Index/index3
INFO: [ app_init ] --START--
INFO: Run Behavior\BuildLiteBehavior [ RunTime:0.000031s ]
INFO: [ app_init ] --END-- [ RunTime:0.000683s ]

[ 2017-01-09T17:32:49+08:00 ] ::1 /TP3.2.3pykj/index.php/Home/Index/tizhi.html
INFO: [ app_init ] --START--
INFO: Run Behavior\BuildLiteBehavior [ RunTime:0.000030s ]
INFO: [ app_init ] --END-- [ RunTime:0.000617s ]

[ 2017-01-09T17:32:54+08:00 ] ::1 /TP3.2.3pykj/index.php/Home/Index/tizhi.html
INFO: [ app_init ] --START--
INFO: Run Behavior\BuildLiteBehavior [ RunTime:0.000041s ]
INFO: [ app_init ] --END-- [ RunTime:0.000789s ]

[ 2017-01-09T17:33:01+08:00 ] ::1 /TP3.2.3pykj/index.php/Home/Index/tizhi.html
INFO: [ app_init ] --START--
INFO: Run Behavior\BuildLiteBehavior [ RunTime:0.000040s ]
INFO: [ app_init ] --END-- [ RunTime:0.001035s ]

[ 2017-01-09T17:35:22+08:00 ] ::1 /TP3.2.3pykj/index.php/Home/Index/tizhi.html
INFO: [ app_init ] --START--
INFO: Run Behavior\BuildLiteBehavior [ RunTime:0.000037s ]
INFO: [ app_init ] --END-- [ RunTime:0.000676s ]

[ 2017-01-09T17:42:01+08:00 ] ::1 /TP3.2.3pykj/index.php/Home/Index/tizhi.html
INFO: [ app_init ] --START--
INFO: Run Behavior\BuildLiteBehavior [ RunTime:0.000065s ]
INFO: [ app_init ] --END-- [ RunTime:0.000934s ]

[ 2017-01-09T17:42:13+08:00 ] ::1 /TP3.2.3pykj/index.php/Home/Index/tizhi.html
INFO: [ app_init ] --START--
INFO: Run Behavior\BuildLiteBehavior [ RunTime:0.000057s ]
INFO: [ app_init ] --END-- [ RunTime:0.000663s ]

[ 2017-01-09T17:49:11+08:00 ] ::1 /TP3.2.3pykj/index.php/Home/Index/tizhi.html
INFO: [ app_init ] --START--
INFO: Run Behavior\BuildLiteBehavior [ RunTime:0.000036s ]
INFO: [ app_init ] --END-- [ RunTime:0.000681s ]

[ 2017-01-09T17:49:48+08:00 ] ::1 /TP3.2.3pykj/index.php/Home/Index/tizhi.html
INFO: [ app_init ] --START--
INFO: Run Behavior\BuildLiteBehavior [ RunTime:0.000045s ]
INFO: [ app_init ] --END-- [ RunTime:0.000910s ]

[ 2017-01-09T17:50:08+08:00 ] ::1 /TP3.2.3pykj/index.php/Home/Index/tizhi.html
INFO: [ app_init ] --START--
INFO: Run Behavior\BuildLiteBehavior [ RunTime:0.000084s ]
INFO: [ app_init ] --END-- [ RunTime:0.000892s ]

[ 2017-01-09T18:02:57+08:00 ] ::1 /TP3.2.3pykj/index.php/Home/Index/jiankang.html
INFO: [ app_init ] --START--
INFO: Run Behavior\BuildLiteBehavior [ RunTime:0.000061s ]
INFO: [ app_init ] --END-- [ RunTime:0.000822s ]

[ 2017-01-09T18:13:55+08:00 ] ::1 /TP3.2.3pykj/index.php/Home/Index/tizhi.html
INFO: [ app_init ] --START--
INFO: Run Behavior\BuildLiteBehavior [ RunTime:0.000036s ]
INFO: [ app_init ] --END-- [ RunTime:0.000691s ]

[ 2017-01-09T18:14:03+08:00 ] ::1 /TP3.2.3pykj/index.php/Home/Index/tizhi.html
INFO: [ app_init ] --START--
INFO: Run Behavior\BuildLiteBehavior [ RunTime:0.000035s ]
INFO: [ app_init ] --END-- [ RunTime:0.000692s ]

[ 2017-01-09T18:14:37+08:00 ] ::1 /TP3.2.3pykj/index.php/Home/Index/tizhi.html
INFO: [ app_init ] --START--
INFO: Run Behavior\BuildLiteBehavior [ RunTime:0.000064s ]
INFO: [ app_init ] --END-- [ RunTime:0.000938s ]

[ 2017-01-09T18:14:39+08:00 ] ::1 /TP3.2.3pykj/index.php/Home/Index/jiankang.html
INFO: [ app_init ] --START--
INFO: Run Behavior\BuildLiteBehavior [ RunTime:0.000036s ]
INFO: [ app_init ] --END-- [ RunTime:0.000698s ]

[ 2017-01-09T18:16:09+08:00 ] ::1 /TP3.2.3pykj/index.php/Home/Index/tizhi.html
INFO: [ app_init ] --START--
INFO: Run Behavior\BuildLiteBehavior [ RunTime:0.000036s ]
INFO: [ app_init ] --END-- [ RunTime:0.000666s ]

[ 2017-01-09T18:16:47+08:00 ] ::1 /TP3.2.3pykj/index.php/Home/Index/tizhi.html
INFO: [ app_init ] --START--
INFO: Run Behavior\BuildLiteBehavior [ RunTime:0.000038s ]
INFO: [ app_init ] --END-- [ RunTime:0.000905s ]

[ 2017-01-09T18:29:43+08:00 ] ::1 /TP3.2.3pykj/index.php/Home/Index/jiankang.html
INFO: [ app_init ] --START--
INFO: Run Behavior\BuildLiteBehavior [ RunTime:0.000036s ]
INFO: [ app_init ] --END-- [ RunTime:0.000718s ]

[ 2017-01-09T18:38:04+08:00 ] ::1 /TP3.2.3pykj/index.php/Home/Index/blog-detail.html
INFO: [ app_init ] --START--
INFO: Run Behavior\BuildLiteBehavior [ RunTime:0.000036s ]
INFO: [ app_init ] --END-- [ RunTime:0.000793s ]
ERR: 非法操作:blog-detail

[ 2017-01-09T18:38:07+08:00 ] ::1 /TP3.2.3pykj/index.php/Home/Index/tizhi.html
INFO: [ app_init ] --START--
INFO: Run Behavior\BuildLiteBehavior [ RunTime:0.000036s ]
INFO: [ app_init ] --END-- [ RunTime:0.000666s ]

[ 2017-01-09T18:41:29+08:00 ] ::1 /TP3.2.3pykj/index.php/Home/Index/tizhi.html
INFO: [ app_init ] --START--
INFO: Run Behavior\BuildLiteBehavior [ RunTime:0.000042s ]
INFO: [ app_init ] --END-- [ RunTime:0.000794s ]

[ 2017-01-09T18:41:48+08:00 ] ::1 /TP3.2.3pykj/index.php/Home/Index/tizhi.html
INFO: [ app_init ] --START--
INFO: Run Behavior\BuildLiteBehavior [ RunTime:0.000032s ]
INFO: [ app_init ] --END-- [ RunTime:0.000620s ]

[ 2017-01-09T18:41:52+08:00 ] ::1 /TP3.2.3pykj/index.php/Home/Index/tizhi.html
INFO: [ app_init ] --START--
INFO: Run Behavior\BuildLiteBehavior [ RunTime:0.000047s ]
INFO: [ app_init ] --END-- [ RunTime:0.000846s ]

[ 2017-01-09T18:42:11+08:00 ] ::1 /TP3.2.3pykj/index.php/Home/Index/tizhi.html
INFO: [ app_init ] --START--
INFO: Run Behavior\BuildLiteBehavior [ RunTime:0.000031s ]
INFO: [ app_init ] --END-- [ RunTime:0.000591s ]

[ 2017-01-09T18:42:15+08:00 ] ::1 /TP3.2.3pykj/index.php/Home/Index/tizhi.html
INFO: [ app_init ] --START--
INFO: Run Behavior\BuildLiteBehavior [ RunTime:0.000038s ]
INFO: [ app_init ] --END-- [ RunTime:0.000759s ]

[ 2017-01-09T18:42:29+08:00 ] ::1 /TP3.2.3pykj/index.php/Home/Index/tizhi.html
INFO: [ app_init ] --START--
INFO: Run Behavior\BuildLiteBehavior [ RunTime:0.000075s ]
INFO: [ app_init ] --END-- [ RunTime:0.001488s ]

[ 2017-01-09T18:42:49+08:00 ] ::1 /TP3.2.3pykj/index.php/Home/Index/tizhi.html
INFO: [ app_init ] --START--
INFO: Run Behavior\BuildLiteBehavior [ RunTime:0.000077s ]
INFO: [ app_init ] --END-- [ RunTime:0.001586s ]

[ 2017-01-09T18:42:59+08:00 ] ::1 /TP3.2.3pykj/index.php/Home/Index/tizhi.html
INFO: [ app_init ] --START--
INFO: Run Behavior\BuildLiteBehavior [ RunTime:0.000039s ]
INFO: [ app_init ] --END-- [ RunTime:0.000828s ]

[ 2017-01-09T18:43:02+08:00 ] ::1 /TP3.2.3pykj/index.php/Home/Index/tizhi.html
INFO: [ app_init ] --START--
INFO: Run Behavior\BuildLiteBehavior [ RunTime:0.000036s ]
INFO: [ app_init ] --END-- [ RunTime:0.000690s ]

[ 2017-01-09T18:43:13+08:00 ] ::1 /TP3.2.3pykj/index.php/Home/Index/tizhi.html
INFO: [ app_init ] --START--
INFO: Run Behavior\BuildLiteBehavior [ RunTime:0.000055s ]
INFO: [ app_init ] --END-- [ RunTime:0.001033s ]

[ 2017-01-09T18:43:26+08:00 ] ::1 /TP3.2.3pykj/index.php/Home/Index/tizhi.html
INFO: [ app_init ] --START--
INFO: Run Behavior\BuildLiteBehavior [ RunTime:0.000047s ]
INFO: [ app_init ] --END-- [ RunTime:0.001179s ]

[ 2017-01-09T18:43:27+08:00 ] ::1 /TP3.2.3pykj/index.php/Home/Index/tizhi.html
INFO: [ app_init ] --START--
INFO: Run Behavior\BuildLiteBehavior [ RunTime:0.000050s ]
INFO: [ app_init ] --END-- [ RunTime:0.000864s ]

