[ 2017-01-04T11:03:56+08:00 ] ::1 /TP3.2.3pykj/index.php/Home/Index/home
INFO: [ app_init ] --START--
INFO: Run Behavior\BuildLiteBehavior [ RunTime:0.000037s ]
INFO: [ app_init ] --END-- [ RunTime:0.001112s ]

[ 2017-01-04T11:04:40+08:00 ] ::1 /TP3.2.3pykj/index.php/Home/Index/home
INFO: [ app_init ] --START--
INFO: Run Behavior\BuildLiteBehavior [ RunTime:0.000032s ]
INFO: [ app_init ] --END-- [ RunTime:0.000597s ]

[ 2017-01-04T16:35:45+08:00 ] ::1 /TP3.2.3pykj/
INFO: [ app_init ] --START--
INFO: Run Behavior\BuildLiteBehavior [ RunTime:0.000084s ]
INFO: [ app_init ] --END-- [ RunTime:0.001975s ]

[ 2017-01-04T16:35:47+08:00 ] ::1 /TP3.2.3pykj/index.php/Home/Index/home?
INFO: [ app_init ] --START--
INFO: Run Behavior\BuildLiteBehavior [ RunTime:0.000036s ]
INFO: [ app_init ] --END-- [ RunTime:0.000793s ]

[ 2017-01-04T16:40:26+08:00 ] ::1 /TP3.2.3pykj/index.php/Home/Index/home
INFO: [ app_init ] --START--
INFO: Run Behavior\BuildLiteBehavior [ RunTime:0.000030s ]
INFO: [ app_init ] --END-- [ RunTime:0.000612s ]

[ 2017-01-04T17:21:55+08:00 ] ::1 /TP3.2.3pykj/index.php/Home/Index/home
INFO: [ app_init ] --START--
INFO: Run Behavior\BuildLiteBehavior [ RunTime:0.000077s ]
INFO: [ app_init ] --END-- [ RunTime:0.002433s ]

[ 2017-01-04T17:27:31+08:00 ] ::1 /TP3.2.3pykj/index.php/Home/Index/dengji.html
INFO: [ app_init ] --START--
INFO: Run Behavior\BuildLiteBehavior [ RunTime:0.000036s ]
INFO: [ app_init ] --END-- [ RunTime:0.000746s ]

[ 2017-01-04T17:27:36+08:00 ] ::1 /TP3.2.3pykj/index.php/Home/Index/home.html
INFO: [ app_init ] --START--
INFO: Run Behavior\BuildLiteBehavior [ RunTime:0.000059s ]
INFO: [ app_init ] --END-- [ RunTime:0.000756s ]

[ 2017-01-04T17:27:46+08:00 ] ::1 /TP3.2.3pykj/index.php/Home/Index/dengji.html
INFO: [ app_init ] --START--
INFO: Run Behavior\BuildLiteBehavior [ RunTime:0.000035s ]
INFO: [ app_init ] --END-- [ RunTime:0.000625s ]

[ 2017-01-04T17:29:34+08:00 ] ::1 /TP3.2.3pykj/index.php/Home/Index/dengji.html
INFO: [ app_init ] --START--
INFO: Run Behavior\BuildLiteBehavior [ RunTime:0.000034s ]
INFO: [ app_init ] --END-- [ RunTime:0.000645s ]

[ 2017-01-04T17:35:35+08:00 ] ::1 /TP3.2.3pykj/index.php/Home/Index/dengji.html
INFO: [ app_init ] --START--
INFO: Run Behavior\BuildLiteBehavior [ RunTime:0.000100s ]
INFO: [ app_init ] --END-- [ RunTime:0.001682s ]

[ 2017-01-04T17:37:41+08:00 ] ::1 /TP3.2.3pykj/index.php/Home/Index/dengji.html
INFO: [ app_init ] --START--
INFO: Run Behavior\BuildLiteBehavior [ RunTime:0.000032s ]
INFO: [ app_init ] --END-- [ RunTime:0.000678s ]

[ 2017-01-04T17:39:33+08:00 ] ::1 /TP3.2.3pykj/index.php/Home/Index/dengji.html
INFO: [ app_init ] --START--
INFO: Run Behavior\BuildLiteBehavior [ RunTime:0.000029s ]
INFO: [ app_init ] --END-- [ RunTime:0.000588s ]

[ 2017-01-04T17:41:10+08:00 ] ::1 /TP3.2.3pykj/index.php/Home/Index/dengji.html
INFO: [ app_init ] --START--
INFO: Run Behavior\BuildLiteBehavior [ RunTime:0.000048s ]
INFO: [ app_init ] --END-- [ RunTime:0.001383s ]

[ 2017-01-04T17:44:50+08:00 ] ::1 /TP3.2.3pykj/index.php/Home/Index/dengji.html
INFO: [ app_init ] --START--
INFO: Run Behavior\BuildLiteBehavior [ RunTime:0.000034s ]
INFO: [ app_init ] --END-- [ RunTime:0.000665s ]

[ 2017-01-04T17:45:10+08:00 ] ::1 /TP3.2.3pykj/index.php/Home/Index/dengji.html
INFO: [ app_init ] --START--
INFO: Run Behavior\BuildLiteBehavior [ RunTime:0.000037s ]
INFO: [ app_init ] --END-- [ RunTime:0.000718s ]

[ 2017-01-04T17:45:17+08:00 ] ::1 /TP3.2.3pykj/index.php/Home/Index/dengji.html
INFO: [ app_init ] --START--
INFO: Run Behavior\BuildLiteBehavior [ RunTime:0.000041s ]
INFO: [ app_init ] --END-- [ RunTime:0.000759s ]

[ 2017-01-04T17:45:17+08:00 ] ::1 /TP3.2.3pykj/index.php/Home/Index/dengji.html
INFO: [ app_init ] --START--
INFO: Run Behavior\BuildLiteBehavior [ RunTime:0.000036s ]
INFO: [ app_init ] --END-- [ RunTime:0.000877s ]

[ 2017-01-04T17:45:23+08:00 ] ::1 /TP3.2.3pykj/index.php/Home/Index/dengji.html
INFO: [ app_init ] --START--
INFO: Run Behavior\BuildLiteBehavior [ RunTime:0.000034s ]
INFO: [ app_init ] --END-- [ RunTime:0.000668s ]

[ 2017-01-04T17:45:28+08:00 ] ::1 /TP3.2.3pykj/index.php/Home/Index/dengji.html
INFO: [ app_init ] --START--
INFO: Run Behavior\BuildLiteBehavior [ RunTime:0.000057s ]
INFO: [ app_init ] --END-- [ RunTime:0.000883s ]

[ 2017-01-04T17:52:07+08:00 ] ::1 /TP3.2.3pykj/index.php/Home/Index/dengji.html
INFO: [ app_init ] --START--
INFO: Run Behavior\BuildLiteBehavior [ RunTime:0.000034s ]
INFO: [ app_init ] --END-- [ RunTime:0.000652s ]

[ 2017-01-04T17:56:25+08:00 ] ::1 /TP3.2.3pykj/index.php/Home/Index/dengji.html
INFO: [ app_init ] --START--
INFO: Run Behavior\BuildLiteBehavior [ RunTime:0.000029s ]
INFO: [ app_init ] --END-- [ RunTime:0.000582s ]

[ 2017-01-04T17:56:29+08:00 ] ::1 /TP3.2.3pykj/index.php/Home/Index/dengji.html
INFO: [ app_init ] --START--
INFO: Run Behavior\BuildLiteBehavior [ RunTime:0.000034s ]
INFO: [ app_init ] --END-- [ RunTime:0.000629s ]

[ 2017-01-04T17:57:28+08:00 ] ::1 /TP3.2.3pykj/index.php/Home/Index/dengji.html
INFO: [ app_init ] --START--
INFO: Run Behavior\BuildLiteBehavior [ RunTime:0.000040s ]
INFO: [ app_init ] --END-- [ RunTime:0.001050s ]

[ 2017-01-04T17:57:31+08:00 ] ::1 /TP3.2.3pykj/index.php/Home/Index/dengji.html
INFO: [ app_init ] --START--
INFO: Run Behavior\BuildLiteBehavior [ RunTime:0.000042s ]
INFO: [ app_init ] --END-- [ RunTime:0.001079s ]

[ 2017-01-04T17:57:31+08:00 ] ::1 /TP3.2.3pykj/index.php/Home/Index/dengji.html
INFO: [ app_init ] --START--
INFO: Run Behavior\BuildLiteBehavior [ RunTime:0.000031s ]
INFO: [ app_init ] --END-- [ RunTime:0.000629s ]

[ 2017-01-04T17:57:32+08:00 ] ::1 /TP3.2.3pykj/index.php/Home/Index/dengji.html
INFO: [ app_init ] --START--
INFO: Run Behavior\BuildLiteBehavior [ RunTime:0.000061s ]
INFO: [ app_init ] --END-- [ RunTime:0.001066s ]

[ 2017-01-04T17:57:32+08:00 ] ::1 /TP3.2.3pykj/index.php/Home/Index/dengji.html
INFO: [ app_init ] --START--
INFO: Run Behavior\BuildLiteBehavior [ RunTime:0.000056s ]
INFO: [ app_init ] --END-- [ RunTime:0.001001s ]

[ 2017-01-04T17:57:33+08:00 ] ::1 /TP3.2.3pykj/index.php/Home/Index/dengji.html
INFO: [ app_init ] --START--
INFO: Run Behavior\BuildLiteBehavior [ RunTime:0.000058s ]
INFO: [ app_init ] --END-- [ RunTime:0.000905s ]

[ 2017-01-04T17:57:33+08:00 ] ::1 /TP3.2.3pykj/index.php/Home/Index/dengji.html
INFO: [ app_init ] --START--
INFO: Run Behavior\BuildLiteBehavior [ RunTime:0.000063s ]
INFO: [ app_init ] --END-- [ RunTime:0.000977s ]

[ 2017-01-04T17:57:33+08:00 ] ::1 /TP3.2.3pykj/index.php/Home/Index/dengji.html
INFO: [ app_init ] --START--
INFO: Run Behavior\BuildLiteBehavior [ RunTime:0.000063s ]
INFO: [ app_init ] --END-- [ RunTime:0.000925s ]

[ 2017-01-04T17:57:33+08:00 ] ::1 /TP3.2.3pykj/index.php/Home/Index/dengji.html
INFO: [ app_init ] --START--
INFO: Run Behavior\BuildLiteBehavior [ RunTime:0.000034s ]
INFO: [ app_init ] --END-- [ RunTime:0.000557s ]

[ 2017-01-04T17:57:34+08:00 ] ::1 /TP3.2.3pykj/index.php/Home/Index/dengji.html
INFO: [ app_init ] --START--
INFO: Run Behavior\BuildLiteBehavior [ RunTime:0.000127s ]
INFO: [ app_init ] --END-- [ RunTime:0.001236s ]

[ 2017-01-04T17:57:43+08:00 ] ::1 /TP3.2.3pykj/index.php/Home/Index/dengji
INFO: [ app_init ] --START--
INFO: Run Behavior\BuildLiteBehavior [ RunTime:0.000032s ]
INFO: [ app_init ] --END-- [ RunTime:0.000573s ]

[ 2017-01-04T17:57:47+08:00 ] ::1 /TP3.2.3pykj/index.php/Home/Index/dengji
INFO: [ app_init ] --START--
INFO: Run Behavior\BuildLiteBehavior [ RunTime:0.000068s ]
INFO: [ app_init ] --END-- [ RunTime:0.000852s ]

[ 2017-01-04T17:57:48+08:00 ] ::1 /TP3.2.3pykj/index.php/Home/Index/dengji
INFO: [ app_init ] --START--
INFO: Run Behavior\BuildLiteBehavior [ RunTime:0.000060s ]
INFO: [ app_init ] --END-- [ RunTime:0.000938s ]

[ 2017-01-04T17:57:48+08:00 ] ::1 /TP3.2.3pykj/index.php/Home/Index/dengji
INFO: [ app_init ] --START--
INFO: Run Behavior\BuildLiteBehavior [ RunTime:0.000061s ]
INFO: [ app_init ] --END-- [ RunTime:0.001051s ]

[ 2017-01-04T17:57:48+08:00 ] ::1 /TP3.2.3pykj/index.php/Home/Index/dengji
INFO: [ app_init ] --START--
INFO: Run Behavior\BuildLiteBehavior [ RunTime:0.000064s ]
INFO: [ app_init ] --END-- [ RunTime:0.000946s ]

[ 2017-01-04T17:57:49+08:00 ] ::1 /TP3.2.3pykj/index.php/Home/Index/dengji
INFO: [ app_init ] --START--
INFO: Run Behavior\BuildLiteBehavior [ RunTime:0.000054s ]
INFO: [ app_init ] --END-- [ RunTime:0.000841s ]

[ 2017-01-04T17:58:10+08:00 ] ::1 /TP3.2.3pykj/index.php/Home/Index/dengji
INFO: [ app_init ] --START--
INFO: Run Behavior\BuildLiteBehavior [ RunTime:0.000048s ]
INFO: [ app_init ] --END-- [ RunTime:0.000637s ]

[ 2017-01-04T17:58:17+08:00 ] ::1 /TP3.2.3pykj/index.php/Home/Index/home.html
INFO: [ app_init ] --START--
INFO: Run Behavior\BuildLiteBehavior [ RunTime:0.000034s ]
INFO: [ app_init ] --END-- [ RunTime:0.000719s ]

[ 2017-01-04T17:58:31+08:00 ] ::1 /TP3.2.3pykj/index.php/Home/Index/dengji.html
INFO: [ app_init ] --START--
INFO: Run Behavior\BuildLiteBehavior [ RunTime:0.000029s ]
INFO: [ app_init ] --END-- [ RunTime:0.000508s ]

[ 2017-01-04T17:58:35+08:00 ] ::1 /TP3.2.3pykj/index.php/Home/Index/home.html
INFO: [ app_init ] --START--
INFO: Run Behavior\BuildLiteBehavior [ RunTime:0.000030s ]
INFO: [ app_init ] --END-- [ RunTime:0.000542s ]

[ 2017-01-04T17:58:39+08:00 ] ::1 /TP3.2.3pykj/index.php/Home/Index/home.html
INFO: [ app_init ] --START--
INFO: Run Behavior\BuildLiteBehavior [ RunTime:0.000034s ]
INFO: [ app_init ] --END-- [ RunTime:0.000668s ]

[ 2017-01-04T17:58:41+08:00 ] ::1 /TP3.2.3pykj/index.php/Home/Index/dengji.html
INFO: [ app_init ] --START--
INFO: Run Behavior\BuildLiteBehavior [ RunTime:0.000041s ]
INFO: [ app_init ] --END-- [ RunTime:0.000771s ]

[ 2017-01-04T17:59:05+08:00 ] ::1 /TP3.2.3pykj/index.php/Home/Index/dengji.html
INFO: [ app_init ] --START--
INFO: Run Behavior\BuildLiteBehavior [ RunTime:0.000035s ]
INFO: [ app_init ] --END-- [ RunTime:0.000725s ]

[ 2017-01-04T18:00:16+08:00 ] ::1 /TP3.2.3pykj/index.php/Home/Index/dengji.html
INFO: [ app_init ] --START--
INFO: Run Behavior\BuildLiteBehavior [ RunTime:0.000032s ]
INFO: [ app_init ] --END-- [ RunTime:0.000668s ]

[ 2017-01-04T18:04:07+08:00 ] ::1 /TP3.2.3pykj/index.php/Home/Index/dengji.html
INFO: [ app_init ] --START--
INFO: Run Behavior\BuildLiteBehavior [ RunTime:0.000035s ]
INFO: [ app_init ] --END-- [ RunTime:0.000672s ]

[ 2017-01-04T18:04:59+08:00 ] ::1 /TP3.2.3pykj/index.php/Home/Index/dengji.html
INFO: [ app_init ] --START--
INFO: Run Behavior\BuildLiteBehavior [ RunTime:0.000062s ]
INFO: [ app_init ] --END-- [ RunTime:0.000876s ]

[ 2017-01-04T18:05:45+08:00 ] ::1 /TP3.2.3pykj/index.php/Home/Index/dengji.html
INFO: [ app_init ] --START--
INFO: Run Behavior\BuildLiteBehavior [ RunTime:0.000031s ]
INFO: [ app_init ] --END-- [ RunTime:0.000628s ]

[ 2017-01-04T18:06:01+08:00 ] ::1 /TP3.2.3pykj/index.php/Home/Index/dengji.html
INFO: [ app_init ] --START--
INFO: Run Behavior\BuildLiteBehavior [ RunTime:0.000042s ]
INFO: [ app_init ] --END-- [ RunTime:0.000877s ]

[ 2017-01-04T18:06:59+08:00 ] ::1 /TP3.2.3pykj/index.php/Home/Index/dengji.html
INFO: [ app_init ] --START--
INFO: Run Behavior\BuildLiteBehavior [ RunTime:0.000034s ]
INFO: [ app_init ] --END-- [ RunTime:0.000681s ]

[ 2017-01-04T18:07:41+08:00 ] ::1 /TP3.2.3pykj/index.php/Home/Index/dengji.html
INFO: [ app_init ] --START--
INFO: Run Behavior\BuildLiteBehavior [ RunTime:0.000048s ]
INFO: [ app_init ] --END-- [ RunTime:0.000642s ]

[ 2017-01-04T18:08:06+08:00 ] ::1 /TP3.2.3pykj/index.php/Home/Index/dengji.html
INFO: [ app_init ] --START--
INFO: Run Behavior\BuildLiteBehavior [ RunTime:0.000038s ]
INFO: [ app_init ] --END-- [ RunTime:0.000785s ]

[ 2017-01-04T18:09:27+08:00 ] ::1 /TP3.2.3pykj/index.php/Home/Index/dengji.html
INFO: [ app_init ] --START--
INFO: Run Behavior\BuildLiteBehavior [ RunTime:0.000034s ]
INFO: [ app_init ] --END-- [ RunTime:0.000653s ]

[ 2017-01-04T18:10:38+08:00 ] ::1 /TP3.2.3pykj/index.php/Home/Index/dengji.html
INFO: [ app_init ] --START--
INFO: Run Behavior\BuildLiteBehavior [ RunTime:0.000033s ]
INFO: [ app_init ] --END-- [ RunTime:0.000649s ]

[ 2017-01-04T18:10:49+08:00 ] ::1 /TP3.2.3pykj/index.php/Home/Index/dengji.html
INFO: [ app_init ] --START--
INFO: Run Behavior\BuildLiteBehavior [ RunTime:0.000035s ]
INFO: [ app_init ] --END-- [ RunTime:0.000676s ]

[ 2017-01-04T18:11:02+08:00 ] ::1 /TP3.2.3pykj/index.php/Home/Index/dengji.html
INFO: [ app_init ] --START--
INFO: Run Behavior\BuildLiteBehavior [ RunTime:0.000046s ]
INFO: [ app_init ] --END-- [ RunTime:0.000990s ]

[ 2017-01-04T18:11:45+08:00 ] ::1 /TP3.2.3pykj/index.php/Home/Index/dengji.html
INFO: [ app_init ] --START--
INFO: Run Behavior\BuildLiteBehavior [ RunTime:0.000035s ]
INFO: [ app_init ] --END-- [ RunTime:0.000920s ]

[ 2017-01-04T18:13:39+08:00 ] ::1 /TP3.2.3pykj/index.php/Home/Index/home.html
INFO: [ app_init ] --START--
INFO: Run Behavior\BuildLiteBehavior [ RunTime:0.000035s ]
INFO: [ app_init ] --END-- [ RunTime:0.000680s ]

[ 2017-01-04T18:13:48+08:00 ] ::1 /TP3.2.3pykj/index.php/Home/Index/dengji.html
INFO: [ app_init ] --START--
INFO: Run Behavior\BuildLiteBehavior [ RunTime:0.000035s ]
INFO: [ app_init ] --END-- [ RunTime:0.000672s ]

[ 2017-01-04T18:22:24+08:00 ] ::1 /TP3.2.3pykj/index.php/Home/Index/dengji.html
INFO: [ app_init ] --START--
INFO: Run Behavior\BuildLiteBehavior [ RunTime:0.000036s ]
INFO: [ app_init ] --END-- [ RunTime:0.000696s ]

[ 2017-01-04T18:23:25+08:00 ] ::1 /TP3.2.3pykj/index.php/Home/Index/dengji.html
INFO: [ app_init ] --START--
INFO: Run Behavior\BuildLiteBehavior [ RunTime:0.000035s ]
INFO: [ app_init ] --END-- [ RunTime:0.000688s ]

[ 2017-01-04T18:31:14+08:00 ] ::1 /TP3.2.3pykj/index.php/Home/Index/dengji.html
INFO: [ app_init ] --START--
INFO: Run Behavior\BuildLiteBehavior [ RunTime:0.000034s ]
INFO: [ app_init ] --END-- [ RunTime:0.000687s ]

[ 2017-01-04T18:32:26+08:00 ] ::1 /TP3.2.3pykj/index.php/Home/Index/dengji.html
INFO: [ app_init ] --START--
INFO: Run Behavior\BuildLiteBehavior [ RunTime:0.000037s ]
INFO: [ app_init ] --END-- [ RunTime:0.000773s ]

[ 2017-01-04T18:33:51+08:00 ] ::1 /TP3.2.3pykj/index.php/Home/Index/dengji.html
INFO: [ app_init ] --START--
INFO: Run Behavior\BuildLiteBehavior [ RunTime:0.000036s ]
INFO: [ app_init ] --END-- [ RunTime:0.000713s ]

[ 2017-01-04T18:34:56+08:00 ] ::1 /TP3.2.3pykj/index.php/Home/Index/dengji.html
INFO: [ app_init ] --START--
INFO: Run Behavior\BuildLiteBehavior [ RunTime:0.000040s ]
INFO: [ app_init ] --END-- [ RunTime:0.000825s ]

[ 2017-01-04T18:35:25+08:00 ] ::1 /TP3.2.3pykj/index.php/Home/Index/dengji.html
INFO: [ app_init ] --START--
INFO: Run Behavior\BuildLiteBehavior [ RunTime:0.000062s ]
INFO: [ app_init ] --END-- [ RunTime:0.001045s ]

[ 2017-01-04T18:35:44+08:00 ] ::1 /TP3.2.3pykj/index.php/Home/Index/dengji.html
INFO: [ app_init ] --START--
INFO: Run Behavior\BuildLiteBehavior [ RunTime:0.000032s ]
INFO: [ app_init ] --END-- [ RunTime:0.000597s ]

[ 2017-01-04T18:36:04+08:00 ] ::1 /TP3.2.3pykj/index.php/Home/Index/dengji.html
INFO: [ app_init ] --START--
INFO: Run Behavior\BuildLiteBehavior [ RunTime:0.000042s ]
INFO: [ app_init ] --END-- [ RunTime:0.000920s ]

[ 2017-01-04T18:36:35+08:00 ] ::1 /TP3.2.3pykj/index.php/Home/Index/dengji.html
INFO: [ app_init ] --START--
INFO: Run Behavior\BuildLiteBehavior [ RunTime:0.000046s ]
INFO: [ app_init ] --END-- [ RunTime:0.000816s ]

[ 2017-01-04T18:38:09+08:00 ] ::1 /TP3.2.3pykj/index.php/Home/Index/dengji.html
INFO: [ app_init ] --START--
INFO: Run Behavior\BuildLiteBehavior [ RunTime:0.000035s ]
INFO: [ app_init ] --END-- [ RunTime:0.001002s ]

[ 2017-01-04T18:38:45+08:00 ] ::1 /TP3.2.3pykj/index.php/Home/Index/dengji.html
INFO: [ app_init ] --START--
INFO: Run Behavior\BuildLiteBehavior [ RunTime:0.000041s ]
INFO: [ app_init ] --END-- [ RunTime:0.001177s ]

[ 2017-01-04T18:39:37+08:00 ] ::1 /TP3.2.3pykj/index.php/Home/Index/dengji.html
INFO: [ app_init ] --START--
INFO: Run Behavior\BuildLiteBehavior [ RunTime:0.000033s ]
INFO: [ app_init ] --END-- [ RunTime:0.000650s ]

[ 2017-01-04T18:39:44+08:00 ] ::1 /TP3.2.3pykj/index.php/Home/Index/dengji.html
INFO: [ app_init ] --START--
INFO: Run Behavior\BuildLiteBehavior [ RunTime:0.000055s ]
INFO: [ app_init ] --END-- [ RunTime:0.000779s ]

[ 2017-01-04T18:39:49+08:00 ] ::1 /TP3.2.3pykj/index.php/Home/Index/dengji.html
INFO: [ app_init ] --START--
INFO: Run Behavior\BuildLiteBehavior [ RunTime:0.000040s ]
INFO: [ app_init ] --END-- [ RunTime:0.000849s ]

